#
# There is insufficient memory for the Java Runtime Environment to continue.
# Native memory allocation (mmap) failed to map 63438848 bytes for committing reserved memory.
# Possible reasons:
#   The system is out of physical RAM or swap space
#   In 32 bit mode, the process size limit was hit
# Possible solutions:
#   Reduce memory load on the system
#   Increase physical memory or swap space
#   Check if swap backing store is full
#   Use 64 bit Java on a 64 bit OS
#   Decrease Java heap size (-Xmx/-Xms)
#   Decrease number of Java threads
#   Decrease Java thread stack sizes (-Xss)
#   Set larger code cache with -XX:ReservedCodeCacheSize=
# This output file may be truncated or incomplete.
#
#  Out of Memory Error (os_linux.cpp:2743), pid=5695, tid=0x00007feb20bfb700
#
# JRE version: Java(TM) SE Runtime Environment (8.0_191-b12) (build 1.8.0_191-b12)
# Java VM: Java HotSpot(TM) 64-Bit Server VM (25.191-b12 mixed mode linux-amd64 compressed oops)
# Failed to write core dump. Core dumps have been disabled. To enable core dumping, try "ulimit -c unlimited" before starting Java again
#

---------------  T H R E A D  ---------------

Current thread (0x00007feb30148800):  VMThread [stack: 0x00007feb20afc000,0x00007feb20bfc000] [id=5709]

Stack: [0x00007feb20afc000,0x00007feb20bfc000],  sp=0x00007feb20bfa430,  free space=1017k
Native frames: (J=compiled Java code, j=interpreted, Vv=VM code, C=native code)
V  [libjvm.so+0xace425]  VMError::report_and_die()+0x2c5
V  [libjvm.so+0x4deb77]  report_vm_out_of_memory(char const*, int, unsigned long, VMErrorType, char const*)+0x67
V  [libjvm.so+0x90c570]  os::pd_commit_memory(char*, unsigned long, unsigned long, bool)+0x100
V  [libjvm.so+0x903eaf]  os::commit_memory(char*, unsigned long, unsigned long, bool)+0x1f
V  [libjvm.so+0x988346]  PSVirtualSpace::expand_by(unsigned long)+0x56
V  [libjvm.so+0x9895d8]  PSYoungGen::resize(unsigned long, unsigned long)+0xd8
V  [libjvm.so+0x985d66]  PSScavenge::invoke_no_policy()+0x1356
V  [libjvm.so+0x98610c]  PSScavenge::invoke()+0x4c
V  [libjvm.so+0x935fb8]  ParallelScavengeHeap::failed_mem_allocate(unsigned long)+0x68
V  [libjvm.so+0xacff53]  VM_ParallelGCFailedAllocation::doit()+0x93
V  [libjvm.so+0xad50f6]  VM_Operation::evaluate()+0x46
V  [libjvm.so+0xad347d]  VMThread::evaluate_operation(VM_Operation*) [clone .constprop.44]+0xcd
V  [libjvm.so+0xad3a3b]  VMThread::loop()+0x37b
V  [libjvm.so+0xad3de8]  VMThread::run()+0x78
V  [libjvm.so+0x909c92]  java_start(Thread*)+0x102

VM_Operation (0x00007feab0588410): ParallelGCFailedAllocation, mode: safepoint, requested by thread 0x00007feac0fd6800


---------------  P R O C E S S  ---------------

Java Threads: ( => current thread )
  0x00007feac0b35800 JavaThread "http-nio-8761-Acceptor-0" daemon [_thread_in_native, id=5864, stack(0x00007feab0186000,0x00007feab0287000)]
  0x00007feac0b32000 JavaThread "http-nio-8761-ClientPoller-1" daemon [_thread_blocked, id=5863, stack(0x00007fea9b3f4000,0x00007fea9b4f5000)]
  0x00007feac0b30800 JavaThread "http-nio-8761-ClientPoller-0" daemon [_thread_blocked, id=5862, stack(0x00007fea9b4f5000,0x00007fea9b5f6000)]
  0x00007feac0b2e800 JavaThread "http-nio-8761-exec-10" daemon [_thread_blocked, id=5861, stack(0x00007fea9b5f6000,0x00007fea9b6f7000)]
  0x00007feac0b1c000 JavaThread "http-nio-8761-exec-9" daemon [_thread_blocked, id=5860, stack(0x00007fea9b6f7000,0x00007fea9b7f8000)]
  0x00007feac0b1a000 JavaThread "http-nio-8761-exec-8" daemon [_thread_blocked, id=5859, stack(0x00007fea9b7f8000,0x00007fea9b8f9000)]
  0x00007feac0b18000 JavaThread "http-nio-8761-exec-7" daemon [_thread_blocked, id=5858, stack(0x00007fea9b8f9000,0x00007fea9b9fa000)]
  0x00007feac0b16000 JavaThread "http-nio-8761-exec-6" daemon [_thread_blocked, id=5857, stack(0x00007fea9b9fa000,0x00007fea9bafb000)]
  0x00007feac0da5800 JavaThread "http-nio-8761-exec-5" daemon [_thread_blocked, id=5856, stack(0x00007fea9bafb000,0x00007fea9bbfc000)]
  0x00007feac0da4000 JavaThread "http-nio-8761-exec-4" daemon [_thread_blocked, id=5855, stack(0x00007fea9bbfc000,0x00007fea9bcfd000)]
  0x00007feac0da2000 JavaThread "http-nio-8761-exec-3" daemon [_thread_blocked, id=5854, stack(0x00007fea9bcfd000,0x00007fea9bdfe000)]
  0x00007feac0da0000 JavaThread "http-nio-8761-exec-2" daemon [_thread_blocked, id=5853, stack(0x00007fea9bdfe000,0x00007fea9beff000)]
  0x00007feac0fef000 JavaThread "http-nio-8761-exec-1" daemon [_thread_blocked, id=5852, stack(0x00007fea9beff000,0x00007fea9c000000)]
  0x00007feac0fec800 JavaThread "NioBlockingSelector.BlockPoller-1" daemon [_thread_blocked, id=5851, stack(0x00007feab0085000,0x00007feab0186000)]
  0x00007feac0fda000 JavaThread "Eureka-CacheFillTimer" daemon [_thread_blocked, id=5841, stack(0x00007feab0287000,0x00007feab0388000)]
  0x00007feac0fd8000 JavaThread "Eureka-PeerNodesUpdater" daemon [_thread_blocked, id=5840, stack(0x00007feab0388000,0x00007feab0489000)]
  0x00007feac0fd6800 JavaThread "TaskNonBatchingWorker-localhost-0" daemon [_thread_blocked, id=5839, stack(0x00007feab0489000,0x00007feab058a000)]
  0x00007feac0fd4000 JavaThread "TaskAcceptor-localhost" daemon [_thread_blocked, id=5838, stack(0x00007feab058a000,0x00007feab068b000)]
  0x00007feac0fd1800 JavaThread "TaskBatchingWorker-target_localhost-19" daemon [_thread_blocked, id=5837, stack(0x00007feab068b000,0x00007feab078c000)]
  0x00007feac0fd0000 JavaThread "TaskBatchingWorker-target_localhost-18" daemon [_thread_blocked, id=5836, stack(0x00007feab078c000,0x00007feab088d000)]
  0x00007feac0fce000 JavaThread "TaskBatchingWorker-target_localhost-17" daemon [_thread_blocked, id=5835, stack(0x00007feab088d000,0x00007feab098e000)]
  0x00007feac0fcc000 JavaThread "TaskBatchingWorker-target_localhost-16" daemon [_thread_blocked, id=5834, stack(0x00007feab098e000,0x00007feab0a8f000)]
  0x00007feac0fca000 JavaThread "TaskBatchingWorker-target_localhost-15" daemon [_thread_blocked, id=5833, stack(0x00007feab0a8f000,0x00007feab0b90000)]
  0x00007feac0fc8000 JavaThread "TaskBatchingWorker-target_localhost-14" daemon [_thread_blocked, id=5832, stack(0x00007feab0b90000,0x00007feab0c91000)]
  0x00007feac0fc6000 JavaThread "TaskBatchingWorker-target_localhost-13" daemon [_thread_blocked, id=5831, stack(0x00007feab0c91000,0x00007feab0d92000)]
  0x00007feac0fc4000 JavaThread "TaskBatchingWorker-target_localhost-12" daemon [_thread_blocked, id=5830, stack(0x00007feab0d92000,0x00007feab0e93000)]
  0x00007feac0fc2000 JavaThread "TaskBatchingWorker-target_localhost-11" daemon [_thread_blocked, id=5829, stack(0x00007feab0e93000,0x00007feab0f94000)]
  0x00007feac0fc0000 JavaThread "TaskBatchingWorker-target_localhost-10" daemon [_thread_blocked, id=5828, stack(0x00007feab0f94000,0x00007feab1095000)]
  0x00007feac0fbe000 JavaThread "TaskBatchingWorker-target_localhost-9" daemon [_thread_blocked, id=5827, stack(0x00007feab1095000,0x00007feab1196000)]
  0x00007feac0fbc000 JavaThread "TaskBatchingWorker-target_localhost-8" daemon [_thread_blocked, id=5826, stack(0x00007feab1196000,0x00007feab1297000)]
  0x00007feac0fba800 JavaThread "TaskBatchingWorker-target_localhost-7" daemon [_thread_blocked, id=5825, stack(0x00007feab1297000,0x00007feab1398000)]
  0x00007feac0fb8800 JavaThread "TaskBatchingWorker-target_localhost-6" daemon [_thread_blocked, id=5824, stack(0x00007feab1398000,0x00007feab1499000)]
  0x00007feac0fb6800 JavaThread "TaskBatchingWorker-target_localhost-5" daemon [_thread_blocked, id=5823, stack(0x00007feab1499000,0x00007feab159a000)]
  0x00007feac0fb4800 JavaThread "TaskBatchingWorker-target_localhost-4" daemon [_thread_blocked, id=5822, stack(0x00007feab159a000,0x00007feab169b000)]
  0x00007feac0fb2800 JavaThread "TaskBatchingWorker-target_localhost-3" daemon [_thread_blocked, id=5821, stack(0x00007feab169b000,0x00007feab179c000)]
  0x00007feac0fb0800 JavaThread "TaskBatchingWorker-target_localhost-2" daemon [_thread_blocked, id=5820, stack(0x00007feab179c000,0x00007feab189d000)]
  0x00007feac0fae800 JavaThread "TaskBatchingWorker-target_localhost-1" daemon [_thread_blocked, id=5819, stack(0x00007feab189d000,0x00007feab199e000)]
  0x00007feac0fab000 JavaThread "TaskBatchingWorker-target_localhost-0" daemon [_thread_blocked, id=5818, stack(0x00007feab199e000,0x00007feab1a9f000)]
  0x00007feac0fa6000 JavaThread "StatsMonitor-0" daemon [_thread_blocked, id=5817, stack(0x00007feab1a9f000,0x00007feab1ba0000)]
  0x00007feac0f9e800 JavaThread "TaskAcceptor-target_localhost" daemon [_thread_blocked, id=5816, stack(0x00007feab1ba0000,0x00007feab1ca1000)]
  0x00007feac0f95800 JavaThread "Eureka-JerseyClient-Conn-Cleaner2" daemon [_thread_blocked, id=5815, stack(0x00007feab22f7000,0x00007feab23f8000)]
  0x00007feac0f0a000 JavaThread "Eureka-MeasureRateTimer" daemon [_thread_blocked, id=5808, stack(0x00007feab23f8000,0x00007feab24f9000)]
  0x00007feac0f08800 JavaThread "ReplicaAwareInstanceRegistry - RenewalThresholdUpdater" daemon [_thread_blocked, id=5807, stack(0x00007feab24f9000,0x00007feab25fa000)]
  0x00007feac0f06800 JavaThread "Eureka-MeasureRateTimer" daemon [_thread_blocked, id=5806, stack(0x00007feab25fa000,0x00007feab26fb000)]
  0x00007feac0f05000 JavaThread "Eureka-EvictionTimer" daemon [_thread_blocked, id=5805, stack(0x00007feab27fc000,0x00007feab28fd000)]
  0x00007feac0f04800 JavaThread "Eureka-DeltaRetentionTimer" daemon [_thread_blocked, id=5804, stack(0x00007feab28fd000,0x00007feab29fe000)]
  0x00007feac0e8c800 JavaThread "Live Reload Server" daemon [_thread_in_native, id=5798, stack(0x00007feab26fb000,0x00007feab27fc000)]
  0x00007feac0e88800 JavaThread "File Watcher" daemon [_thread_blocked, id=5795, stack(0x00007feab2dfe000,0x00007feab2eff000)]
  0x00007feac0d64800 JavaThread "container-0" [_thread_blocked, id=5788, stack(0x00007feab2eff000,0x00007feab3000000)]
  0x00007feab800a000 JavaThread "Catalina-utility-2" [_thread_blocked, id=5787, stack(0x00007feaf4043000,0x00007feaf4144000)]
  0x00007feac0d54800 JavaThread "Catalina-utility-1" [_thread_blocked, id=5786, stack(0x00007feb1024c000,0x00007feb1034d000)]
  0x00007feac0bf5000 JavaThread "spring.cloud.inetutils" daemon [_thread_blocked, id=5779, stack(0x00007feb1034d000,0x00007feb1044e000)]
  0x00007feabc003800 JavaThread "restartedMain" [_thread_blocked, id=5746, stack(0x00007feb1044e000,0x00007feb1054f000)]
  0x00007feb309a2000 JavaThread "Thread-2" [_thread_blocked, id=5745, stack(0x00007feb1074f000,0x00007feb10850000)]
  0x00007feadc001000 JavaThread "RMI TCP Connection(2)-127.0.0.1" daemon [_thread_in_native, id=5739, stack(0x00007feb10850000,0x00007feb10951000)]
  0x00007fead0009800 JavaThread "RMI Scheduler(0)" daemon [_thread_blocked, id=5737, stack(0x00007feb10951000,0x00007feb10a52000)]
  0x00007feae0001800 JavaThread "RMI TCP Connection(1)-127.0.0.1" daemon [_thread_blocked, id=5736, stack(0x00007feb10a52000,0x00007feb10b53000)]
  0x00007feaf8001000 JavaThread "Attach Listener" daemon [_thread_blocked, id=5735, stack(0x00007feb10b53000,0x00007feb10c54000)]
  0x00007feb30814800 JavaThread "RMI TCP Accept-0" daemon [_thread_in_native, id=5733, stack(0x00007feb10d55000,0x00007feb10e56000)]
  0x00007feb30808000 JavaThread "RMI TCP Accept-34457" daemon [_thread_in_native, id=5732, stack(0x00007feb10e56000,0x00007feb10f57000)]
  0x00007feb307f3800 JavaThread "RMI TCP Accept-0" daemon [_thread_in_native, id=5731, stack(0x00007feb10f57000,0x00007feb11058000)]
  0x00007feb30738000 JavaThread "Service Thread" daemon [_thread_blocked, id=5726, stack(0x00007feb11474000,0x00007feb11575000)]
  0x00007feb30732800 JavaThread "C1 CompilerThread2" daemon [_thread_blocked, id=5725, stack(0x00007feb2005e000,0x00007feb2015e000)]
  0x00007feb30730800 JavaThread "C2 CompilerThread1" daemon [_thread_blocked, id=5724, stack(0x00007feb2015f000,0x00007feb2025f000)]
  0x00007feb3072e800 JavaThread "C2 CompilerThread0" daemon [_thread_blocked, id=5723, stack(0x00007feb20260000,0x00007feb20360000)]
  0x00007feb3072c800 JavaThread "Monitor Ctrl-Break" daemon [_thread_in_native, id=5722, stack(0x00007feb20360000,0x00007feb20461000)]
  0x00007feb30189000 JavaThread "Signal Dispatcher" daemon [_thread_blocked, id=5721, stack(0x00007feb207f8000,0x00007feb208f9000)]
  0x00007feb30154800 JavaThread "Finalizer" daemon [_thread_blocked, id=5713, stack(0x00007feb208f9000,0x00007feb209fa000)]
  0x00007feb30152000 JavaThread "Reference Handler" daemon [_thread_blocked, id=5711, stack(0x00007feb209fa000,0x00007feb20afb000)]
  0x00007feb30013800 JavaThread "main" [_thread_blocked, id=5697, stack(0x00007feb393ca000,0x00007feb394ca000)]

Other Threads:
=>0x00007feb30148800 VMThread [stack: 0x00007feb20afc000,0x00007feb20bfc000] [id=5709]
  0x00007feb30817000 WatcherThread [stack: 0x00007feb10c55000,0x00007feb10d55000] [id=5734]

VM state:at safepoint (normal execution)

VM Mutex/Monitor currently owned by a thread:  ([mutex/lock_event])
[0x00007feb30008620] Threads_lock - owner thread: 0x00007feb30148800
[0x00007feb30008b20] Heap_lock - owner thread: 0x00007feac0fd6800

Heap:
 PSYoungGen      total 201216K, used 12786K [0x00000000ec980000, 0x00000000f9c80000, 0x0000000100000000)
  eden space 188416K, 0% used [0x00000000ec980000,0x00000000ec980000,0x00000000f8180000)
  from space 12800K, 99% used [0x00000000f8380000,0x00000000f8ffcaf0,0x00000000f9000000)
  to   space 9216K, 0% used [0x00000000f9380000,0x00000000f9380000,0x00000000f9c80000)
 ParOldGen       total 56320K, used 23542K [0x00000000c5c00000, 0x00000000c9300000, 0x00000000ec980000)
  object space 56320K, 41% used [0x00000000c5c00000,0x00000000c72fdae8,0x00000000c9300000)
 Metaspace       used 47042K, capacity 49498K, committed 49792K, reserved 1091584K
  class space    used 6541K, capacity 6988K, committed 7040K, reserved 1048576K

Card table byte_map: [0x00007feb35cd7000,0x00007feb35eaa000] byte_map_base: 0x00007feb356a9000

Marking Bits: (ParMarkBitMap*) 0x00007feb3887dd40
 Begin Bits: [0x00007feb122e0000, 0x00007feb13170000)
 End Bits:   [0x00007feb13170000, 0x00007feb14000000)

Polling page: 0x00007feb394e8000

CodeCache: size=245760Kb used=9716Kb max_used=9720Kb free=236043Kb
 bounds [0x00007feb21000000, 0x00007feb21980000, 0x00007feb30000000]
 total_blobs=5294 nmethods=4813 adapters=393
 compilation: enabled

Compilation events (10 events):
Event: 20,162 Thread 0x00007feb30732800 nmethod 4867 0x00007feb211bb750 code [0x00007feb211bb8c0, 0x00007feb211bba28]
Event: 20,162 Thread 0x00007feb30732800 4868       1       com.netflix.eureka.util.batcher.AcceptorExecutor$AcceptorRunner::drainReprocessQueue (184 bytes)
Event: 20,162 Thread 0x00007feb30732800 nmethod 4868 0x00007feb211bab10 code [0x00007feb211bad20, 0x00007feb211bb208]
Event: 20,162 Thread 0x00007feb30732800 4862       1       java.io.File::hashCode (8 bytes)
Event: 20,170 Thread 0x00007feb30732800 nmethod 4862 0x00007feb211ba790 code [0x00007feb211ba900, 0x00007feb211baa48]
Event: 20,211 Thread 0x00007feb30732800 4876       1       java.util.concurrent.locks.AbstractQueuedSynchronizer::acquireInterruptibly (28 bytes)
Event: 20,211 Thread 0x00007feb30732800 nmethod 4876 0x00007feb211ba290 code [0x00007feb211ba420, 0x00007feb211ba658]
Event: 20,211 Thread 0x00007feb30732800 4875       1       java.lang.Thread::checkAccess (14 bytes)
Event: 20,211 Thread 0x00007feb30732800 nmethod 4875 0x00007feb211b9d90 code [0x00007feb211b9f20, 0x00007feb211ba138]
Event: 20,350 Thread 0x00007feb30732800 4878       1       java.text.NumberFormat::isGroupingUsed (5 bytes)

GC Heap History (10 events):
Event: 5,850 GC heap after
Heap after GC invocations=10 (full 1):
 PSYoungGen      total 128000K, used 8160K [0x00000000ec980000, 0x00000000f6800000, 0x0000000100000000)
  eden space 119808K, 0% used [0x00000000ec980000,0x00000000ec980000,0x00000000f3e80000)
  from space 8192K, 99% used [0x00000000f3e80000,0x00000000f4678220,0x00000000f4680000)
  to   space 9216K, 0% used [0x00000000f5f00000,0x00000000f5f00000,0x00000000f6800000)
 ParOldGen       total 34816K, used 11155K [0x00000000c5c00000, 0x00000000c7e00000, 0x00000000ec980000)
  object space 34816K, 32% used [0x00000000c5c00000,0x00000000c66e4e00,0x00000000c7e00000)
 Metaspace       used 25904K, capacity 26936K, committed 27136K, reserved 1073152K
  class space    used 3483K, capacity 3728K, committed 3840K, reserved 1048576K
}
Event: 7,145 GC heap before
{Heap before GC invocations=11 (full 1):
 PSYoungGen      total 128000K, used 127968K [0x00000000ec980000, 0x00000000f6800000, 0x0000000100000000)
  eden space 119808K, 100% used [0x00000000ec980000,0x00000000f3e80000,0x00000000f3e80000)
  from space 8192K, 99% used [0x00000000f3e80000,0x00000000f4678220,0x00000000f4680000)
  to   space 9216K, 0% used [0x00000000f5f00000,0x00000000f5f00000,0x00000000f6800000)
 ParOldGen       total 34816K, used 11155K [0x00000000c5c00000, 0x00000000c7e00000, 0x00000000ec980000)
  object space 34816K, 32% used [0x00000000c5c00000,0x00000000c66e4e00,0x00000000c7e00000)
 Metaspace       used 32057K, capacity 33554K, committed 33920K, reserved 1079296K
  class space    used 4310K, capacity 4611K, committed 4736K, reserved 1048576K
Event: 7,171 GC heap after
Heap after GC invocations=11 (full 1):
 PSYoungGen      total 150016K, used 9184K [0x00000000ec980000, 0x00000000f8280000, 0x0000000100000000)
  eden space 140800K, 0% used [0x00000000ec980000,0x00000000ec980000,0x00000000f5300000)
  from space 9216K, 99% used [0x00000000f5f00000,0x00000000f67f8020,0x00000000f6800000)
  to   space 12288K, 0% used [0x00000000f5300000,0x00000000f5300000,0x00000000f5f00000)
 ParOldGen       total 34816K, used 16825K [0x00000000c5c00000, 0x00000000c7e00000, 0x00000000ec980000)
  object space 34816K, 48% used [0x00000000c5c00000,0x00000000c6c6e550,0x00000000c7e00000)
 Metaspace       used 32057K, capacity 33554K, committed 33920K, reserved 1079296K
  class space    used 4310K, capacity 4611K, committed 4736K, reserved 1048576K
}
Event: 7,505 GC heap before
{Heap before GC invocations=12 (full 1):
 PSYoungGen      total 150016K, used 83680K [0x00000000ec980000, 0x00000000f8280000, 0x0000000100000000)
  eden space 140800K, 52% used [0x00000000ec980000,0x00000000f1240390,0x00000000f5300000)
  from space 9216K, 99% used [0x00000000f5f00000,0x00000000f67f8020,0x00000000f6800000)
  to   space 12288K, 0% used [0x00000000f5300000,0x00000000f5300000,0x00000000f5f00000)
 ParOldGen       total 34816K, used 16825K [0x00000000c5c00000, 0x00000000c7e00000, 0x00000000ec980000)
  object space 34816K, 48% used [0x00000000c5c00000,0x00000000c6c6e550,0x00000000c7e00000)
 Metaspace       used 33686K, capacity 35306K, committed 35456K, reserved 1079296K
  class space    used 4528K, capacity 4869K, committed 4992K, reserved 1048576K
Event: 7,517 GC heap after
Heap after GC invocations=12 (full 1):
 PSYoungGen      total 153088K, used 5254K [0x00000000ec980000, 0x00000000f9f80000, 0x0000000100000000)
  eden space 140800K, 0% used [0x00000000ec980000,0x00000000ec980000,0x00000000f5300000)
  from space 12288K, 42% used [0x00000000f5300000,0x00000000f58219d8,0x00000000f5f00000)
  to   space 12288K, 0% used [0x00000000f9380000,0x00000000f9380000,0x00000000f9f80000)
 ParOldGen       total 34816K, used 25596K [0x00000000c5c00000, 0x00000000c7e00000, 0x00000000ec980000)
  object space 34816K, 73% used [0x00000000c5c00000,0x00000000c74ff0e0,0x00000000c7e00000)
 Metaspace       used 33686K, capacity 35306K, committed 35456K, reserved 1079296K
  class space    used 4528K, capacity 4869K, committed 4992K, reserved 1048576K
}
Event: 7,517 GC heap before
{Heap before GC invocations=13 (full 2):
 PSYoungGen      total 153088K, used 5254K [0x00000000ec980000, 0x00000000f9f80000, 0x0000000100000000)
  eden space 140800K, 0% used [0x00000000ec980000,0x00000000ec980000,0x00000000f5300000)
  from space 12288K, 42% used [0x00000000f5300000,0x00000000f58219d8,0x00000000f5f00000)
  to   space 12288K, 0% used [0x00000000f9380000,0x00000000f9380000,0x00000000f9f80000)
 ParOldGen       total 34816K, used 25596K [0x00000000c5c00000, 0x00000000c7e00000, 0x00000000ec980000)
  object space 34816K, 73% used [0x00000000c5c00000,0x00000000c74ff0e0,0x00000000c7e00000)
 Metaspace       used 33686K, capacity 35306K, committed 35456K, reserved 1079296K
  class space    used 4528K, capacity 4869K, committed 4992K, reserved 1048576K
Event: 7,607 GC heap after
Heap after GC invocations=13 (full 2):
 PSYoungGen      total 153088K, used 0K [0x00000000ec980000, 0x00000000f9f80000, 0x0000000100000000)
  eden space 140800K, 0% used [0x00000000ec980000,0x00000000ec980000,0x00000000f5300000)
  from space 12288K, 0% used [0x00000000f5300000,0x00000000f5300000,0x00000000f5f00000)
  to   space 12288K, 0% used [0x00000000f9380000,0x00000000f9380000,0x00000000f9f80000)
 ParOldGen       total 56320K, used 20466K [0x00000000c5c00000, 0x00000000c9300000, 0x00000000ec980000)
  object space 56320K, 36% used [0x00000000c5c00000,0x00000000c6ffca70,0x00000000c9300000)
 Metaspace       used 33686K, capacity 35306K, committed 35456K, reserved 1079296K
  class space    used 4528K, capacity 4869K, committed 4992K, reserved 1048576K
}
Event: 9,071 GC heap before
{Heap before GC invocations=14 (full 2):
 PSYoungGen      total 153088K, used 140800K [0x00000000ec980000, 0x00000000f9f80000, 0x0000000100000000)
  eden space 140800K, 100% used [0x00000000ec980000,0x00000000f5300000,0x00000000f5300000)
  from space 12288K, 0% used [0x00000000f5300000,0x00000000f5300000,0x00000000f5f00000)
  to   space 12288K, 0% used [0x00000000f9380000,0x00000000f9380000,0x00000000f9f80000)
 ParOldGen       total 56320K, used 20466K [0x00000000c5c00000, 0x00000000c9300000, 0x00000000ec980000)
  object space 56320K, 36% used [0x00000000c5c00000,0x00000000c6ffca70,0x00000000c9300000)
 Metaspace       used 38837K, capacity 40620K, committed 40832K, reserved 1085440K
  class space    used 5323K, capacity 5670K, committed 5760K, reserved 1048576K
Event: 9,109 GC heap after
Heap after GC invocations=14 (full 2):
 PSYoungGen      total 197632K, used 9003K [0x00000000ec980000, 0x00000000f9c80000, 0x0000000100000000)
  eden space 188416K, 0% used [0x00000000ec980000,0x00000000ec980000,0x00000000f8180000)
  from space 9216K, 97% used [0x00000000f9380000,0x00000000f9c4ac00,0x00000000f9c80000)
  to   space 12800K, 0% used [0x00000000f8380000,0x00000000f8380000,0x00000000f9000000)
 ParOldGen       total 56320K, used 20474K [0x00000000c5c00000, 0x00000000c9300000, 0x00000000ec980000)
  object space 56320K, 36% used [0x00000000c5c00000,0x00000000c6ffea70,0x00000000c9300000)
 Metaspace       used 38837K, capacity 40620K, committed 40832K, reserved 1085440K
  class space    used 5323K, capacity 5670K, committed 5760K, reserved 1048576K
}
Event: 20,394 GC heap before
{Heap before GC invocations=15 (full 2):
 PSYoungGen      total 197632K, used 197419K [0x00000000ec980000, 0x00000000f9c80000, 0x0000000100000000)
  eden space 188416K, 100% used [0x00000000ec980000,0x00000000f8180000,0x00000000f8180000)
  from space 9216K, 97% used [0x00000000f9380000,0x00000000f9c4ac00,0x00000000f9c80000)
  to   space 12800K, 0% used [0x00000000f8380000,0x00000000f8380000,0x00000000f9000000)
 ParOldGen       total 56320K, used 20474K [0x00000000c5c00000, 0x00000000c9300000, 0x00000000ec980000)
  object space 56320K, 36% used [0x00000000c5c00000,0x00000000c6ffea70,0x00000000c9300000)
 Metaspace       used 47042K, capacity 49498K, committed 49792K, reserved 1091584K
  class space    used 6541K, capacity 6988K, committed 7040K, reserved 1048576K

Deoptimization events (0 events):
No events

Classes redefined (0 events):
No events

Internal exceptions (10 events):
Event: 16,855 Thread 0x00007feabc003800 Exception <a 'java/lang/ArrayIndexOutOfBoundsException'> (0x00000000f6e8d2d8) thrown at [/HUDSON/workspace/8-2-build-linux-amd64/jdk8u191/11894/hotspot/src/share/vm/runtime/sharedRuntime.cpp, line 605]
Event: 16,855 Thread 0x00007feabc003800 Exception <a 'java/lang/ArrayIndexOutOfBoundsException'> (0x00000000f6e8f408) thrown at [/HUDSON/workspace/8-2-build-linux-amd64/jdk8u191/11894/hotspot/src/share/vm/runtime/sharedRuntime.cpp, line 605]
Event: 16,855 Thread 0x00007feabc003800 Exception <a 'java/lang/ArrayIndexOutOfBoundsException'> (0x00000000f6e910d8) thrown at [/HUDSON/workspace/8-2-build-linux-amd64/jdk8u191/11894/hotspot/src/share/vm/runtime/sharedRuntime.cpp, line 605]
Event: 16,855 Thread 0x00007feabc003800 Exception <a 'java/lang/ArrayIndexOutOfBoundsException'> (0x00000000f6e93308) thrown at [/HUDSON/workspace/8-2-build-linux-amd64/jdk8u191/11894/hotspot/src/share/vm/runtime/sharedRuntime.cpp, line 605]
Event: 16,856 Thread 0x00007feabc003800 Exception <a 'java/lang/ArrayIndexOutOfBoundsException'> (0x00000000f6e95588) thrown at [/HUDSON/workspace/8-2-build-linux-amd64/jdk8u191/11894/hotspot/src/share/vm/runtime/sharedRuntime.cpp, line 605]
Event: 16,856 Thread 0x00007feabc003800 Exception <a 'java/lang/ArrayIndexOutOfBoundsException'> (0x00000000f6e973b8) thrown at [/HUDSON/workspace/8-2-build-linux-amd64/jdk8u191/11894/hotspot/src/share/vm/runtime/sharedRuntime.cpp, line 605]
Event: 16,856 Thread 0x00007feabc003800 Exception <a 'java/lang/ArrayIndexOutOfBoundsException'> (0x00000000f6e995e0) thrown at [/HUDSON/workspace/8-2-build-linux-amd64/jdk8u191/11894/hotspot/src/share/vm/runtime/sharedRuntime.cpp, line 605]
Event: 16,856 Thread 0x00007feabc003800 Exception <a 'java/lang/ArrayIndexOutOfBoundsException'> (0x00000000f6e9bca0) thrown at [/HUDSON/workspace/8-2-build-linux-amd64/jdk8u191/11894/hotspot/src/share/vm/runtime/sharedRuntime.cpp, line 605]
Event: 16,856 Thread 0x00007feabc003800 Exception <a 'java/lang/ArrayIndexOutOfBoundsException'> (0x00000000f6e9dc80) thrown at [/HUDSON/workspace/8-2-build-linux-amd64/jdk8u191/11894/hotspot/src/share/vm/runtime/sharedRuntime.cpp, line 605]
Event: 17,166 Thread 0x00007feabc003800 Exception <a 'java/lang/ArrayIndexOutOfBoundsException'> (0x00000000f6ecf4d0) thrown at [/HUDSON/workspace/8-2-build-linux-amd64/jdk8u191/11894/hotspot/src/share/vm/runtime/sharedRuntime.cpp, line 605]

Events (10 events):
Event: 20,299 loading class org/springframework/boot/web/embedded/tomcat/TomcatEmbeddedContext done
Event: 20,305 loading class java/util/StringJoiner
Event: 20,312 loading class java/util/StringJoiner done
Event: 20,341 loading class org/springframework/boot/web/servlet/context/ServletWebServerInitializedEvent
Event: 20,341 loading class org/springframework/boot/web/servlet/context/ServletWebServerInitializedEvent done
Event: 20,344 Thread 0x00007feac0fd6800 DEOPT PACKING pc=0x00007feb211767c4 sp=0x00007feab0588870
Event: 20,344 Thread 0x00007feac0fc4000 DEOPT PACKING pc=0x00007feb211767c4 sp=0x00007feab0e91800
Event: 20,354 Thread 0x00007feac0fd6800 DEOPT UNPACKING pc=0x00007feb21047784 sp=0x00007feab0588630 mode 0
Event: 20,354 Thread 0x00007feac0fc4000 DEOPT UNPACKING pc=0x00007feb21047784 sp=0x00007feab0e915c0 mode 0
Event: 20,377 Executing VM operation: ParallelGCFailedAllocation


Dynamic libraries:
00400000-00401000 r-xp 00000000 08:02 787244                             /usr/lib/jvm/java-8-oracle/bin/java
00600000-00601000 r--p 00000000 08:02 787244                             /usr/lib/jvm/java-8-oracle/bin/java
00601000-00602000 rw-p 00001000 08:02 787244                             /usr/lib/jvm/java-8-oracle/bin/java
01529000-0154a000 rw-p 00000000 00:00 0                                  [heap]
c5c00000-c9300000 rw-p 00000000 00:00 0 
c9300000-ec980000 ---p 00000000 00:00 0 
ec980000-f9c80000 rw-p 00000000 00:00 0 
fd900000-100000000 ---p 00000000 00:00 0 
100000000-1006e0000 rw-p 00000000 00:00 0 
1006e0000-140000000 ---p 00000000 00:00 0 
7fea9b3f4000-7fea9b3f7000 ---p 00000000 00:00 0 
7fea9b3f7000-7fea9b4f5000 rw-p 00000000 00:00 0 
7fea9b4f5000-7fea9b4f8000 ---p 00000000 00:00 0 
7fea9b4f8000-7fea9b5f6000 rw-p 00000000 00:00 0 
7fea9b5f6000-7fea9b5f9000 ---p 00000000 00:00 0 
7fea9b5f9000-7fea9b6f7000 rw-p 00000000 00:00 0 
7fea9b6f7000-7fea9b6fa000 ---p 00000000 00:00 0 
7fea9b6fa000-7fea9b7f8000 rw-p 00000000 00:00 0 
7fea9b7f8000-7fea9b7fb000 ---p 00000000 00:00 0 
7fea9b7fb000-7fea9b8f9000 rw-p 00000000 00:00 0 
7fea9b8f9000-7fea9b8fc000 ---p 00000000 00:00 0 
7fea9b8fc000-7fea9b9fa000 rw-p 00000000 00:00 0 
7fea9b9fa000-7fea9b9fd000 ---p 00000000 00:00 0 
7fea9b9fd000-7fea9bafb000 rw-p 00000000 00:00 0 
7fea9bafb000-7fea9bafe000 ---p 00000000 00:00 0 
7fea9bafe000-7fea9bbfc000 rw-p 00000000 00:00 0 
7fea9bbfc000-7fea9bbff000 ---p 00000000 00:00 0 
7fea9bbff000-7fea9bcfd000 rw-p 00000000 00:00 0 
7fea9bcfd000-7fea9bd00000 ---p 00000000 00:00 0 
7fea9bd00000-7fea9bdfe000 rw-p 00000000 00:00 0 
7fea9bdfe000-7fea9be01000 ---p 00000000 00:00 0 
7fea9be01000-7fea9beff000 rw-p 00000000 00:00 0 
7fea9beff000-7fea9bf02000 ---p 00000000 00:00 0 
7fea9bf02000-7fea9c000000 rw-p 00000000 00:00 0 
7fea9c000000-7fea9c021000 rw-p 00000000 00:00 0 
7fea9c021000-7feaa0000000 ---p 00000000 00:00 0 
7feaa0000000-7feaa0021000 rw-p 00000000 00:00 0 
7feaa0021000-7feaa4000000 ---p 00000000 00:00 0 
7feaa4000000-7feaa4021000 rw-p 00000000 00:00 0 
7feaa4021000-7feaa8000000 ---p 00000000 00:00 0 
7feaa8000000-7feaa802f000 rw-p 00000000 00:00 0 
7feaa802f000-7feaac000000 ---p 00000000 00:00 0 
7feaac000000-7feaac021000 rw-p 00000000 00:00 0 
7feaac021000-7feab0000000 ---p 00000000 00:00 0 
7feab0085000-7feab0088000 ---p 00000000 00:00 0 
7feab0088000-7feab0186000 rw-p 00000000 00:00 0 
7feab0186000-7feab0189000 ---p 00000000 00:00 0 
7feab0189000-7feab0287000 rw-p 00000000 00:00 0 
7feab0287000-7feab028a000 ---p 00000000 00:00 0 
7feab028a000-7feab0388000 rw-p 00000000 00:00 0 
7feab0388000-7feab038b000 ---p 00000000 00:00 0 
7feab038b000-7feab0489000 rw-p 00000000 00:00 0 
7feab0489000-7feab048c000 ---p 00000000 00:00 0 
7feab048c000-7feab058a000 rw-p 00000000 00:00 0 
7feab058a000-7feab058d000 ---p 00000000 00:00 0 
7feab058d000-7feab068b000 rw-p 00000000 00:00 0 
7feab068b000-7feab068e000 ---p 00000000 00:00 0 
7feab068e000-7feab078c000 rw-p 00000000 00:00 0 
7feab078c000-7feab078f000 ---p 00000000 00:00 0 
7feab078f000-7feab088d000 rw-p 00000000 00:00 0 
7feab088d000-7feab0890000 ---p 00000000 00:00 0 
7feab0890000-7feab098e000 rw-p 00000000 00:00 0 
7feab098e000-7feab0991000 ---p 00000000 00:00 0 
7feab0991000-7feab0a8f000 rw-p 00000000 00:00 0 
7feab0a8f000-7feab0a92000 ---p 00000000 00:00 0 
7feab0a92000-7feab0b90000 rw-p 00000000 00:00 0 
7feab0b90000-7feab0b93000 ---p 00000000 00:00 0 
7feab0b93000-7feab0c91000 rw-p 00000000 00:00 0 
7feab0c91000-7feab0c94000 ---p 00000000 00:00 0 
7feab0c94000-7feab0d92000 rw-p 00000000 00:00 0 
7feab0d92000-7feab0d95000 ---p 00000000 00:00 0 
7feab0d95000-7feab0e93000 rw-p 00000000 00:00 0 
7feab0e93000-7feab0e96000 ---p 00000000 00:00 0 
7feab0e96000-7feab0f94000 rw-p 00000000 00:00 0 
7feab0f94000-7feab0f97000 ---p 00000000 00:00 0 
7feab0f97000-7feab1095000 rw-p 00000000 00:00 0 
7feab1095000-7feab1098000 ---p 00000000 00:00 0 
7feab1098000-7feab1196000 rw-p 00000000 00:00 0 
7feab1196000-7feab1199000 ---p 00000000 00:00 0 
7feab1199000-7feab1297000 rw-p 00000000 00:00 0 
7feab1297000-7feab129a000 ---p 00000000 00:00 0 
7feab129a000-7feab1398000 rw-p 00000000 00:00 0 
7feab1398000-7feab139b000 ---p 00000000 00:00 0 
7feab139b000-7feab1499000 rw-p 00000000 00:00 0 
7feab1499000-7feab149c000 ---p 00000000 00:00 0 
7feab149c000-7feab159a000 rw-p 00000000 00:00 0 
7feab159a000-7feab159d000 ---p 00000000 00:00 0 
7feab159d000-7feab169b000 rw-p 00000000 00:00 0 
7feab169b000-7feab169e000 ---p 00000000 00:00 0 
7feab169e000-7feab179c000 rw-p 00000000 00:00 0 
7feab179c000-7feab179f000 ---p 00000000 00:00 0 
7feab179f000-7feab189d000 rw-p 00000000 00:00 0 
7feab189d000-7feab18a0000 ---p 00000000 00:00 0 
7feab18a0000-7feab199e000 rw-p 00000000 00:00 0 
7feab199e000-7feab19a1000 ---p 00000000 00:00 0 
7feab19a1000-7feab1a9f000 rw-p 00000000 00:00 0 
7feab1a9f000-7feab1aa2000 ---p 00000000 00:00 0 
7feab1aa2000-7feab1ba0000 rw-p 00000000 00:00 0 
7feab1ba0000-7feab1ba3000 ---p 00000000 00:00 0 
7feab1ba3000-7feab1e61000 rw-p 00000000 00:00 0 
7feab1e61000-7feab1ea1000 ---p 00000000 00:00 0 
7feab1ea1000-7feab1eb8000 r-xp 00000000 08:02 529211                     /lib/x86_64-linux-gnu/libgcc_s.so.1
7feab1eb8000-7feab20b7000 ---p 00017000 08:02 529211                     /lib/x86_64-linux-gnu/libgcc_s.so.1
7feab20b7000-7feab20b8000 r--p 00016000 08:02 529211                     /lib/x86_64-linux-gnu/libgcc_s.so.1
7feab20b8000-7feab20b9000 rw-p 00017000 08:02 529211                     /lib/x86_64-linux-gnu/libgcc_s.so.1
7feab20b9000-7feab20f1000 r-xp 00000000 08:02 1053945                    /usr/lib/jvm/java-8-oracle/jre/lib/amd64/libsunec.so
7feab20f1000-7feab22f0000 ---p 00038000 08:02 1053945                    /usr/lib/jvm/java-8-oracle/jre/lib/amd64/libsunec.so
7feab22f0000-7feab22f5000 r--p 00037000 08:02 1053945                    /usr/lib/jvm/java-8-oracle/jre/lib/amd64/libsunec.so
7feab22f5000-7feab22f7000 rw-p 0003c000 08:02 1053945                    /usr/lib/jvm/java-8-oracle/jre/lib/amd64/libsunec.so
7feab22f7000-7feab22fa000 ---p 00000000 00:00 0 
7feab22fa000-7feab23f8000 rw-p 00000000 00:00 0 
7feab23f8000-7feab23fb000 ---p 00000000 00:00 0 
7feab23fb000-7feab24f9000 rw-p 00000000 00:00 0 
7feab24f9000-7feab24fc000 ---p 00000000 00:00 0 
7feab24fc000-7feab25fa000 rw-p 00000000 00:00 0 
7feab25fa000-7feab25fd000 ---p 00000000 00:00 0 
7feab25fd000-7feab26fb000 rw-p 00000000 00:00 0 
7feab26fb000-7feab26fe000 ---p 00000000 00:00 0 
7feab26fe000-7feab27fc000 rw-p 00000000 00:00 0 
7feab27fc000-7feab27ff000 ---p 00000000 00:00 0 
7feab27ff000-7feab28fd000 rw-p 00000000 00:00 0 
7feab28fd000-7feab2900000 ---p 00000000 00:00 0 
7feab2900000-7feab2bfe000 rw-p 00000000 00:00 0 
7feab2bfe000-7feab2dfe000 rw-p 00000000 00:00 0 
7feab2dfe000-7feab2e01000 ---p 00000000 00:00 0 
7feab2e01000-7feab2eff000 rw-p 00000000 00:00 0 
7feab2eff000-7feab2f02000 ---p 00000000 00:00 0 
7feab2f02000-7feab3200000 rw-p 00000000 00:00 0 
7feab3200000-7feab3400000 rw-p 00000000 00:00 0 
7feab3400000-7feab3600000 rw-p 00000000 00:00 0 
7feab3600000-7feab3800000 rw-p 00000000 00:00 0 
7feab3800000-7feab3a00000 rw-p 00000000 00:00 0 
7feab3a00000-7feab3c00000 rw-p 00000000 00:00 0 
7feab3c00000-7feab3e00000 rw-p 00000000 00:00 0 
7feab3e00000-7feab4000000 rw-p 00000000 00:00 0 
7feab4000000-7feab43d7000 rw-p 00000000 00:00 0 
7feab43d7000-7feab8000000 ---p 00000000 00:00 0 
7feab8000000-7feab8021000 rw-p 00000000 00:00 0 
7feab8021000-7feabc000000 ---p 00000000 00:00 0 
7feabc000000-7feabc021000 rw-p 00000000 00:00 0 
7feabc021000-7feac0000000 ---p 00000000 00:00 0 
7feac0000000-7feac1046000 rw-p 00000000 00:00 0 
7feac1046000-7feac4000000 ---p 00000000 00:00 0 
7feac4000000-7feac4021000 rw-p 00000000 00:00 0 
7feac4021000-7feac8000000 ---p 00000000 00:00 0 
7feac8000000-7feac8031000 rw-p 00000000 00:00 0 
7feac8031000-7feacc000000 ---p 00000000 00:00 0 
7feacc000000-7feacc021000 rw-p 00000000 00:00 0 
7feacc021000-7fead0000000 ---p 00000000 00:00 0 
7fead0000000-7fead0021000 rw-p 00000000 00:00 0 
7fead0021000-7fead4000000 ---p 00000000 00:00 0 
7fead4000000-7fead4021000 rw-p 00000000 00:00 0 
7fead4021000-7fead8000000 ---p 00000000 00:00 0 
7fead8000000-7fead8021000 rw-p 00000000 00:00 0 
7fead8021000-7feadc000000 ---p 00000000 00:00 0 
7feadc000000-7feadc021000 rw-p 00000000 00:00 0 
7feadc021000-7feae0000000 ---p 00000000 00:00 0 
7feae0000000-7feae0021000 rw-p 00000000 00:00 0 
7feae0021000-7feae4000000 ---p 00000000 00:00 0 
7feae4000000-7feae4703000 rw-p 00000000 00:00 0 
7feae4703000-7feae8000000 ---p 00000000 00:00 0 
7feae8000000-7feae8021000 rw-p 00000000 00:00 0 
7feae8021000-7feaec000000 ---p 00000000 00:00 0 
7feaec000000-7feaec021000 rw-p 00000000 00:00 0 
7feaec021000-7feaf0000000 ---p 00000000 00:00 0 
7feaf0000000-7feaf005e000 rw-p 00000000 00:00 0 
7feaf005e000-7feaf4000000 ---p 00000000 00:00 0 
7feaf4043000-7feaf4046000 ---p 00000000 00:00 0 
7feaf4046000-7feaf4344000 rw-p 00000000 00:00 0 
7feaf4344000-7feaf4544000 rw-p 00000000 00:00 0 
7feaf4544000-7feaf4744000 rw-p 00000000 00:00 0 
7feaf4744000-7feaf4944000 rw-p 00000000 00:00 0 
7feaf4944000-7feaf49da000 r--s 0110e000 08:02 926906                     /usr/lib/jvm/java-8-oracle/jre/lib/ext/jfxrt.jar
7feaf49da000-7feaf49f1000 r-xp 00000000 08:02 529313                     /lib/x86_64-linux-gnu/libresolv-2.27.so
7feaf49f1000-7feaf4bf1000 ---p 00017000 08:02 529313                     /lib/x86_64-linux-gnu/libresolv-2.27.so
7feaf4bf1000-7feaf4bf2000 r--p 00017000 08:02 529313                     /lib/x86_64-linux-gnu/libresolv-2.27.so
7feaf4bf2000-7feaf4bf3000 rw-p 00018000 08:02 529313                     /lib/x86_64-linux-gnu/libresolv-2.27.so
7feaf4bf3000-7feaf4bf5000 rw-p 00000000 00:00 0 
7feaf4bf5000-7feaf4bfa000 r-xp 00000000 08:02 529262                     /lib/x86_64-linux-gnu/libnss_dns-2.27.so
7feaf4bfa000-7feaf4dfa000 ---p 00005000 08:02 529262                     /lib/x86_64-linux-gnu/libnss_dns-2.27.so
7feaf4dfa000-7feaf4dfb000 r--p 00005000 08:02 529262                     /lib/x86_64-linux-gnu/libnss_dns-2.27.so
7feaf4dfb000-7feaf4dfc000 rw-p 00006000 08:02 529262                     /lib/x86_64-linux-gnu/libnss_dns-2.27.so
7feaf4dfc000-7feaf4dfe000 r-xp 00000000 08:02 529270                     /lib/x86_64-linux-gnu/libnss_mdns4_minimal.so.2
7feaf4dfe000-7feaf4ffd000 ---p 00002000 08:02 529270                     /lib/x86_64-linux-gnu/libnss_mdns4_minimal.so.2
7feaf4ffd000-7feaf4ffe000 r--p 00001000 08:02 529270                     /lib/x86_64-linux-gnu/libnss_mdns4_minimal.so.2
7feaf4ffe000-7feaf4fff000 rw-p 00002000 08:02 529270                     /lib/x86_64-linux-gnu/libnss_mdns4_minimal.so.2
7feaf4fff000-7feaf8000000 rw-p 00000000 00:00 0 
7feaf8000000-7feaf8021000 rw-p 00000000 00:00 0 
7feaf8021000-7feafc000000 ---p 00000000 00:00 0 
7feafc000000-7feafc021000 rw-p 00000000 00:00 0 
7feafc021000-7feb00000000 ---p 00000000 00:00 0 
7feb00000000-7feb00021000 rw-p 00000000 00:00 0 
7feb00021000-7feb04000000 ---p 00000000 00:00 0 
7feb04000000-7feb04021000 rw-p 00000000 00:00 0 
7feb04021000-7feb08000000 ---p 00000000 00:00 0 
7feb08000000-7feb08324000 rw-p 00000000 00:00 0 
7feb08324000-7feb0c000000 ---p 00000000 00:00 0 
7feb0c000000-7feb0c021000 rw-p 00000000 00:00 0 
7feb0c021000-7feb10000000 ---p 00000000 00:00 0 
7feb1004c000-7feb1024c000 rw-p 00000000 00:00 0 
7feb1024c000-7feb1024f000 ---p 00000000 00:00 0 
7feb1024f000-7feb1034d000 rw-p 00000000 00:00 0 
7feb1034d000-7feb10350000 ---p 00000000 00:00 0 
7feb10350000-7feb1044e000 rw-p 00000000 00:00 0 
7feb1044e000-7feb10451000 ---p 00000000 00:00 0 
7feb10451000-7feb1074f000 rw-p 00000000 00:00 0 
7feb1074f000-7feb10752000 ---p 00000000 00:00 0 
7feb10752000-7feb10850000 rw-p 00000000 00:00 0 
7feb10850000-7feb10853000 ---p 00000000 00:00 0 
7feb10853000-7feb10951000 rw-p 00000000 00:00 0 
7feb10951000-7feb10954000 ---p 00000000 00:00 0 
7feb10954000-7feb10a52000 rw-p 00000000 00:00 0 
7feb10a52000-7feb10a55000 ---p 00000000 00:00 0 
7feb10a55000-7feb10b53000 rw-p 00000000 00:00 0 
7feb10b53000-7feb10b56000 ---p 00000000 00:00 0 
7feb10b56000-7feb10c54000 rw-p 00000000 00:00 0 
7feb10c54000-7feb10c55000 ---p 00000000 00:00 0 
7feb10c55000-7feb10d55000 rw-p 00000000 00:00 0 
7feb10d55000-7feb10d58000 ---p 00000000 00:00 0 
7feb10d58000-7feb10e56000 rw-p 00000000 00:00 0 
7feb10e56000-7feb10e59000 ---p 00000000 00:00 0 
7feb10e59000-7feb10f57000 rw-p 00000000 00:00 0 
7feb10f57000-7feb10f5a000 ---p 00000000 00:00 0 
7feb10f5a000-7feb11058000 rw-p 00000000 00:00 0 
7feb11058000-7feb11069000 r-xp 00000000 08:02 1055205                    /usr/lib/jvm/java-8-oracle/jre/lib/amd64/libnio.so
7feb11069000-7feb11268000 ---p 00011000 08:02 1055205                    /usr/lib/jvm/java-8-oracle/jre/lib/amd64/libnio.so
7feb11268000-7feb11269000 r--p 00010000 08:02 1055205                    /usr/lib/jvm/java-8-oracle/jre/lib/amd64/libnio.so
7feb11269000-7feb1126a000 rw-p 00011000 08:02 1055205                    /usr/lib/jvm/java-8-oracle/jre/lib/amd64/libnio.so
7feb1126a000-7feb11272000 r-xp 00000000 08:02 1055210                    /usr/lib/jvm/java-8-oracle/jre/lib/amd64/libmanagement.so
7feb11272000-7feb11472000 ---p 00008000 08:02 1055210                    /usr/lib/jvm/java-8-oracle/jre/lib/amd64/libmanagement.so
7feb11472000-7feb11473000 r--p 00008000 08:02 1055210                    /usr/lib/jvm/java-8-oracle/jre/lib/amd64/libmanagement.so
7feb11473000-7feb11474000 rw-p 00009000 08:02 1055210                    /usr/lib/jvm/java-8-oracle/jre/lib/amd64/libmanagement.so
7feb11474000-7feb11477000 ---p 00000000 00:00 0 
7feb11477000-7feb11575000 rw-p 00000000 00:00 0 
7feb11575000-7feb1158b000 r-xp 00000000 08:02 1055202                    /usr/lib/jvm/java-8-oracle/jre/lib/amd64/libnet.so
7feb1158b000-7feb1178a000 ---p 00016000 08:02 1055202                    /usr/lib/jvm/java-8-oracle/jre/lib/amd64/libnet.so
7feb1178a000-7feb1178b000 r--p 00015000 08:02 1055202                    /usr/lib/jvm/java-8-oracle/jre/lib/amd64/libnet.so
7feb1178b000-7feb1178c000 rw-p 00016000 08:02 1055202                    /usr/lib/jvm/java-8-oracle/jre/lib/amd64/libnet.so
7feb1178c000-7feb122e0000 r--p 00000000 08:02 789511                     /usr/lib/locale/locale-archive
7feb122e0000-7feb14000000 rw-p 00000000 00:00 0 
7feb14000000-7feb14025000 rw-p 00000000 00:00 0 
7feb14025000-7feb18000000 ---p 00000000 00:00 0 
7feb18000000-7feb18021000 rw-p 00000000 00:00 0 
7feb18021000-7feb1c000000 ---p 00000000 00:00 0 
7feb1c000000-7feb1c021000 rw-p 00000000 00:00 0 
7feb1c021000-7feb20000000 ---p 00000000 00:00 0 
7feb2002d000-7feb2002f000 r--s 00009000 08:02 926903                     /usr/lib/jvm/java-8-oracle/jre/lib/ext/sunec.jar
7feb2002f000-7feb20032000 r--s 0001a000 08:02 926926                     /usr/lib/jvm/java-8-oracle/jre/lib/jce.jar
7feb20032000-7feb2003c000 r--s 00116000 08:02 926912                     /usr/lib/jvm/java-8-oracle/jre/lib/ext/localedata.jar
7feb2003c000-7feb20058000 r--s 00393000 08:02 926905                     /usr/lib/jvm/java-8-oracle/jre/lib/ext/cldrdata.jar
7feb20058000-7feb2005d000 r--s 000a0000 08:02 926901                     /usr/lib/jvm/java-8-oracle/jre/lib/jsse.jar
7feb2005d000-7feb2005e000 ---p 00000000 00:00 0 
7feb2005e000-7feb20061000 ---p 00000000 00:00 0 
7feb20061000-7feb2015e000 rw-p 00000000 00:00 0 
7feb2015e000-7feb2015f000 ---p 00000000 00:00 0 
7feb2015f000-7feb20162000 ---p 00000000 00:00 0 
7feb20162000-7feb2025f000 rw-p 00000000 00:00 0 
7feb2025f000-7feb20260000 ---p 00000000 00:00 0 
7feb20260000-7feb20263000 ---p 00000000 00:00 0 
7feb20263000-7feb20360000 rw-p 00000000 00:00 0 
7feb20360000-7feb20363000 ---p 00000000 00:00 0 
7feb20363000-7feb20461000 rw-p 00000000 00:00 0 
7feb20461000-7feb20463000 r--s 0001a000 08:02 6304479                    /home/balazs/Downloads/idea-IU-183.4886.37/lib/idea_rt.jar
7feb20463000-7feb20464000 r--s 00005000 08:02 4195962                    /home/balazs/.m2/repository/org/springframework/spring-jcl/5.1.7.RELEASE/spring-jcl-5.1.7.RELEASE.jar
7feb20464000-7feb2047d000 r--s 00123000 08:02 4195963                    /home/balazs/.m2/repository/org/springframework/spring-core/5.1.7.RELEASE/spring-core-5.1.7.RELEASE.jar
7feb2047d000-7feb20494000 r--s 00190000 08:02 4195964                    /home/balazs/.m2/repository/org/projectlombok/lombok/1.18.8/lombok-1.18.8.jar
7feb20494000-7feb204b8000 r--s 00111000 08:02 2887380                    /home/balazs/.m2/repository/org/springframework/boot/spring-boot-autoconfigure/2.1.5.RELEASE/spring-boot-autoconfigure-2.1.5.RELEASE.jar
7feb204b8000-7feb204cd000 r--s 000d4000 08:02 4195954                    /home/balazs/.m2/repository/org/springframework/boot/spring-boot/2.1.5.RELEASE/spring-boot-2.1.5.RELEASE.jar
7feb204cd000-7feb204d3000 r--s 0002e000 08:02 4195946                    /home/balazs/.m2/repository/org/springframework/boot/spring-boot-devtools/2.1.5.RELEASE/spring-boot-devtools-2.1.5.RELEASE.jar
7feb204d3000-7feb204d5000 r--s 00009000 08:02 536229                     /home/balazs/.m2/repository/org/slf4j/slf4j-api/1.7.26/slf4j-api-1.7.26.jar
7feb204d5000-7feb204d7000 r--s 00003000 08:02 660844                     /home/balazs/.m2/repository/com/netflix/ribbon/ribbon-eureka/2.3.0/ribbon-eureka-2.3.0.jar
7feb204d7000-7feb204f0000 r--s 00102000 08:02 660922                     /home/balazs/.m2/repository/io/reactivex/rxjava/1.3.8/rxjava-1.3.8.jar
7feb204f0000-7feb204f2000 r--s 00002000 08:02 660879                     /home/balazs/.m2/repository/com/netflix/netflix-commons/netflix-statistics/0.1.1/netflix-statistics-0.1.1.jar
7feb204f2000-7feb204f6000 r--s 00024000 08:02 660884                     /home/balazs/.m2/repository/com/netflix/ribbon/ribbon-loadbalancer/2.3.0/ribbon-loadbalancer-2.3.0.jar
7feb204f6000-7feb204f8000 r--s 00001000 08:02 661115                     /home/balazs/.m2/repository/com/netflix/netflix-commons/netflix-commons-util/0.3.0/netflix-commons-util-0.3.0.jar
7feb204f8000-7feb20505000 r--s 00083000 08:02 660863                     /home/balazs/.m2/repository/commons-collections/commons-collections/3.2.2/commons-collections-3.2.2.jar
7feb20505000-7feb20507000 r--s 0000c000 08:02 660874                     /home/balazs/.m2/repository/com/netflix/ribbon/ribbon-httpclient/2.3.0/ribbon-httpclient-2.3.0.jar
7feb20507000-7feb2050b000 r--s 00011000 08:02 660869                     /home/balazs/.m2/repository/com/netflix/ribbon/ribbon-core/2.3.0/ribbon-core-2.3.0.jar
7feb2050b000-7feb20515000 r--s 00059000 08:02 660864                     /home/balazs/.m2/repository/io/reactivex/rxnetty/0.4.9/rxnetty-0.4.9.jar
7feb20515000-7feb20522000 r--s 00066000 08:02 661091                     /home/balazs/.m2/repository/com/netflix/hystrix/hystrix-core/1.5.18/hystrix-core-1.5.18.jar
7feb20522000-7feb20524000 r--s 00006000 08:02 660871                     /home/balazs/.m2/repository/io/reactivex/rxnetty-servo/0.4.9/rxnetty-servo-0.4.9.jar
7feb20524000-7feb20527000 r--s 0000b000 08:02 660876                     /home/balazs/.m2/repository/io/reactivex/rxnetty-contexts/0.4.9/rxnetty-contexts-0.4.9.jar
7feb20527000-7feb20528000 r--s 00009000 08:02 660867                     /home/balazs/.m2/repository/com/netflix/ribbon/ribbon-transport/2.3.0/ribbon-transport-2.3.0.jar
7feb20528000-7feb2052c000 r--s 00012000 08:02 660848                     /home/balazs/.m2/repository/com/netflix/ribbon/ribbon/2.3.0/ribbon-2.3.0.jar
7feb2052c000-7feb2052d000 r--s 00000000 08:02 2113284                    /home/balazs/.m2/repository/org/springframework/cloud/spring-cloud-starter-netflix-ribbon/2.1.1.RELEASE/spring-cloud-starter-netflix-ribbon-2.1.1.RELEASE.jar
7feb2052d000-7feb20532000 r--s 00041000 08:02 660860                     /home/balazs/.m2/repository/commons-lang/commons-lang/2.6/commons-lang-2.6.jar
7feb20532000-7feb20539000 r--s 00050000 08:02 660866                     /home/balazs/.m2/repository/commons-configuration/commons-configuration/1.8/commons-configuration-1.8.jar
7feb20539000-7feb2053a000 r--s 00003000 08:02 2099904                    /home/balazs/.m2/repository/org/springframework/cloud/spring-cloud-netflix-archaius/2.1.1.RELEASE/spring-cloud-netflix-archaius-2.1.1.RELEASE.jar
7feb2053a000-7feb2053e000 r--s 00017000 08:02 2099922                    /home/balazs/.m2/repository/org/springframework/cloud/spring-cloud-netflix-ribbon/2.1.1.RELEASE/spring-cloud-netflix-ribbon-2.1.1.RELEASE.jar
7feb2053e000-7feb2053f000 r--s 00000000 08:02 2113367                    /home/balazs/.m2/repository/org/springframework/cloud/spring-cloud-starter-netflix-archaius/2.1.1.RELEASE/spring-cloud-starter-netflix-archaius-2.1.1.RELEASE.jar
7feb2053f000-7feb20541000 r--s 00005000 08:02 3542605                    /home/balazs/.m2/repository/xpp3/xpp3_min/1.1.4c/xpp3_min-1.1.4c.jar
7feb20541000-7feb20542000 r--s 00001000 08:02 3411912                    /home/balazs/.m2/repository/xmlpull/xmlpull/1.1.3.1/xmlpull-1.1.3.1.jar
7feb20542000-7feb20550000 r--s 00082000 08:02 3016784                    /home/balazs/.m2/repository/com/thoughtworks/xstream/xstream/1.4.10/xstream-1.4.10.jar
7feb20550000-7feb20556000 r--s 00078000 08:02 2113841                    /home/balazs/.m2/repository/com/fasterxml/woodstox/woodstox-core/5.0.3/woodstox-core-5.0.3.jar
7feb20556000-7feb2055a000 r--s 00024000 08:02 660833                     /home/balazs/.m2/repository/org/codehaus/woodstox/stax2-api/3.1.4/stax2-api-3.1.4.jar
7feb2055a000-7feb2055b000 r--s 00007000 08:02 3407910                    /home/balazs/.m2/repository/com/fasterxml/jackson/module/jackson-module-jaxb-annotations/2.9.8/jackson-module-jaxb-annotations-2.9.8.jar
7feb2055b000-7feb2055e000 r--s 00016000 08:02 2113839                    /home/balazs/.m2/repository/com/fasterxml/jackson/dataformat/jackson-dataformat-xml/2.9.8/jackson-dataformat-xml-2.9.8.jar
7feb2055e000-7feb2055f000 r--s 00000000 08:02 4064450                    /home/balazs/.m2/repository/javax/inject/javax.inject/1/javax.inject-1.jar
7feb2055f000-7feb2058a000 r--s 001f5000 08:02 2099903                    /home/balazs/.m2/repository/com/google/guava/guava/16.0/guava-16.0.jar
7feb2058a000-7feb2058c000 r--s 00003000 08:02 661089                     /home/balazs/.m2/repository/com/google/code/findbugs/jsr305/3.0.1/jsr305-3.0.1.jar
7feb2058c000-7feb20590000 r--s 0001f000 08:02 660895                     /home/balazs/.m2/repository/com/netflix/archaius/archaius-core/0.7.6/archaius-core-0.7.6.jar
7feb20590000-7feb20592000 r--s 00004000 08:02 3407898                    /home/balazs/.m2/repository/javax/xml/stream/stax-api/1.0-2/stax-api-1.0-2.jar
7feb20592000-7feb20598000 r--s 00071000 08:02 660852                     /home/balazs/.m2/repository/org/codehaus/woodstox/woodstox-core-asl/4.4.1/woodstox-core-asl-4.4.1.jar
7feb20598000-7feb2059d000 r--s 0003a000 08:02 660851                     /home/balazs/.m2/repository/com/netflix/eureka/eureka-core/1.9.8/eureka-core-1.9.8.jar
7feb2059d000-7feb205ad000 r--s 0009d000 08:02 4729536                    /home/balazs/.m2/repository/com/sun/jersey/jersey-server/1.19.1/jersey-server-1.19.1.jar
7feb205ad000-7feb205b1000 r--s 0001c000 08:02 4729534                    /home/balazs/.m2/repository/com/sun/jersey/jersey-servlet/1.19.1/jersey-servlet-1.19.1.jar
7feb205b1000-7feb205b6000 r--s 00024000 08:02 660849                     /home/balazs/.m2/repository/com/github/andrewoma/dexx/dexx-collections/0.2/dexx-collections-0.2.jar
7feb205b6000-7feb205b7000 r--s 00004000 08:02 660847                     /home/balazs/.m2/repository/com/github/vlsi/compactmap/compactmap/1.2.1/compactmap-1.2.1.jar
7feb205b7000-7feb205b9000 r--s 00000000 08:02 2759958                    /home/balazs/.m2/repository/aopalliance/aopalliance/1.0/aopalliance-1.0.jar
7feb205b9000-7feb205c7000 r--s 00097000 08:02 2099901                    /home/balazs/.m2/repository/com/google/inject/guice/4.1.0/guice-4.1.0.jar
7feb205c7000-7feb205ce000 r--s 0004b000 08:02 3411959                    /home/balazs/.m2/repository/commons-codec/commons-codec/1.11/commons-codec-1.11.jar
7feb205ce000-7feb205d5000 r--s 00049000 08:02 4198014                    /home/balazs/.m2/repository/org/apache/httpcomponents/httpcore/4.4.11/httpcore-4.4.11.jar
7feb205d5000-7feb205e2000 r--s 000b0000 08:02 4198018                    /home/balazs/.m2/repository/org/apache/httpcomponents/httpclient/4.5.8/httpclient-4.5.8.jar
7feb205e2000-7feb205e4000 r--s 00003000 08:02 4729521                    /home/balazs/.m2/repository/com/sun/jersey/contribs/jersey-apache-client4/1.19.1/jersey-apache-client4-1.19.1.jar
7feb205e4000-7feb205e7000 r--s 0001e000 08:02 4729519                    /home/balazs/.m2/repository/com/sun/jersey/jersey-client/1.19.1/jersey-client-1.19.1.jar
7feb205e7000-7feb205f1000 r--s 00061000 08:02 4729522                    /home/balazs/.m2/repository/com/sun/jersey/jersey-core/1.19.1/jersey-core-1.19.1.jar
7feb205f1000-7feb205f6000 r--s 00033000 08:02 660839                     /home/balazs/.m2/repository/com/netflix/servo/servo-core/0.12.21/servo-core-0.12.21.jar
7feb205f6000-7feb205f8000 r--s 0000a000 08:02 660858                     /home/balazs/.m2/repository/javax/ws/rs/jsr311-api/1.1.1/jsr311-api-1.1.1.jar
7feb205f8000-7feb2060b000 r--s 000df000 08:02 660831                     /home/balazs/.m2/repository/org/apache/commons/commons-math/2.2/commons-math-2.2.jar
7feb2060b000-7feb20610000 r--s 00036000 08:02 660818                     /home/balazs/.m2/repository/com/google/code/gson/gson/2.8.5/gson-2.8.5.jar
7feb20610000-7feb20615000 r--s 00068000 08:02 4068526                    /home/balazs/.m2/repository/antlr/antlr/2.7.7/antlr-2.7.7.jar
7feb20615000-7feb20618000 r--s 00022000 08:02 660832                     /home/balazs/.m2/repository/org/antlr/stringtemplate/3.2.1/stringtemplate-3.2.1.jar
7feb20618000-7feb2061c000 r--s 00025000 08:02 660830                     /home/balazs/.m2/repository/org/antlr/antlr-runtime/3.4/antlr-runtime-3.4.jar
7feb2061c000-7feb2062d000 r--s 0008c000 08:02 660826                     /home/balazs/.m2/repository/joda-time/joda-time/2.10.2/joda-time-2.10.2.jar
7feb2062d000-7feb20633000 r--s 00044000 08:02 660825                     /home/balazs/.m2/repository/commons-jxpath/commons-jxpath/1.3/commons-jxpath-1.3.jar
7feb20633000-7feb20636000 r--s 00016000 08:02 660823                     /home/balazs/.m2/repository/com/netflix/netflix-commons/netflix-infix/0.3.0/netflix-infix-0.3.0.jar
7feb20636000-7feb20638000 r--s 0000f000 08:02 660815                     /home/balazs/.m2/repository/com/netflix/netflix-commons/netflix-eventbus/0.3.0/netflix-eventbus-0.3.0.jar
7feb20638000-7feb2063a000 r--s 00005000 08:02 660819                     /home/balazs/.m2/repository/stax/stax-api/1.0.1/stax-api-1.0.1.jar
7feb2063a000-7feb2063d000 r--s 00012000 08:02 660817                     /home/balazs/.m2/repository/org/codehaus/jettison/jettison/1.3.7/jettison-1.3.7.jar
7feb2063d000-7feb20647000 r--s 00062000 08:02 660854                     /home/balazs/.m2/repository/com/netflix/eureka/eureka-client/1.9.8/eureka-client-1.9.8.jar
7feb20647000-7feb2064b000 r--s 00015000 08:02 2099895                    /home/balazs/.m2/repository/org/springframework/cloud/spring-cloud-netflix-eureka-client/2.1.1.RELEASE/spring-cloud-netflix-eureka-client-2.1.1.RELEASE.jar
7feb2064b000-7feb20664000 r--s 001da000 08:02 4195938                    /home/balazs/.m2/repository/org/aspectj/aspectjweaver/1.9.4/aspectjweaver-1.9.4.jar
7feb20664000-7feb20665000 r--s 00000000 08:02 4195918                    /home/balazs/.m2/repository/org/springframework/boot/spring-boot-starter-aop/2.1.5.RELEASE/spring-boot-starter-aop-2.1.5.RELEASE.jar
7feb20665000-7feb20668000 r--s 00005000 08:02 2099897                    /home/balazs/.m2/repository/org/springframework/cloud/spring-cloud-netflix-hystrix/2.1.1.RELEASE/spring-cloud-netflix-hystrix-2.1.1.RELEASE.jar
7feb20668000-7feb2066d000 r--s 00028000 08:02 1970131                    /home/balazs/.m2/repository/org/springframework/spring-context-support/5.1.7.RELEASE/spring-context-support-5.1.7.RELEASE.jar
7feb2066d000-7feb20689000 r--s 00159000 08:02 661085                     /home/balazs/.m2/repository/org/freemarker/freemarker/2.3.28/freemarker-2.3.28.jar
7feb20689000-7feb2068a000 r--s 00000000 08:02 2113837                    /home/balazs/.m2/repository/org/springframework/boot/spring-boot-starter-freemarker/2.1.5.RELEASE/spring-boot-starter-freemarker-2.1.5.RELEASE.jar
7feb2068a000-7feb2068c000 r--s 00006000 08:02 661084                     /home/balazs/.m2/repository/org/latencyutils/LatencyUtils/2.0.3/LatencyUtils-2.0.3.jar
7feb2068c000-7feb2068e000 r--s 0001a000 08:02 661093                     /home/balazs/.m2/repository/org/hdrhistogram/HdrHistogram/2.1.9/HdrHistogram-2.1.9.jar
7feb2068e000-7feb20697000 r--s 0005f000 08:02 661081                     /home/balazs/.m2/repository/io/micrometer/micrometer-core/1.1.4/micrometer-core-1.1.4.jar
7feb20697000-7feb206a6000 r--s 0006e000 08:02 2113835                    /home/balazs/.m2/repository/org/springframework/boot/spring-boot-actuator/2.1.5.RELEASE/spring-boot-actuator-2.1.5.RELEASE.jar
7feb206a6000-7feb206b5000 r--s 0005d000 08:02 2113833                    /home/balazs/.m2/repository/org/springframework/boot/spring-boot-actuator-autoconfigure/2.1.5.RELEASE/spring-boot-actuator-autoconfigure-2.1.5.RELEASE.jar
7feb206b5000-7feb206b6000 r--s 00000000 08:02 1969242                    /home/balazs/.m2/repository/org/springframework/boot/spring-boot-starter-actuator/2.1.5.RELEASE/spring-boot-starter-actuator-2.1.5.RELEASE.jar
7feb206b6000-7feb206b9000 r--s 00075000 08:02 2113831                    /home/balazs/.m2/repository/org/springframework/cloud/spring-cloud-netflix-eureka-server/2.1.1.RELEASE/spring-cloud-netflix-eureka-server-2.1.1.RELEASE.jar
7feb206b9000-7feb20711000 r--s 003a7000 08:02 660813                     /home/balazs/.m2/repository/org/bouncycastle/bcprov-jdk15on/1.60/bcprov-jdk15on-1.60.jar
7feb20711000-7feb20724000 r--s 000b0000 08:02 660811                     /home/balazs/.m2/repository/org/bouncycastle/bcpkix-jdk15on/1.60/bcpkix-jdk15on-1.60.jar
7feb20724000-7feb20725000 r--s 00004000 08:02 2362823                    /home/balazs/.m2/repository/org/springframework/security/spring-security-rsa/1.0.7.RELEASE/spring-security-rsa-1.0.7.RELEASE.jar
7feb20725000-7feb2072b000 r--s 0001f000 08:02 2099891                    /home/balazs/.m2/repository/org/springframework/cloud/spring-cloud-commons/2.1.1.RELEASE/spring-cloud-commons-2.1.1.RELEASE.jar
7feb2072b000-7feb2072d000 r--s 00010000 08:02 2362826                    /home/balazs/.m2/repository/org/springframework/security/spring-security-crypto/5.1.5.RELEASE/spring-security-crypto-5.1.5.RELEASE.jar
7feb2072d000-7feb20730000 r--s 00019000 08:02 2099889                    /home/balazs/.m2/repository/org/springframework/cloud/spring-cloud-context/2.1.1.RELEASE/spring-cloud-context-2.1.1.RELEASE.jar
7feb20730000-7feb20731000 r--s 00000000 08:02 2099894                    /home/balazs/.m2/repository/org/springframework/cloud/spring-cloud-starter/2.1.1.RELEASE/spring-cloud-starter-2.1.1.RELEASE.jar
7feb20731000-7feb20732000 r--s 00000000 08:02 2113829                    /home/balazs/.m2/repository/org/springframework/cloud/spring-cloud-starter-netflix-eureka-server/2.1.1.RELEASE/spring-cloud-starter-netflix-eureka-server-2.1.1.RELEASE.jar
7feb20732000-7feb20737000 r--s 00040000 08:02 4195957                    /home/balazs/.m2/repository/org/springframework/spring-expression/5.1.7.RELEASE/spring-expression-5.1.7.RELEASE.jar
7feb20737000-7feb20751000 r--s 000f4000 08:02 4195943                    /home/balazs/.m2/repository/org/springframework/spring-context/5.1.7.RELEASE/spring-context-5.1.7.RELEASE.jar
7feb20751000-7feb2075b000 r--s 00051000 08:02 4195939                    /home/balazs/.m2/repository/org/springframework/spring-aop/5.1.7.RELEASE/spring-aop-5.1.7.RELEASE.jar
7feb2075b000-7feb2076a000 r--s 000b5000 08:02 4196221                    /home/balazs/.m2/repository/org/springframework/spring-webmvc/5.1.7.RELEASE/spring-webmvc-5.1.7.RELEASE.jar
7feb2076a000-7feb20776000 r--s 00099000 08:02 4195953                    /home/balazs/.m2/repository/org/springframework/spring-beans/5.1.7.RELEASE/spring-beans-5.1.7.RELEASE.jar
7feb20776000-7feb20792000 r--s 00137000 08:02 3280536                    /home/balazs/.m2/repository/org/springframework/spring-web/5.1.7.RELEASE/spring-web-5.1.7.RELEASE.jar
7feb20792000-7feb20794000 r--s 0000f000 08:02 2117444                    /home/balazs/.m2/repository/com/fasterxml/classmate/1.4.0/classmate-1.4.0.jar
7feb20794000-7feb20796000 r--s 0000f000 08:02 4066689                    /home/balazs/.m2/repository/org/jboss/logging/jboss-logging/3.3.2.Final/jboss-logging-3.3.2.Final.jar
7feb20796000-7feb2079b000 r--s 00012000 08:02 927085                     /home/balazs/.m2/repository/javax/validation/validation-api/2.0.1.Final/validation-api-2.0.1.Final.jar
7feb2079b000-7feb207b8000 r--s 000fe000 08:02 3149546                    /home/balazs/.m2/repository/org/hibernate/validator/hibernate-validator/6.0.16.Final/hibernate-validator-6.0.16.Final.jar
7feb207b8000-7feb207bd000 r--s 0003c000 08:02 3937094                    /home/balazs/.m2/repository/org/apache/tomcat/embed/tomcat-embed-websocket/9.0.19/tomcat-embed-websocket-9.0.19.jar
7feb207bd000-7feb207c2000 r--s 00039000 08:02 3801458                    /home/balazs/.m2/repository/org/apache/tomcat/embed/tomcat-embed-el/9.0.19/tomcat-embed-el-9.0.19.jar
7feb207c2000-7feb207ed000 r--s 002fe000 08:02 3542879                    /home/balazs/.m2/repository/org/apache/tomcat/embed/tomcat-embed-core/9.0.19/tomcat-embed-core-9.0.19.jar
7feb207ed000-7feb207ef000 r--s 00001000 08:02 3411952                    /home/balazs/.m2/repository/com/fasterxml/jackson/module/jackson-module-parameter-names/2.9.8/jackson-module-parameter-names-2.9.8.jar
7feb207ef000-7feb207f2000 r--s 00016000 08:02 3411950                    /home/balazs/.m2/repository/com/fasterxml/jackson/datatype/jackson-datatype-jsr310/2.9.8/jackson-datatype-jsr310-2.9.8.jar
7feb207f2000-7feb207f4000 r--s 00007000 08:02 3411948                    /home/balazs/.m2/repository/com/fasterxml/jackson/datatype/jackson-datatype-jdk8/2.9.8/jackson-datatype-jdk8-2.9.8.jar
7feb207f4000-7feb207f8000 r--s 0004c000 08:02 3280434                    /home/balazs/.m2/repository/com/fasterxml/jackson/core/jackson-core/2.9.8/jackson-core-2.9.8.jar
7feb207f8000-7feb207fb000 ---p 00000000 00:00 0 
7feb207fb000-7feb208f9000 rw-p 00000000 00:00 0 
7feb208f9000-7feb208fc000 ---p 00000000 00:00 0 
7feb208fc000-7feb209fa000 rw-p 00000000 00:00 0 
7feb209fa000-7feb209fd000 ---p 00000000 00:00 0 
7feb209fd000-7feb20afb000 rw-p 00000000 00:00 0 
7feb20afb000-7feb20afc000 ---p 00000000 00:00 0 
7feb20afc000-7feb21000000 rw-p 00000000 00:00 0 
7feb21000000-7feb21980000 rwxp 00000000 00:00 0 
7feb21980000-7feb30000000 ---p 00000000 00:00 0 
7feb30000000-7feb30cb2000 rw-p 00000000 00:00 0 
7feb30cb2000-7feb34000000 ---p 00000000 00:00 0 
7feb34000000-7feb34001000 r--s 00000000 08:02 3412057                    /home/balazs/.m2/repository/org/springframework/boot/spring-boot-starter-tomcat/2.1.5.RELEASE/spring-boot-starter-tomcat-2.1.5.RELEASE.jar
7feb34001000-7feb34004000 r--s 0000e000 08:02 3280433                    /home/balazs/.m2/repository/com/fasterxml/jackson/core/jackson-annotations/2.9.0/jackson-annotations-2.9.0.jar
7feb34004000-7feb34016000 r--s 00137000 08:02 3149548                    /home/balazs/.m2/repository/com/fasterxml/jackson/core/jackson-databind/2.9.8/jackson-databind-2.9.8.jar
7feb34016000-7feb34017000 r--s 00000000 08:02 3149679                    /home/balazs/.m2/repository/org/springframework/boot/spring-boot-starter-json/2.1.5.RELEASE/spring-boot-starter-json-2.1.5.RELEASE.jar
7feb34017000-7feb3401e000 r--s 00043000 08:02 3149540                    /home/balazs/.m2/repository/org/yaml/snakeyaml/1.23/snakeyaml-1.23.jar
7feb3401e000-7feb34020000 r--s 00005000 08:02 4066691                    /home/balazs/.m2/repository/javax/annotation/javax.annotation-api/1.3.2/javax.annotation-api-1.3.2.jar
7feb34020000-7feb34022000 r--s 00000000 08:02 1059544                    /home/balazs/.m2/repository/org/slf4j/jul-to-slf4j/1.7.26/jul-to-slf4j-1.7.26.jar
7feb34022000-7feb34028000 r--s 0003c000 08:02 2625954                    /home/balazs/.m2/repository/org/apache/logging/log4j/log4j-api/2.11.2/log4j-api-2.11.2.jar
7feb34028000-7feb3402a000 r--s 00003000 08:02 2117442                    /home/balazs/.m2/repository/org/apache/logging/log4j/log4j-to-slf4j/2.11.2/log4j-to-slf4j-2.11.2.jar
7feb3402a000-7feb34035000 r--s 00069000 08:02 3149538                    /home/balazs/.m2/repository/ch/qos/logback/logback-core/1.2.3/logback-core-1.2.3.jar
7feb34035000-7feb3403b000 r--s 00041000 08:02 3018276                    /home/balazs/.m2/repository/ch/qos/logback/logback-classic/1.2.3/logback-classic-1.2.3.jar
7feb3403b000-7feb3403c000 r--s 00000000 08:02 3018343                    /home/balazs/.m2/repository/org/springframework/boot/spring-boot-starter-logging/2.1.5.RELEASE/spring-boot-starter-logging-2.1.5.RELEASE.jar
7feb3403c000-7feb3403d000 r--s 00000000 08:02 4195940                    /home/balazs/.m2/repository/org/springframework/boot/spring-boot-starter/2.1.5.RELEASE/spring-boot-starter-2.1.5.RELEASE.jar
7feb3403d000-7feb3403e000 r--s 00000000 08:02 2495835                    /home/balazs/.m2/repository/org/springframework/boot/spring-boot-starter-web/2.1.5.RELEASE/spring-boot-starter-web-2.1.5.RELEASE.jar
7feb3403e000-7feb34051000 r--s 00345000 08:02 926882                     /usr/lib/jvm/java-8-oracle/jre/lib/resources.jar
7feb34051000-7feb34064000 r--s 000d6000 08:02 926147                     /usr/lib/jvm/java-8-oracle/jre/lib/plugin.jar
7feb34064000-7feb34065000 r--s 00000000 08:02 926129                     /usr/lib/jvm/java-8-oracle/jre/lib/management-agent.jar
7feb34065000-7feb3406a000 r--s 000a0000 08:02 926901                     /usr/lib/jvm/java-8-oracle/jre/lib/jsse.jar
7feb3406a000-7feb3406f000 r--s 00084000 08:02 926122                     /usr/lib/jvm/java-8-oracle/jre/lib/jfr.jar
7feb3406f000-7feb34b7a000 rw-p 00000000 00:00 0 
7feb34b7a000-7feb34d54000 r--s 03d6c000 08:02 926844                     /usr/lib/jvm/java-8-oracle/jre/lib/rt.jar
7feb34d54000-7feb3579c000 rw-p 00000000 00:00 0 
7feb3579c000-7feb3579d000 ---p 00000000 00:00 0 
7feb3579d000-7feb3589d000 rw-p 00000000 00:00 0 
7feb3589d000-7feb3589e000 ---p 00000000 00:00 0 
7feb3589e000-7feb3599e000 rw-p 00000000 00:00 0 
7feb3599e000-7feb3599f000 ---p 00000000 00:00 0 
7feb3599f000-7feb35a9f000 rw-p 00000000 00:00 0 
7feb35a9f000-7feb35aa0000 ---p 00000000 00:00 0 
7feb35aa0000-7feb35bbc000 rw-p 00000000 00:00 0 
7feb35bbc000-7feb35cd7000 ---p 00000000 00:00 0 
7feb35cd7000-7feb35cf3000 rw-p 00000000 00:00 0 
7feb35cf3000-7feb35e0d000 ---p 00000000 00:00 0 
7feb35e0d000-7feb35e78000 rw-p 00000000 00:00 0 
7feb35e78000-7feb35ea9000 ---p 00000000 00:00 0 
7feb35ea9000-7feb35ed0000 rw-p 00000000 00:00 0 
7feb35ed0000-7feb3626a000 ---p 00000000 00:00 0 
7feb3626a000-7feb36284000 r-xp 00000000 08:02 1055198                    /usr/lib/jvm/java-8-oracle/jre/lib/amd64/libzip.so
7feb36284000-7feb36484000 ---p 0001a000 08:02 1055198                    /usr/lib/jvm/java-8-oracle/jre/lib/amd64/libzip.so
7feb36484000-7feb36485000 r--p 0001a000 08:02 1055198                    /usr/lib/jvm/java-8-oracle/jre/lib/amd64/libzip.so
7feb36485000-7feb36486000 rw-p 0001b000 08:02 1055198                    /usr/lib/jvm/java-8-oracle/jre/lib/amd64/libzip.so
7feb36486000-7feb36491000 r-xp 00000000 08:02 529264                     /lib/x86_64-linux-gnu/libnss_files-2.27.so
7feb36491000-7feb36690000 ---p 0000b000 08:02 529264                     /lib/x86_64-linux-gnu/libnss_files-2.27.so
7feb36690000-7feb36691000 r--p 0000a000 08:02 529264                     /lib/x86_64-linux-gnu/libnss_files-2.27.so
7feb36691000-7feb36692000 rw-p 0000b000 08:02 529264                     /lib/x86_64-linux-gnu/libnss_files-2.27.so
7feb36692000-7feb36698000 rw-p 00000000 00:00 0 
7feb36698000-7feb366af000 r-xp 00000000 08:02 529258                     /lib/x86_64-linux-gnu/libnsl-2.27.so
7feb366af000-7feb368ae000 ---p 00017000 08:02 529258                     /lib/x86_64-linux-gnu/libnsl-2.27.so
7feb368ae000-7feb368af000 r--p 00016000 08:02 529258                     /lib/x86_64-linux-gnu/libnsl-2.27.so
7feb368af000-7feb368b0000 rw-p 00017000 08:02 529258                     /lib/x86_64-linux-gnu/libnsl-2.27.so
7feb368b0000-7feb368b2000 rw-p 00000000 00:00 0 
7feb368b2000-7feb368bd000 r-xp 00000000 08:02 529275                     /lib/x86_64-linux-gnu/libnss_nis-2.27.so
7feb368bd000-7feb36abc000 ---p 0000b000 08:02 529275                     /lib/x86_64-linux-gnu/libnss_nis-2.27.so
7feb36abc000-7feb36abd000 r--p 0000a000 08:02 529275                     /lib/x86_64-linux-gnu/libnss_nis-2.27.so
7feb36abd000-7feb36abe000 rw-p 0000b000 08:02 529275                     /lib/x86_64-linux-gnu/libnss_nis-2.27.so
7feb36abe000-7feb36ac6000 r-xp 00000000 08:02 529260                     /lib/x86_64-linux-gnu/libnss_compat-2.27.so
7feb36ac6000-7feb36cc6000 ---p 00008000 08:02 529260                     /lib/x86_64-linux-gnu/libnss_compat-2.27.so
7feb36cc6000-7feb36cc7000 r--p 00008000 08:02 529260                     /lib/x86_64-linux-gnu/libnss_compat-2.27.so
7feb36cc7000-7feb36cc8000 rw-p 00009000 08:02 529260                     /lib/x86_64-linux-gnu/libnss_compat-2.27.so
7feb36cc8000-7feb36cd2000 r-xp 00000000 08:02 1055207                    /usr/lib/jvm/java-8-oracle/jre/lib/amd64/libinstrument.so
7feb36cd2000-7feb36ed1000 ---p 0000a000 08:02 1055207                    /usr/lib/jvm/java-8-oracle/jre/lib/amd64/libinstrument.so
7feb36ed1000-7feb36ed2000 r--p 00009000 08:02 1055207                    /usr/lib/jvm/java-8-oracle/jre/lib/amd64/libinstrument.so
7feb36ed2000-7feb36ed3000 rw-p 0000a000 08:02 1055207                    /usr/lib/jvm/java-8-oracle/jre/lib/amd64/libinstrument.so
7feb36ed3000-7feb36f00000 r-xp 00000000 08:02 1054430                    /usr/lib/jvm/java-8-oracle/jre/lib/amd64/libjava.so
7feb36f00000-7feb370ff000 ---p 0002d000 08:02 1054430                    /usr/lib/jvm/java-8-oracle/jre/lib/amd64/libjava.so
7feb370ff000-7feb37100000 r--p 0002c000 08:02 1054430                    /usr/lib/jvm/java-8-oracle/jre/lib/amd64/libjava.so
7feb37100000-7feb37102000 rw-p 0002d000 08:02 1054430                    /usr/lib/jvm/java-8-oracle/jre/lib/amd64/libjava.so
7feb37102000-7feb3710f000 r-xp 00000000 08:02 1055197                    /usr/lib/jvm/java-8-oracle/jre/lib/amd64/libverify.so
7feb3710f000-7feb3730e000 ---p 0000d000 08:02 1055197                    /usr/lib/jvm/java-8-oracle/jre/lib/amd64/libverify.so
7feb3730e000-7feb37310000 r--p 0000c000 08:02 1055197                    /usr/lib/jvm/java-8-oracle/jre/lib/amd64/libverify.so
7feb37310000-7feb37311000 rw-p 0000e000 08:02 1055197                    /usr/lib/jvm/java-8-oracle/jre/lib/amd64/libverify.so
7feb37311000-7feb37318000 r-xp 00000000 08:02 529315                     /lib/x86_64-linux-gnu/librt-2.27.so
7feb37318000-7feb37517000 ---p 00007000 08:02 529315                     /lib/x86_64-linux-gnu/librt-2.27.so
7feb37517000-7feb37518000 r--p 00006000 08:02 529315                     /lib/x86_64-linux-gnu/librt-2.27.so
7feb37518000-7feb37519000 rw-p 00007000 08:02 529315                     /lib/x86_64-linux-gnu/librt-2.27.so
7feb37519000-7feb376b6000 r-xp 00000000 08:02 529237                     /lib/x86_64-linux-gnu/libm-2.27.so
7feb376b6000-7feb378b5000 ---p 0019d000 08:02 529237                     /lib/x86_64-linux-gnu/libm-2.27.so
7feb378b5000-7feb378b6000 r--p 0019c000 08:02 529237                     /lib/x86_64-linux-gnu/libm-2.27.so
7feb378b6000-7feb378b7000 rw-p 0019d000 08:02 529237                     /lib/x86_64-linux-gnu/libm-2.27.so
7feb378b7000-7feb38599000 r-xp 00000000 08:02 1054293                    /usr/lib/jvm/java-8-oracle/jre/lib/amd64/server/libjvm.so
7feb38599000-7feb38799000 ---p 00ce2000 08:02 1054293                    /usr/lib/jvm/java-8-oracle/jre/lib/amd64/server/libjvm.so
7feb38799000-7feb3882f000 r--p 00ce2000 08:02 1054293                    /usr/lib/jvm/java-8-oracle/jre/lib/amd64/server/libjvm.so
7feb3882f000-7feb38860000 rw-p 00d78000 08:02 1054293                    /usr/lib/jvm/java-8-oracle/jre/lib/amd64/server/libjvm.so
7feb38860000-7feb3889b000 rw-p 00000000 00:00 0 
7feb3889b000-7feb38a82000 r-xp 00000000 08:02 529174                     /lib/x86_64-linux-gnu/libc-2.27.so
7feb38a82000-7feb38c82000 ---p 001e7000 08:02 529174                     /lib/x86_64-linux-gnu/libc-2.27.so
7feb38c82000-7feb38c86000 r--p 001e7000 08:02 529174                     /lib/x86_64-linux-gnu/libc-2.27.so
7feb38c86000-7feb38c88000 rw-p 001eb000 08:02 529174                     /lib/x86_64-linux-gnu/libc-2.27.so
7feb38c88000-7feb38c8c000 rw-p 00000000 00:00 0 
7feb38c8c000-7feb38c8f000 r-xp 00000000 08:02 529197                     /lib/x86_64-linux-gnu/libdl-2.27.so
7feb38c8f000-7feb38e8e000 ---p 00003000 08:02 529197                     /lib/x86_64-linux-gnu/libdl-2.27.so
7feb38e8e000-7feb38e8f000 r--p 00002000 08:02 529197                     /lib/x86_64-linux-gnu/libdl-2.27.so
7feb38e8f000-7feb38e90000 rw-p 00003000 08:02 529197                     /lib/x86_64-linux-gnu/libdl-2.27.so
7feb38e90000-7feb38ea7000 r-xp 00000000 08:02 924385                     /usr/lib/jvm/java-8-oracle/lib/amd64/jli/libjli.so
7feb38ea7000-7feb390a6000 ---p 00017000 08:02 924385                     /usr/lib/jvm/java-8-oracle/lib/amd64/jli/libjli.so
7feb390a6000-7feb390a7000 r--p 00016000 08:02 924385                     /usr/lib/jvm/java-8-oracle/lib/amd64/jli/libjli.so
7feb390a7000-7feb390a8000 rw-p 00017000 08:02 924385                     /usr/lib/jvm/java-8-oracle/lib/amd64/jli/libjli.so
7feb390a8000-7feb390c2000 r-xp 00000000 08:02 529307                     /lib/x86_64-linux-gnu/libpthread-2.27.so
7feb390c2000-7feb392c1000 ---p 0001a000 08:02 529307                     /lib/x86_64-linux-gnu/libpthread-2.27.so
7feb392c1000-7feb392c2000 r--p 00019000 08:02 529307                     /lib/x86_64-linux-gnu/libpthread-2.27.so
7feb392c2000-7feb392c3000 rw-p 0001a000 08:02 529307                     /lib/x86_64-linux-gnu/libpthread-2.27.so
7feb392c3000-7feb392c7000 rw-p 00000000 00:00 0 
7feb392c7000-7feb392ee000 r-xp 00000000 08:02 529146                     /lib/x86_64-linux-gnu/ld-2.27.so
7feb392ee000-7feb392f1000 r--s 0001a000 08:02 926926                     /usr/lib/jvm/java-8-oracle/jre/lib/jce.jar
7feb392f1000-7feb3930c000 r--s 0020c000 08:02 926123                     /usr/lib/jvm/java-8-oracle/jre/lib/deploy.jar
7feb3930c000-7feb393c9000 rw-p 00000000 00:00 0 
7feb393c9000-7feb393ca000 ---p 00000000 00:00 0 
7feb393ca000-7feb393cd000 ---p 00000000 00:00 0 
7feb393cd000-7feb394ce000 rw-p 00000000 00:00 0 
7feb394ce000-7feb394d0000 r--s 00007000 08:02 926928                     /usr/lib/jvm/java-8-oracle/jre/lib/jfxswt.jar
7feb394d0000-7feb394da000 r--s 0006e000 08:02 926132                     /usr/lib/jvm/java-8-oracle/jre/lib/javaws.jar
7feb394da000-7feb394df000 r--s 002f9000 08:02 926842                     /usr/lib/jvm/java-8-oracle/jre/lib/charsets.jar
7feb394df000-7feb394e7000 rw-s 00000000 08:02 4980998                    /tmp/hsperfdata_balazs/5695
7feb394e7000-7feb394e8000 rw-p 00000000 00:00 0 
7feb394e8000-7feb394e9000 ---p 00000000 00:00 0 
7feb394e9000-7feb394ec000 r--p 00000000 00:00 0                          [vvar]
7feb394ec000-7feb394ee000 r-xp 00000000 00:00 0                          [vdso]
7feb394ee000-7feb394ef000 r--p 00027000 08:02 529146                     /lib/x86_64-linux-gnu/ld-2.27.so
7feb394ef000-7feb394f0000 rw-p 00028000 08:02 529146                     /lib/x86_64-linux-gnu/ld-2.27.so
7feb394f0000-7feb394f1000 rw-p 00000000 00:00 0 
7ffce1bd6000-7ffce1bfa000 rw-p 00000000 00:00 0                          [stack]
ffffffffff600000-ffffffffff601000 r-xp 00000000 00:00 0                  [vsyscall]

VM Arguments:
jvm_args: -XX:TieredStopAtLevel=1 -Xverify:none -Dspring.output.ansi.enabled=always -Dcom.sun.management.jmxremote -Dcom.sun.management.jmxremote.port=34457 -Dcom.sun.management.jmxremote.authenticate=false -Dcom.sun.management.jmxremote.ssl=false -Djava.rmi.server.hostname=localhost -Dspring.liveBeansView.mbeanDomain -Dspring.application.admin.enabled=true -javaagent:/home/balazs/Downloads/idea-IU-183.4886.37/lib/idea_rt.jar=46279:/home/balazs/Downloads/idea-IU-183.4886.37/bin -Dfile.encoding=UTF-8 
java_command: com.codecool.serverregistry.ServerRegistryApplication
java_class_path (initial): /usr/lib/jvm/java-8-oracle/jre/lib/charsets.jar:/usr/lib/jvm/java-8-oracle/jre/lib/deploy.jar:/usr/lib/jvm/java-8-oracle/jre/lib/ext/cldrdata.jar:/usr/lib/jvm/java-8-oracle/jre/lib/ext/dnsns.jar:/usr/lib/jvm/java-8-oracle/jre/lib/ext/jaccess.jar:/usr/lib/jvm/java-8-oracle/jre/lib/ext/jfxrt.jar:/usr/lib/jvm/java-8-oracle/jre/lib/ext/localedata.jar:/usr/lib/jvm/java-8-oracle/jre/lib/ext/nashorn.jar:/usr/lib/jvm/java-8-oracle/jre/lib/ext/sunec.jar:/usr/lib/jvm/java-8-oracle/jre/lib/ext/sunjce_provider.jar:/usr/lib/jvm/java-8-oracle/jre/lib/ext/sunpkcs11.jar:/usr/lib/jvm/java-8-oracle/jre/lib/ext/zipfs.jar:/usr/lib/jvm/java-8-oracle/jre/lib/javaws.jar:/usr/lib/jvm/java-8-oracle/jre/lib/jce.jar:/usr/lib/jvm/java-8-oracle/jre/lib/jfr.jar:/usr/lib/jvm/java-8-oracle/jre/lib/jfxswt.jar:/usr/lib/jvm/java-8-oracle/jre/lib/jsse.jar:/usr/lib/jvm/java-8-oracle/jre/lib/management-agent.jar:/usr/lib/jvm/java-8-oracle/jre/lib/plugin.jar:/usr/lib/jvm/java-8-oracle/jre/lib/resources.jar:/usr/lib/jvm/java-8-oracle/jre/lib/rt.jar:/home/balazs/codecool/java/0Enterprise/gamebook/server-registry/target/classes:/home/balazs/.m2/repository/org/springframework/boot/spring-boot-starter-web/2.1.5.RELEASE/spring-boot-starter-web-2.1.5.RELEASE.jar:/home/balazs/.m2/repository/org/springframework/boot/spring-boot-starter/2.1.5.RELEASE/spring-boot-starter-2.1.5.RELEASE.jar:/home/balazs/.m2/repository/org/springframework/boot/spring-boot-starter-logging/2.1.5.RELEASE/spring-boot-starter-logging-2.1.5.RELEASE.jar:/home/balazs/.m2/repository/ch/qos/logback/logback-classic/1.2.3/logback-classic-1.2.3.jar:/home/balazs/.m2/repository/ch/qos/logback/logback-core/1.2.3/logback-core-1.2.3.jar:/home/balazs/.m2/repository/org/apache/logging/log4j/log4j-to-slf4j/2.11.2/log4j-to-slf4j-2.11.2.jar:/home/balazs/.m2/repository/org/apache/logging/log4j/log4j-api/2.11.2/log4j-api-2.11.2.jar:/home/balazs/.m2/repository/org/slf4j/jul-to-slf4j/1.7.26/jul-to-slf4j-1.7.26.jar:/home/balazs/.m2/r
Launcher Type: SUN_STANDARD

Environment Variables:
JAVA_HOME=/usr/lib/jvm/java-8-oracle
PATH=/home/balazs/.local/bin:/usr/local/sbin:/usr/local/bin:/usr/sbin:/usr/bin:/sbin:/bin:/usr/games:/usr/local/games:/snap/bin:/usr/lib/jvm/java-8-oracle/bin:/usr/lib/jvm/java-8-oracle/db/bin:/usr/lib/jvm/java-8-oracle/jre/bin
USERNAME=balazs
SHELL=/bin/bash
DISPLAY=:0

Signal Handlers:
SIGSEGV: [libjvm.so+0xaced60], sa_mask[0]=11111111011111111101111111111110, sa_flags=SA_RESTART|SA_SIGINFO
SIGBUS: [libjvm.so+0xaced60], sa_mask[0]=11111111011111111101111111111110, sa_flags=SA_RESTART|SA_SIGINFO
SIGFPE: [libjvm.so+0x907ca0], sa_mask[0]=11111111011111111101111111111110, sa_flags=SA_RESTART|SA_SIGINFO
SIGPIPE: [libjvm.so+0x907ca0], sa_mask[0]=11111111011111111101111111111110, sa_flags=SA_RESTART|SA_SIGINFO
SIGXFSZ: [libjvm.so+0x907ca0], sa_mask[0]=11111111011111111101111111111110, sa_flags=SA_RESTART|SA_SIGINFO
SIGILL: [libjvm.so+0x907ca0], sa_mask[0]=11111111011111111101111111111110, sa_flags=SA_RESTART|SA_SIGINFO
SIGUSR1: SIG_DFL, sa_mask[0]=00000000000000000000000000000000, sa_flags=none
SIGUSR2: [libjvm.so+0x907b70], sa_mask[0]=00100000000000000000000000000000, sa_flags=SA_RESTART|SA_SIGINFO
SIGHUP: [libjvm.so+0x908190], sa_mask[0]=11111111011111111101111111111110, sa_flags=SA_RESTART|SA_SIGINFO
SIGINT: [libjvm.so+0x908190], sa_mask[0]=11111111011111111101111111111110, sa_flags=SA_RESTART|SA_SIGINFO
SIGTERM: [libjvm.so+0x908190], sa_mask[0]=11111111011111111101111111111110, sa_flags=SA_RESTART|SA_SIGINFO
SIGQUIT: [libjvm.so+0x908190], sa_mask[0]=11111111011111111101111111111110, sa_flags=SA_RESTART|SA_SIGINFO


---------------  S Y S T E M  ---------------

OS:DISTRIB_ID=Ubuntu
DISTRIB_RELEASE=18.04
DISTRIB_CODENAME=bionic
DISTRIB_DESCRIPTION="Ubuntu 18.04.1 LTS"

uname:Linux 4.15.0-50-generic #54-Ubuntu SMP Mon May 6 18:46:08 UTC 2019 x86_64
libc:glibc 2.27 NPTL 2.27 
rlimit: STACK 8192k, CORE 0k, NPROC 13868, NOFILE 1048576, AS infinity
load average:43,42 15,04 13,18

/proc/meminfo:
MemTotal:        3817088 kB
MemFree:           99360 kB
MemAvailable:       1964 kB
Buffers:             280 kB
Cached:           265376 kB
SwapCached:         2808 kB
Active:          2846184 kB
Inactive:         581648 kB
Active(anon):    2845624 kB
Inactive(anon):   569272 kB
Active(file):        560 kB
Inactive(file):    12376 kB
Unevictable:          64 kB
Mlocked:              64 kB
SwapTotal:       2097148 kB
SwapFree:              0 kB
Dirty:                48 kB
Writeback:           164 kB
AnonPages:       3160784 kB
Mapped:            62380 kB
Shmem:            252632 kB
Slab:             108256 kB
SReclaimable:      40380 kB
SUnreclaim:        67876 kB
KernelStack:       16560 kB
PageTables:        72244 kB
NFS_Unstable:          0 kB
Bounce:                0 kB
WritebackTmp:          0 kB
CommitLimit:     4005692 kB
Committed_AS:   11756208 kB
VmallocTotal:   34359738367 kB
VmallocUsed:           0 kB
VmallocChunk:          0 kB
HardwareCorrupted:     0 kB
AnonHugePages:         0 kB
ShmemHugePages:        0 kB
ShmemPmdMapped:        0 kB
CmaTotal:              0 kB
CmaFree:               0 kB
HugePages_Total:       0
HugePages_Free:        0
HugePages_Rsvd:        0
HugePages_Surp:        0
Hugepagesize:       2048 kB
DirectMap4k:      247412 kB
DirectMap2M:     3723264 kB
DirectMap1G:     1048576 kB

container (cgroup) information:
container_type: cgroupv1
cpu_cpuset_cpus: 0-3
cpu_memory_nodes: 0
active_processor_count: 4
cpu_quota: -1
cpu_period: 100000
cpu_shares: -1
memory_limit_in_bytes: -1
memory_and_swap_limit_in_bytes: -2
memory_soft_limit_in_bytes: -1
memory_usage_in_bytes: 3522416640
memory_max_usage_in_bytes: 1994752


CPU:total 4 (initial active 4) (2 cores per cpu, 2 threads per core) family 6 model 142 stepping 9, cmov, cx8, fxsr, mmx, sse, sse2, sse3, ssse3, sse4.1, sse4.2, popcnt, avx, avx2, aes, clmul, erms, 3dnowpref, lzcnt, ht, tsc, tscinvbit, bmi1, bmi2, adx

/proc/cpuinfo:
processor	: 0
vendor_id	: GenuineIntel
cpu family	: 6
model		: 142
model name	: Intel(R) Core(TM) i5-7200U CPU @ 2.50GHz
stepping	: 9
microcode	: 0xb4
cpu MHz		: 1900.000
cache size	: 3072 KB
physical id	: 0
siblings	: 4
core id		: 0
cpu cores	: 2
apicid		: 0
initial apicid	: 0
fpu		: yes
fpu_exception	: yes
cpuid level	: 22
wp		: yes
flags		: fpu vme de pse tsc msr pae mce cx8 apic sep mtrr pge mca cmov pat pse36 clflush dts acpi mmx fxsr sse sse2 ss ht tm pbe syscall nx pdpe1gb rdtscp lm constant_tsc art arch_perfmon pebs bts rep_good nopl xtopology nonstop_tsc cpuid aperfmperf tsc_known_freq pni pclmulqdq dtes64 monitor ds_cpl vmx est tm2 ssse3 sdbg fma cx16 xtpr pdcm pcid sse4_1 sse4_2 x2apic movbe popcnt tsc_deadline_timer aes xsave avx f16c rdrand lahf_lm abm 3dnowprefetch cpuid_fault invpcid_single pti ssbd ibrs ibpb stibp tpr_shadow vnmi flexpriority ept vpid fsgsbase tsc_adjust bmi1 avx2 smep bmi2 erms invpcid mpx rdseed adx smap clflushopt intel_pt xsaveopt xsavec xgetbv1 xsaves dtherm ida arat pln pts hwp hwp_notify hwp_act_window hwp_epp md_clear flush_l1d
bugs		: cpu_meltdown spectre_v1 spectre_v2 spec_store_bypass l1tf mds
bogomips	: 5424.00
clflush size	: 64
cache_alignment	: 64
address sizes	: 39 bits physical, 48 bits virtual
power management:

processor	: 1
vendor_id	: GenuineIntel
cpu family	: 6
model		: 142
model name	: Intel(R) Core(TM) i5-7200U CPU @ 2.50GHz
stepping	: 9
microcode	: 0xb4
cpu MHz		: 1900.001
cache size	: 3072 KB
physical id	: 0
siblings	: 4
core id		: 1
cpu cores	: 2
apicid		: 2
initial apicid	: 2
fpu		: yes
fpu_exception	: yes
cpuid level	: 22
wp		: yes
flags		: fpu vme de pse tsc msr pae mce cx8 apic sep mtrr pge mca cmov pat pse36 clflush dts acpi mmx fxsr sse sse2 ss ht tm pbe syscall nx pdpe1gb rdtscp lm constant_tsc art arch_perfmon pebs bts rep_good nopl xtopology nonstop_tsc cpuid aperfmperf tsc_known_freq pni pclmulqdq dtes64 monitor ds_cpl vmx est tm2 ssse3 sdbg fma cx16 xtpr pdcm pcid sse4_1 sse4_2 x2apic movbe popcnt tsc_deadline_timer aes xsave avx f16c rdrand lahf_lm abm 3dnowprefetch cpuid_fault invpcid_single pti ssbd ibrs ibpb stibp tpr_shadow vnmi flexpriority ept vpid fsgsbase tsc_adjust bmi1 avx2 smep bmi2 erms invpcid mpx rdseed adx smap clflushopt intel_pt xsaveopt xsavec xgetbv1 xsaves dtherm ida arat pln pts hwp hwp_notify hwp_act_window hwp_epp md_clear flush_l1d
bugs		: cpu_meltdown spectre_v1 spectre_v2 spec_store_bypass l1tf mds
bogomips	: 5424.00
clflush size	: 64
cache_alignment	: 64
address sizes	: 39 bits physical, 48 bits virtual
power management:

processor	: 2
vendor_id	: GenuineIntel
cpu family	: 6
model		: 142
model name	: Intel(R) Core(TM) i5-7200U CPU @ 2.50GHz
stepping	: 9
microcode	: 0xb4
cpu MHz		: 1900.001
cache size	: 3072 KB
physical id	: 0
siblings	: 4
core id		: 0
cpu cores	: 2
apicid		: 1
initial apicid	: 1
fpu		: yes
fpu_exception	: yes
cpuid level	: 22
wp		: yes
flags		: fpu vme de pse tsc msr pae mce cx8 apic sep mtrr pge mca cmov pat pse36 clflush dts acpi mmx fxsr sse sse2 ss ht tm pbe syscall nx pdpe1gb rdtscp lm constant_tsc art arch_perfmon pebs bts rep_good nopl xtopology nonstop_tsc cpuid aperfmperf tsc_known_freq pni pclmulqdq dtes64 monitor ds_cpl vmx est tm2 ssse3 sdbg fma cx16 xtpr pdcm pcid sse4_1 sse4_2 x2apic movbe popcnt tsc_deadline_timer aes xsave avx f16c rdrand lahf_lm abm 3dnowprefetch cpuid_fault invpcid_single pti ssbd ibrs ibpb stibp tpr_shadow vnmi flexpriority ept vpid fsgsbase tsc_adjust bmi1 avx2 smep bmi2 erms invpcid mpx rdseed adx smap clflushopt intel_pt xsaveopt xsavec xgetbv1 xsaves dtherm ida arat pln pts hwp hwp_notify hwp_act_window hwp_epp md_clear flush_l1d
bugs		: cpu_meltdown spectre_v1 spectre_v2 spec_store_bypass l1tf mds
bogomips	: 5424.00
clflush size	: 64
cache_alignment	: 64
address sizes	: 39 bits physical, 48 bits virtual
power management:

processor	: 3
vendor_id	: GenuineIntel
cpu family	: 6
model		: 142
model name	: Intel(R) Core(TM) i5-7200U CPU @ 2.50GHz
stepping	: 9
microcode	: 0xb4
cpu MHz		: 1899.999
cache size	: 3072 KB
physical id	: 0
siblings	: 4
core id		: 1
cpu cores	: 2
apicid		: 3
initial apicid	: 3
fpu		: yes
fpu_exception	: yes
cpuid level	: 22
wp		: yes
flags		: fpu vme de pse tsc msr pae mce cx8 apic sep mtrr pge mca cmov pat pse36 clflush dts acpi mmx fxsr sse sse2 ss ht tm pbe syscall nx pdpe1gb rdtscp lm constant_tsc art arch_perfmon pebs bts rep_good nopl xtopology nonstop_tsc cpuid aperfmperf tsc_known_freq pni pclmulqdq dtes64 monitor ds_cpl vmx est tm2 ssse3 sdbg fma cx16 xtpr pdcm pcid sse4_1 sse4_2 x2apic movbe popcnt tsc_deadline_timer aes xsave avx f16c rdrand lahf_lm abm 3dnowprefetch cpuid_fault invpcid_single pti ssbd ibrs ibpb stibp tpr_shadow vnmi flexpriority ept vpid fsgsbase tsc_adjust bmi1 avx2 smep bmi2 erms invpcid mpx rdseed adx smap clflushopt intel_pt xsaveopt xsavec xgetbv1 xsaves dtherm ida arat pln pts hwp hwp_notify hwp_act_window hwp_epp md_clear flush_l1d
bugs		: cpu_meltdown spectre_v1 spectre_v2 spec_store_bypass l1tf mds
bogomips	: 5424.00
clflush size	: 64
cache_alignment	: 64
address sizes	: 39 bits physical, 48 bits virtual
power management:



Memory: 4k page, physical 3817088k(91140k free), swap 2097148k(0k free)

vm_info: Java HotSpot(TM) 64-Bit Server VM (25.191-b12) for linux-amd64 JRE (1.8.0_191-b12), built on Oct  6 2018 05:43:09 by "java_re" with gcc 7.3.0

time: Wed Jun  5 20:21:48 2019
elapsed time: 99 seconds (0d 0h 1m 39s)

