#
# There is insufficient memory for the Java Runtime Environment to continue.
# Native memory allocation (mmap) failed to map 80740352 bytes for committing reserved memory.
# Possible reasons:
#   The system is out of physical RAM or swap space
#   In 32 bit mode, the process size limit was hit
# Possible solutions:
#   Reduce memory load on the system
#   Increase physical memory or swap space
#   Check if swap backing store is full
#   Use 64 bit Java on a 64 bit OS
#   Decrease Java heap size (-Xmx/-Xms)
#   Decrease number of Java threads
#   Decrease Java thread stack sizes (-Xss)
#   Set larger code cache with -XX:ReservedCodeCacheSize=
# This output file may be truncated or incomplete.
#
#  Out of Memory Error (os_linux.cpp:2743), pid=12524, tid=0x00007f280d4d1700
#
# JRE version: Java(TM) SE Runtime Environment (8.0_191-b12) (build 1.8.0_191-b12)
# Java VM: Java HotSpot(TM) 64-Bit Server VM (25.191-b12 mixed mode linux-amd64 compressed oops)
# Failed to write core dump. Core dumps have been disabled. To enable core dumping, try "ulimit -c unlimited" before starting Java again
#

---------------  T H R E A D  ---------------

Current thread (0x00007f282c149000):  VMThread [stack: 0x00007f280d3d2000,0x00007f280d4d2000] [id=12536]

Stack: [0x00007f280d3d2000,0x00007f280d4d2000],  sp=0x00007f280d4d0430,  free space=1017k
Native frames: (J=compiled Java code, j=interpreted, Vv=VM code, C=native code)
V  [libjvm.so+0xace425]  VMError::report_and_die()+0x2c5
V  [libjvm.so+0x4deb77]  report_vm_out_of_memory(char const*, int, unsigned long, VMErrorType, char const*)+0x67
V  [libjvm.so+0x90c570]  os::pd_commit_memory(char*, unsigned long, unsigned long, bool)+0x100
V  [libjvm.so+0x903eaf]  os::commit_memory(char*, unsigned long, unsigned long, bool)+0x1f
V  [libjvm.so+0x988346]  PSVirtualSpace::expand_by(unsigned long)+0x56
V  [libjvm.so+0x9895d8]  PSYoungGen::resize(unsigned long, unsigned long)+0xd8
V  [libjvm.so+0x985d66]  PSScavenge::invoke_no_policy()+0x1356
V  [libjvm.so+0x98610c]  PSScavenge::invoke()+0x4c
V  [libjvm.so+0x935fb8]  ParallelScavengeHeap::failed_mem_allocate(unsigned long)+0x68
V  [libjvm.so+0xacff53]  VM_ParallelGCFailedAllocation::doit()+0x93
V  [libjvm.so+0xad50f6]  VM_Operation::evaluate()+0x46
V  [libjvm.so+0xad347d]  VMThread::evaluate_operation(VM_Operation*) [clone .constprop.44]+0xcd
V  [libjvm.so+0xad3a3b]  VMThread::loop()+0x37b
V  [libjvm.so+0xad3de8]  VMThread::run()+0x78
V  [libjvm.so+0x909c92]  java_start(Thread*)+0x102

VM_Operation (0x00007f27cb9f7690): ParallelGCFailedAllocation, mode: safepoint, requested by thread 0x00007f27c0003800


---------------  P R O C E S S  ---------------

Java Threads: ( => current thread )
  0x00007f27c0003800 JavaThread "restartedMain" [_thread_blocked, id=12571, stack(0x00007f27cb8fb000,0x00007f27cb9fc000)]
  0x00007f282c21e000 JavaThread "Thread-2" [_thread_blocked, id=12570, stack(0x00007f27cbafd000,0x00007f27cbbfe000)]
  0x00007f27fc001000 JavaThread "Attach Listener" daemon [_thread_blocked, id=12568, stack(0x00007f27cb9fc000,0x00007f27cbafd000)]
  0x00007f27e0001000 JavaThread "RMI TCP Connection(2)-127.0.0.1" daemon [_thread_in_native, id=12565, stack(0x00007f27cbdfe000,0x00007f27cbeff000)]
  0x00007f27d001c000 JavaThread "RMI Scheduler(0)" daemon [_thread_blocked, id=12563, stack(0x00007f27cbeff000,0x00007f27cc000000)]
  0x00007f27d4001800 JavaThread "RMI TCP Connection(1)-127.0.0.1" daemon [_thread_blocked, id=12562, stack(0x00007f27f40c3000,0x00007f27f41c4000)]
  0x00007f282c886000 JavaThread "RMI TCP Accept-0" daemon [_thread_in_native, id=12560, stack(0x00007f27f42c5000,0x00007f27f43c6000)]
  0x00007f282c879000 JavaThread "RMI TCP Accept-46245" daemon [_thread_in_native, id=12559, stack(0x00007f27f43c6000,0x00007f27f44c7000)]
  0x00007f282c864800 JavaThread "RMI TCP Accept-0" daemon [_thread_in_native, id=12558, stack(0x00007f27f44c7000,0x00007f27f45c8000)]
  0x00007f282c7d3000 JavaThread "Service Thread" daemon [_thread_blocked, id=12557, stack(0x00007f27f49e4000,0x00007f27f4ae5000)]
  0x00007f282c7d0000 JavaThread "C1 CompilerThread2" daemon [_thread_blocked, id=12556, stack(0x00007f27f4ae6000,0x00007f27f4be6000)]
  0x00007f282c7cd800 JavaThread "C2 CompilerThread1" daemon [_thread_blocked, id=12555, stack(0x00007f27f4be7000,0x00007f27f4ce7000)]
  0x00007f282c7cc000 JavaThread "C2 CompilerThread0" daemon [_thread_blocked, id=12554, stack(0x00007f27f7f00000,0x00007f27f8000000)]
  0x00007f282c7c9800 JavaThread "Monitor Ctrl-Break" daemon [_thread_in_native, id=12553, stack(0x00007f280c04c000,0x00007f280c14d000)]
  0x00007f282c189800 JavaThread "Signal Dispatcher" daemon [_thread_blocked, id=12550, stack(0x00007f280c57a000,0x00007f280c67b000)]
  0x00007f282c155000 JavaThread "Finalizer" daemon [_thread_blocked, id=12542, stack(0x00007f280d1cf000,0x00007f280d2d0000)]
  0x00007f282c152800 JavaThread "Reference Handler" daemon [_thread_blocked, id=12540, stack(0x00007f280d2d0000,0x00007f280d3d1000)]
  0x00007f282c014000 JavaThread "main" [_thread_blocked, id=12526, stack(0x00007f2833a5e000,0x00007f2833b5e000)]

Other Threads:
=>0x00007f282c149000 VMThread [stack: 0x00007f280d3d2000,0x00007f280d4d2000] [id=12536]
  0x00007f282c887800 WatcherThread [stack: 0x00007f27f41c5000,0x00007f27f42c5000] [id=12561]

VM state:at safepoint (normal execution)

VM Mutex/Monitor currently owned by a thread:  ([mutex/lock_event])
[0x00007f282c008a00] Threads_lock - owner thread: 0x00007f282c149000
[0x00007f282c008f00] Heap_lock - owner thread: 0x00007f27c0003800

Heap:
 PSYoungGen      total 131584K, used 6892K [0x00000000ec980000, 0x00000000f5380000, 0x0000000100000000)
  eden space 122368K, 0% used [0x00000000ec980000,0x00000000ec980000,0x00000000f4100000)
  from space 9216K, 74% used [0x00000000f4100000,0x00000000f47bb360,0x00000000f4a00000)
  to   space 8704K, 0% used [0x00000000f4a00000,0x00000000f4a00000,0x00000000f5280000)
 ParOldGen       total 38912K, used 12329K [0x00000000c5c00000, 0x00000000c8200000, 0x00000000ec980000)
  object space 38912K, 31% used [0x00000000c5c00000,0x00000000c680a7e8,0x00000000c8200000)
 Metaspace       used 24509K, capacity 25430K, committed 25600K, reserved 1071104K
  class space    used 3281K, capacity 3517K, committed 3584K, reserved 1048576K

Card table byte_map: [0x00007f2830366000,0x00007f2830539000] byte_map_base: 0x00007f282fd38000

Marking Bits: (ParMarkBitMap*) 0x00007f2832f0cd40
 Begin Bits: [0x00007f280e2e0000, 0x00007f280f170000)
 End Bits:   [0x00007f280f170000, 0x00007f2810000000)

Polling page: 0x00007f2833b7c000

CodeCache: size=245760Kb used=4929Kb max_used=4929Kb free=240830Kb
 bounds [0x00007f281d000000, 0x00007f281d4e0000, 0x00007f282c000000]
 total_blobs=2698 nmethods=2289 adapters=321
 compilation: enabled

Compilation events (10 events):
Event: 4,404 Thread 0x00007f282c7d0000 2285       1       org.springframework.core.type.classreading.AnnotationMetadataReadingVisitor::getInterfaceNames (5 bytes)
Event: 4,405 Thread 0x00007f282c7d0000 nmethod 2285 0x00007f281d4cecd0 code [0x00007f281d4cee20, 0x00007f281d4cef30]
Event: 4,406 Thread 0x00007f282c7d0000 2286       1       java.net.URL::<init> (7 bytes)
Event: 4,406 Thread 0x00007f282c7d0000 nmethod 2286 0x00007f281d4cef90 code [0x00007f281d4cf100, 0x00007f281d4cf248]
Event: 4,407 Thread 0x00007f282c7d0000 2287       1       org.springframework.boot.env.RandomValuePropertySource::getProperty (68 bytes)
Event: 4,408 Thread 0x00007f282c7d0000 nmethod 2287 0x00007f281d4cf2d0 code [0x00007f281d4cf4c0, 0x00007f281d4cf908]
Event: 4,408 Thread 0x00007f282c7d0000 2288       1       org.springframework.asm.Label::accept (65 bytes)
Event: 4,408 Thread 0x00007f282c7d0000 nmethod 2288 0x00007f281d4cfc90 code [0x00007f281d4cfe20, 0x00007f281d4d0068]
Event: 4,409 Thread 0x00007f282c7d0000 2289       1       org.springframework.core.type.classreading.AnnotationMetadataReadingVisitor::isAnnotated (24 bytes)
Event: 4,409 Thread 0x00007f282c7d0000 nmethod 2289 0x00007f281d4d01d0 code [0x00007f281d4d0340, 0x00007f281d4d0538]

GC Heap History (10 events):
Event: 1,454 GC heap after
Heap after GC invocations=3 (full 0):
 PSYoungGen      total 33280K, used 2541K [0x00000000ec980000, 0x00000000f0a80000, 0x0000000100000000)
  eden space 30720K, 0% used [0x00000000ec980000,0x00000000ec980000,0x00000000ee780000)
  from space 2560K, 99% used [0x00000000ee780000,0x00000000ee9fb4f0,0x00000000eea00000)
  to   space 2560K, 0% used [0x00000000f0800000,0x00000000f0800000,0x00000000f0a80000)
 ParOldGen       total 40960K, used 5089K [0x00000000c5c00000, 0x00000000c8400000, 0x00000000ec980000)
  object space 40960K, 12% used [0x00000000c5c00000,0x00000000c60f8530,0x00000000c8400000)
 Metaspace       used 10065K, capacity 10338K, committed 10624K, reserved 1058816K
  class space    used 1228K, capacity 1317K, committed 1408K, reserved 1048576K
}
Event: 1,603 GC heap before
{Heap before GC invocations=4 (full 0):
 PSYoungGen      total 33280K, used 33261K [0x00000000ec980000, 0x00000000f0a80000, 0x0000000100000000)
  eden space 30720K, 100% used [0x00000000ec980000,0x00000000ee780000,0x00000000ee780000)
  from space 2560K, 99% used [0x00000000ee780000,0x00000000ee9fb4f0,0x00000000eea00000)
  to   space 2560K, 0% used [0x00000000f0800000,0x00000000f0800000,0x00000000f0a80000)
 ParOldGen       total 40960K, used 5089K [0x00000000c5c00000, 0x00000000c8400000, 0x00000000ec980000)
  object space 40960K, 12% used [0x00000000c5c00000,0x00000000c60f8530,0x00000000c8400000)
 Metaspace       used 10772K, capacity 11066K, committed 11264K, reserved 1058816K
  class space    used 1335K, capacity 1430K, committed 1536K, reserved 1048576K
Event: 1,616 GC heap after
Heap after GC invocations=4 (full 0):
 PSYoungGen      total 64000K, used 2530K [0x00000000ec980000, 0x00000000f0a80000, 0x0000000100000000)
  eden space 61440K, 0% used [0x00000000ec980000,0x00000000ec980000,0x00000000f0580000)
  from space 2560K, 98% used [0x00000000f0800000,0x00000000f0a78b28,0x00000000f0a80000)
  to   space 2560K, 0% used [0x00000000f0580000,0x00000000f0580000,0x00000000f0800000)
 ParOldGen       total 40960K, used 6131K [0x00000000c5c00000, 0x00000000c8400000, 0x00000000ec980000)
  object space 40960K, 14% used [0x00000000c5c00000,0x00000000c61fcc90,0x00000000c8400000)
 Metaspace       used 10772K, capacity 11066K, committed 11264K, reserved 1058816K
  class space    used 1335K, capacity 1430K, committed 1536K, reserved 1048576K
}
Event: 2,339 GC heap before
{Heap before GC invocations=5 (full 0):
 PSYoungGen      total 64000K, used 63970K [0x00000000ec980000, 0x00000000f0a80000, 0x0000000100000000)
  eden space 61440K, 100% used [0x00000000ec980000,0x00000000f0580000,0x00000000f0580000)
  from space 2560K, 98% used [0x00000000f0800000,0x00000000f0a78b28,0x00000000f0a80000)
  to   space 2560K, 0% used [0x00000000f0580000,0x00000000f0580000,0x00000000f0800000)
 ParOldGen       total 40960K, used 6131K [0x00000000c5c00000, 0x00000000c8400000, 0x00000000ec980000)
  object space 40960K, 14% used [0x00000000c5c00000,0x00000000c61fcc90,0x00000000c8400000)
 Metaspace       used 15702K, capacity 16228K, committed 16384K, reserved 1062912K
  class space    used 2126K, capacity 2274K, committed 2304K, reserved 1048576K
Event: 2,352 GC heap after
Heap after GC invocations=5 (full 0):
 PSYoungGen      total 64000K, used 2540K [0x00000000ec980000, 0x00000000f5280000, 0x0000000100000000)
  eden space 61440K, 0% used [0x00000000ec980000,0x00000000ec980000,0x00000000f0580000)
  from space 2560K, 99% used [0x00000000f0580000,0x00000000f07fb1a8,0x00000000f0800000)
  to   space 8704K, 0% used [0x00000000f4a00000,0x00000000f4a00000,0x00000000f5280000)
 ParOldGen       total 40960K, used 10999K [0x00000000c5c00000, 0x00000000c8400000, 0x00000000ec980000)
  object space 40960K, 26% used [0x00000000c5c00000,0x00000000c66bdeb0,0x00000000c8400000)
 Metaspace       used 15702K, capacity 16228K, committed 16384K, reserved 1062912K
  class space    used 2126K, capacity 2274K, committed 2304K, reserved 1048576K
}
Event: 3,365 GC heap before
{Heap before GC invocations=6 (full 0):
 PSYoungGen      total 64000K, used 48334K [0x00000000ec980000, 0x00000000f5280000, 0x0000000100000000)
  eden space 61440K, 74% used [0x00000000ec980000,0x00000000ef638a08,0x00000000f0580000)
  from space 2560K, 99% used [0x00000000f0580000,0x00000000f07fb1a8,0x00000000f0800000)
  to   space 8704K, 0% used [0x00000000f4a00000,0x00000000f4a00000,0x00000000f5280000)
 ParOldGen       total 40960K, used 10999K [0x00000000c5c00000, 0x00000000c8400000, 0x00000000ec980000)
  object space 40960K, 26% used [0x00000000c5c00000,0x00000000c66bdeb0,0x00000000c8400000)
 Metaspace       used 20663K, capacity 21252K, committed 21296K, reserved 1067008K
  class space    used 2725K, capacity 2924K, committed 2944K, reserved 1048576K
Event: 3,388 GC heap after
Heap after GC invocations=6 (full 0):
 PSYoungGen      total 131072K, used 7452K [0x00000000ec980000, 0x00000000f5380000, 0x0000000100000000)
  eden space 122368K, 0% used [0x00000000ec980000,0x00000000ec980000,0x00000000f4100000)
  from space 8704K, 85% used [0x00000000f4a00000,0x00000000f5147150,0x00000000f5280000)
  to   space 9216K, 0% used [0x00000000f4100000,0x00000000f4100000,0x00000000f4a00000)
 ParOldGen       total 40960K, used 11007K [0x00000000c5c00000, 0x00000000c8400000, 0x00000000ec980000)
  object space 40960K, 26% used [0x00000000c5c00000,0x00000000c66bfeb0,0x00000000c8400000)
 Metaspace       used 20663K, capacity 21252K, committed 21296K, reserved 1067008K
  class space    used 2725K, capacity 2924K, committed 2944K, reserved 1048576K
}
Event: 3,388 GC heap before
{Heap before GC invocations=7 (full 1):
 PSYoungGen      total 131072K, used 7452K [0x00000000ec980000, 0x00000000f5380000, 0x0000000100000000)
  eden space 122368K, 0% used [0x00000000ec980000,0x00000000ec980000,0x00000000f4100000)
  from space 8704K, 85% used [0x00000000f4a00000,0x00000000f5147150,0x00000000f5280000)
  to   space 9216K, 0% used [0x00000000f4100000,0x00000000f4100000,0x00000000f4a00000)
 ParOldGen       total 40960K, used 11007K [0x00000000c5c00000, 0x00000000c8400000, 0x00000000ec980000)
  object space 40960K, 26% used [0x00000000c5c00000,0x00000000c66bfeb0,0x00000000c8400000)
 Metaspace       used 20663K, capacity 21252K, committed 21296K, reserved 1067008K
  class space    used 2725K, capacity 2924K, committed 2944K, reserved 1048576K
Event: 3,462 GC heap after
Heap after GC invocations=7 (full 1):
 PSYoungGen      total 131072K, used 0K [0x00000000ec980000, 0x00000000f5380000, 0x0000000100000000)
  eden space 122368K, 0% used [0x00000000ec980000,0x00000000ec980000,0x00000000f4100000)
  from space 8704K, 0% used [0x00000000f4a00000,0x00000000f4a00000,0x00000000f5280000)
  to   space 9216K, 0% used [0x00000000f4100000,0x00000000f4100000,0x00000000f4a00000)
 ParOldGen       total 38912K, used 12321K [0x00000000c5c00000, 0x00000000c8200000, 0x00000000ec980000)
  object space 38912K, 31% used [0x00000000c5c00000,0x00000000c68087e8,0x00000000c8200000)
 Metaspace       used 20660K, capacity 21240K, committed 21296K, reserved 1067008K
  class space    used 2724K, capacity 2922K, committed 2944K, reserved 1048576K
}
Event: 4,442 GC heap before
{Heap before GC invocations=8 (full 1):
 PSYoungGen      total 131072K, used 122317K [0x00000000ec980000, 0x00000000f5380000, 0x0000000100000000)
  eden space 122368K, 99% used [0x00000000ec980000,0x00000000f40f3590,0x00000000f4100000)
  from space 8704K, 0% used [0x00000000f4a00000,0x00000000f4a00000,0x00000000f5280000)
  to   space 9216K, 0% used [0x00000000f4100000,0x00000000f4100000,0x00000000f4a00000)
 ParOldGen       total 38912K, used 12321K [0x00000000c5c00000, 0x00000000c8200000, 0x00000000ec980000)
  object space 38912K, 31% used [0x00000000c5c00000,0x00000000c68087e8,0x00000000c8200000)
 Metaspace       used 24509K, capacity 25430K, committed 25600K, reserved 1071104K
  class space    used 3281K, capacity 3517K, committed 3584K, reserved 1048576K

Deoptimization events (0 events):
No events

Classes redefined (0 events):
No events

Internal exceptions (10 events):
Event: 3,834 Thread 0x00007f27c0003800 Exception <a 'java/lang/ArrayIndexOutOfBoundsException'> (0x00000000ef1225b0) thrown at [/HUDSON/workspace/8-2-build-linux-amd64/jdk8u191/11894/hotspot/src/share/vm/runtime/sharedRuntime.cpp, line 605]
Event: 3,834 Thread 0x00007f27c0003800 Exception <a 'java/lang/ArrayIndexOutOfBoundsException'> (0x00000000ef123570) thrown at [/HUDSON/workspace/8-2-build-linux-amd64/jdk8u191/11894/hotspot/src/share/vm/runtime/sharedRuntime.cpp, line 605]
Event: 3,834 Thread 0x00007f27c0003800 Exception <a 'java/lang/ArrayIndexOutOfBoundsException'> (0x00000000ef125c68) thrown at [/HUDSON/workspace/8-2-build-linux-amd64/jdk8u191/11894/hotspot/src/share/vm/runtime/sharedRuntime.cpp, line 605]
Event: 3,928 Thread 0x00007f27c0003800 Exception <a 'java/lang/ArrayIndexOutOfBoundsException'> (0x00000000ef8b0850) thrown at [/HUDSON/workspace/8-2-build-linux-amd64/jdk8u191/11894/hotspot/src/share/vm/runtime/sharedRuntime.cpp, line 605]
Event: 3,930 Thread 0x00007f27c0003800 Exception <a 'java/lang/ArrayIndexOutOfBoundsException'> (0x00000000ef8cf5e0) thrown at [/HUDSON/workspace/8-2-build-linux-amd64/jdk8u191/11894/hotspot/src/share/vm/runtime/sharedRuntime.cpp, line 605]
Event: 3,931 Thread 0x00007f27c0003800 Exception <a 'java/lang/ArrayIndexOutOfBoundsException'> (0x00000000ef8dc0d0) thrown at [/HUDSON/workspace/8-2-build-linux-amd64/jdk8u191/11894/hotspot/src/share/vm/runtime/sharedRuntime.cpp, line 605]
Event: 3,931 Thread 0x00007f27c0003800 Exception <a 'java/lang/ArrayIndexOutOfBoundsException'> (0x00000000ef8ddf80) thrown at [/HUDSON/workspace/8-2-build-linux-amd64/jdk8u191/11894/hotspot/src/share/vm/runtime/sharedRuntime.cpp, line 605]
Event: 3,962 Thread 0x00007f27c0003800 Exception <a 'java/lang/NoSuchMethodError': java.lang.Object.lambda$comparing$77a9974f$1(Ljava/util/function/Function;Ljava/lang/Object;Ljava/lang/Object;)I> (0x00000000efbcfc00) thrown at [/HUDSON/workspace/8-2-build-linux-amd64/jdk8u191/11894/hotspot/sr
Event: 4,008 Thread 0x00007f27e0001000 Exception <a 'java/lang/reflect/InvocationTargetException'> (0x00000000ece049f8) thrown at [/HUDSON/workspace/8-2-build-linux-amd64/jdk8u191/11894/hotspot/src/share/vm/runtime/reflection.cpp, line 1092]
Event: 4,196 Thread 0x00007f27c0003800 Exception <a 'java/lang/IncompatibleClassChangeError': Found class java.lang.Object, but interface was expected> (0x00000000f0bbe650) thrown at [/HUDSON/workspace/8-2-build-linux-amd64/jdk8u191/11894/hotspot/src/share/vm/interpreter/linkResolver.cpp, line

Events (10 events):
Event: 4,402 loading class org/apache/commons/dbcp2/BasicDataSource done
Event: 4,402 loading class org/apache/tomcat/jdbc/pool/DataSource
Event: 4,402 loading class org/apache/tomcat/jdbc/pool/DataSource done
Event: 4,405 loading class org/springframework/boot/autoconfigure/jdbc/DataSourceInitializationConfiguration$Registrar
Event: 4,405 loading class org/springframework/boot/autoconfigure/jdbc/DataSourceInitializationConfiguration$Registrar done
Event: 4,417 loading class org/springframework/boot/autoconfigure/orm/jpa/HibernateJpaAutoConfiguration$HibernateEntityManagerCondition
Event: 4,417 loading class org/springframework/boot/autoconfigure/orm/jpa/HibernateJpaAutoConfiguration$HibernateEntityManagerCondition done
Event: 4,418 loading class org/hibernate/ejb/HibernateEntityManager
Event: 4,418 loading class org/hibernate/ejb/HibernateEntityManager done
Event: 4,437 Executing VM operation: ParallelGCFailedAllocation


Dynamic libraries:
00400000-00401000 r-xp 00000000 08:02 787244                             /usr/lib/jvm/java-8-oracle/bin/java
00600000-00601000 r--p 00000000 08:02 787244                             /usr/lib/jvm/java-8-oracle/bin/java
00601000-00602000 rw-p 00001000 08:02 787244                             /usr/lib/jvm/java-8-oracle/bin/java
00f63000-00f84000 rw-p 00000000 00:00 0                                  [heap]
c5c00000-c8200000 rw-p 00000000 00:00 0 
c8200000-ec980000 ---p 00000000 00:00 0 
ec980000-f5380000 rw-p 00000000 00:00 0 
fa080000-100000000 ---p 00000000 00:00 0 
100000000-100380000 rw-p 00000000 00:00 0 
100380000-140000000 ---p 00000000 00:00 0 
7f27ac000000-7f27ac370000 rw-p 00000000 00:00 0 
7f27ac370000-7f27b0000000 ---p 00000000 00:00 0 
7f27b0000000-7f27b0021000 rw-p 00000000 00:00 0 
7f27b0021000-7f27b4000000 ---p 00000000 00:00 0 
7f27b4000000-7f27b4021000 rw-p 00000000 00:00 0 
7f27b4021000-7f27b8000000 ---p 00000000 00:00 0 
7f27b8000000-7f27b8429000 rw-p 00000000 00:00 0 
7f27b8429000-7f27bc000000 ---p 00000000 00:00 0 
7f27bc000000-7f27bc021000 rw-p 00000000 00:00 0 
7f27bc021000-7f27c0000000 ---p 00000000 00:00 0 
7f27c0000000-7f27c0021000 rw-p 00000000 00:00 0 
7f27c0021000-7f27c4000000 ---p 00000000 00:00 0 
7f27c4000000-7f27c4021000 rw-p 00000000 00:00 0 
7f27c4021000-7f27c8000000 ---p 00000000 00:00 0 
7f27ca4d4000-7f27ca654000 rw-p 00000000 00:00 0 
7f27ca654000-7f27ca6d4000 ---p 00000000 00:00 0 
7f27ca6d4000-7f27ca8d4000 rw-p 00000000 00:00 0 
7f27ca8d4000-7f27caad4000 rw-p 00000000 00:00 0 
7f27caad4000-7f27cacd4000 rw-p 00000000 00:00 0 
7f27cacd4000-7f27caed4000 rw-p 00000000 00:00 0 
7f27caed4000-7f27caeeb000 r-xp 00000000 08:02 529313                     /lib/x86_64-linux-gnu/libresolv-2.27.so
7f27caeeb000-7f27cb0eb000 ---p 00017000 08:02 529313                     /lib/x86_64-linux-gnu/libresolv-2.27.so
7f27cb0eb000-7f27cb0ec000 r--p 00017000 08:02 529313                     /lib/x86_64-linux-gnu/libresolv-2.27.so
7f27cb0ec000-7f27cb0ed000 rw-p 00018000 08:02 529313                     /lib/x86_64-linux-gnu/libresolv-2.27.so
7f27cb0ed000-7f27cb0ef000 rw-p 00000000 00:00 0 
7f27cb0ef000-7f27cb0f4000 r-xp 00000000 08:02 529262                     /lib/x86_64-linux-gnu/libnss_dns-2.27.so
7f27cb0f4000-7f27cb2f4000 ---p 00005000 08:02 529262                     /lib/x86_64-linux-gnu/libnss_dns-2.27.so
7f27cb2f4000-7f27cb2f5000 r--p 00005000 08:02 529262                     /lib/x86_64-linux-gnu/libnss_dns-2.27.so
7f27cb2f5000-7f27cb2f6000 rw-p 00006000 08:02 529262                     /lib/x86_64-linux-gnu/libnss_dns-2.27.so
7f27cb2f6000-7f27cb2f8000 r-xp 00000000 08:02 529270                     /lib/x86_64-linux-gnu/libnss_mdns4_minimal.so.2
7f27cb2f8000-7f27cb4f7000 ---p 00002000 08:02 529270                     /lib/x86_64-linux-gnu/libnss_mdns4_minimal.so.2
7f27cb4f7000-7f27cb4f8000 r--p 00001000 08:02 529270                     /lib/x86_64-linux-gnu/libnss_mdns4_minimal.so.2
7f27cb4f8000-7f27cb4f9000 rw-p 00002000 08:02 529270                     /lib/x86_64-linux-gnu/libnss_mdns4_minimal.so.2
7f27cb4f9000-7f27cb4fc000 ---p 00000000 00:00 0 
7f27cb4fc000-7f27cb7fa000 rw-p 00000000 00:00 0 
7f27cb7fa000-7f27cb7fd000 ---p 00000000 00:00 0 
7f27cb7fd000-7f27cb8fb000 rw-p 00000000 00:00 0 
7f27cb8fb000-7f27cb8fe000 ---p 00000000 00:00 0 
7f27cb8fe000-7f27cb9fc000 rw-p 00000000 00:00 0 
7f27cb9fc000-7f27cb9ff000 ---p 00000000 00:00 0 
7f27cb9ff000-7f27cbafd000 rw-p 00000000 00:00 0 
7f27cbafd000-7f27cbb00000 ---p 00000000 00:00 0 
7f27cbb00000-7f27cbdfe000 rw-p 00000000 00:00 0 
7f27cbdfe000-7f27cbe01000 ---p 00000000 00:00 0 
7f27cbe01000-7f27cbeff000 rw-p 00000000 00:00 0 
7f27cbeff000-7f27cbf02000 ---p 00000000 00:00 0 
7f27cbf02000-7f27cc000000 rw-p 00000000 00:00 0 
7f27cc000000-7f27cc021000 rw-p 00000000 00:00 0 
7f27cc021000-7f27d0000000 ---p 00000000 00:00 0 
7f27d0000000-7f27d0021000 rw-p 00000000 00:00 0 
7f27d0021000-7f27d4000000 ---p 00000000 00:00 0 
7f27d4000000-7f27d4021000 rw-p 00000000 00:00 0 
7f27d4021000-7f27d8000000 ---p 00000000 00:00 0 
7f27d8000000-7f27d8021000 rw-p 00000000 00:00 0 
7f27d8021000-7f27dc000000 ---p 00000000 00:00 0 
7f27dc000000-7f27dc021000 rw-p 00000000 00:00 0 
7f27dc021000-7f27e0000000 ---p 00000000 00:00 0 
7f27e0000000-7f27e0021000 rw-p 00000000 00:00 0 
7f27e0021000-7f27e4000000 ---p 00000000 00:00 0 
7f27e4000000-7f27e4021000 rw-p 00000000 00:00 0 
7f27e4021000-7f27e8000000 ---p 00000000 00:00 0 
7f27e8000000-7f27e8688000 rw-p 00000000 00:00 0 
7f27e8688000-7f27ec000000 ---p 00000000 00:00 0 
7f27ec000000-7f27ec05e000 rw-p 00000000 00:00 0 
7f27ec05e000-7f27f0000000 ---p 00000000 00:00 0 
7f27f0000000-7f27f0021000 rw-p 00000000 00:00 0 
7f27f0021000-7f27f4000000 ---p 00000000 00:00 0 
7f27f402d000-7f27f40c3000 r--s 0110e000 08:02 926906                     /usr/lib/jvm/java-8-oracle/jre/lib/ext/jfxrt.jar
7f27f40c3000-7f27f40c6000 ---p 00000000 00:00 0 
7f27f40c6000-7f27f41c4000 rw-p 00000000 00:00 0 
7f27f41c4000-7f27f41c5000 ---p 00000000 00:00 0 
7f27f41c5000-7f27f42c5000 rw-p 00000000 00:00 0 
7f27f42c5000-7f27f42c8000 ---p 00000000 00:00 0 
7f27f42c8000-7f27f43c6000 rw-p 00000000 00:00 0 
7f27f43c6000-7f27f43c9000 ---p 00000000 00:00 0 
7f27f43c9000-7f27f44c7000 rw-p 00000000 00:00 0 
7f27f44c7000-7f27f44ca000 ---p 00000000 00:00 0 
7f27f44ca000-7f27f45c8000 rw-p 00000000 00:00 0 
7f27f45c8000-7f27f45d9000 r-xp 00000000 08:02 1055205                    /usr/lib/jvm/java-8-oracle/jre/lib/amd64/libnio.so
7f27f45d9000-7f27f47d8000 ---p 00011000 08:02 1055205                    /usr/lib/jvm/java-8-oracle/jre/lib/amd64/libnio.so
7f27f47d8000-7f27f47d9000 r--p 00010000 08:02 1055205                    /usr/lib/jvm/java-8-oracle/jre/lib/amd64/libnio.so
7f27f47d9000-7f27f47da000 rw-p 00011000 08:02 1055205                    /usr/lib/jvm/java-8-oracle/jre/lib/amd64/libnio.so
7f27f47da000-7f27f47e2000 r-xp 00000000 08:02 1055210                    /usr/lib/jvm/java-8-oracle/jre/lib/amd64/libmanagement.so
7f27f47e2000-7f27f49e2000 ---p 00008000 08:02 1055210                    /usr/lib/jvm/java-8-oracle/jre/lib/amd64/libmanagement.so
7f27f49e2000-7f27f49e3000 r--p 00008000 08:02 1055210                    /usr/lib/jvm/java-8-oracle/jre/lib/amd64/libmanagement.so
7f27f49e3000-7f27f49e4000 rw-p 00009000 08:02 1055210                    /usr/lib/jvm/java-8-oracle/jre/lib/amd64/libmanagement.so
7f27f49e4000-7f27f49e7000 ---p 00000000 00:00 0 
7f27f49e7000-7f27f4ae5000 rw-p 00000000 00:00 0 
7f27f4ae5000-7f27f4ae6000 ---p 00000000 00:00 0 
7f27f4ae6000-7f27f4ae9000 ---p 00000000 00:00 0 
7f27f4ae9000-7f27f4be6000 rw-p 00000000 00:00 0 
7f27f4be6000-7f27f4be7000 ---p 00000000 00:00 0 
7f27f4be7000-7f27f4bea000 ---p 00000000 00:00 0 
7f27f4bea000-7f27f7ce8000 rw-p 00000000 00:00 0 
7f27f7ce8000-7f27f7cfe000 r-xp 00000000 08:02 1055202                    /usr/lib/jvm/java-8-oracle/jre/lib/amd64/libnet.so
7f27f7cfe000-7f27f7efd000 ---p 00016000 08:02 1055202                    /usr/lib/jvm/java-8-oracle/jre/lib/amd64/libnet.so
7f27f7efd000-7f27f7efe000 r--p 00015000 08:02 1055202                    /usr/lib/jvm/java-8-oracle/jre/lib/amd64/libnet.so
7f27f7efe000-7f27f7eff000 rw-p 00016000 08:02 1055202                    /usr/lib/jvm/java-8-oracle/jre/lib/amd64/libnet.so
7f27f7eff000-7f27f7f00000 ---p 00000000 00:00 0 
7f27f7f00000-7f27f7f03000 ---p 00000000 00:00 0 
7f27f7f03000-7f27f8000000 rw-p 00000000 00:00 0 
7f27f8000000-7f27f8021000 rw-p 00000000 00:00 0 
7f27f8021000-7f27fc000000 ---p 00000000 00:00 0 
7f27fc000000-7f27fc021000 rw-p 00000000 00:00 0 
7f27fc021000-7f2800000000 ---p 00000000 00:00 0 
7f2800000000-7f280029b000 rw-p 00000000 00:00 0 
7f280029b000-7f2804000000 ---p 00000000 00:00 0 
7f2804000000-7f2804021000 rw-p 00000000 00:00 0 
7f2804021000-7f2808000000 ---p 00000000 00:00 0 
7f2808000000-7f2808021000 rw-p 00000000 00:00 0 
7f2808021000-7f280c000000 ---p 00000000 00:00 0 
7f280c021000-7f280c02b000 r--s 00116000 08:02 926912                     /usr/lib/jvm/java-8-oracle/jre/lib/ext/localedata.jar
7f280c02b000-7f280c047000 r--s 00393000 08:02 926905                     /usr/lib/jvm/java-8-oracle/jre/lib/ext/cldrdata.jar
7f280c047000-7f280c04c000 r--s 000a0000 08:02 926901                     /usr/lib/jvm/java-8-oracle/jre/lib/jsse.jar
7f280c04c000-7f280c04f000 ---p 00000000 00:00 0 
7f280c04f000-7f280c14d000 rw-p 00000000 00:00 0 
7f280c14d000-7f280c14f000 r--s 0001a000 08:02 6304479                    /home/balazs/Downloads/idea-IU-183.4886.37/lib/idea_rt.jar
7f280c14f000-7f280c1aa000 r--s 0038b000 08:02 4066702                    /home/balazs/.m2/repository/org/assertj/assertj-core/3.11.1/assertj-core-3.11.1.jar
7f280c1aa000-7f280c1ab000 r--s 00009000 08:02 4592513                    /home/balazs/.m2/repository/org/thymeleaf/extras/thymeleaf-extras-java8time/3.0.4.RELEASE/thymeleaf-extras-java8time-3.0.4.RELEASE.jar
7f280c1ab000-7f280c1ae000 r--s 00028000 08:02 4067511                    /home/balazs/.m2/repository/org/unbescape/unbescape/1.1.6.RELEASE/unbescape-1.1.6.RELEASE.jar
7f280c1ae000-7f280c1b3000 r--s 00037000 08:02 4067507                    /home/balazs/.m2/repository/org/attoparser/attoparser/2.0.5.RELEASE/attoparser-2.0.5.RELEASE.jar
7f280c1b3000-7f280c1c3000 r--s 000c5000 08:02 4067509                    /home/balazs/.m2/repository/org/thymeleaf/thymeleaf/3.0.11.RELEASE/thymeleaf-3.0.11.RELEASE.jar
7f280c1c3000-7f280c1c8000 r--s 00027000 08:02 4067505                    /home/balazs/.m2/repository/org/thymeleaf/thymeleaf-spring5/3.0.11.RELEASE/thymeleaf-spring5-3.0.11.RELEASE.jar
7f280c1c8000-7f280c1c9000 r--s 00000000 08:02 1970821                    /home/balazs/.m2/repository/org/springframework/boot/spring-boot-starter-thymeleaf/2.1.5.RELEASE/spring-boot-starter-thymeleaf-2.1.5.RELEASE.jar
7f280c1c9000-7f280c1d1000 r--s 000b0000 08:02 3801410                    /home/balazs/.m2/repository/org/postgresql/postgresql/42.2.5.jre7/postgresql-42.2.5.jre7.jar
7f280c1d1000-7f280c1da000 r--s 0005a000 08:02 4195950                    /home/balazs/.m2/repository/org/springframework/spring-jdbc/5.1.7.RELEASE/spring-jdbc-5.1.7.RELEASE.jar
7f280c1da000-7f280c1de000 r--s 00020000 08:02 4068512                    /home/balazs/.m2/repository/com/zaxxer/HikariCP/3.2.0/HikariCP-3.2.0.jar
7f280c1de000-7f280c1df000 r--s 00000000 08:02 4195932                    /home/balazs/.m2/repository/org/springframework/boot/spring-boot-starter-jdbc/2.1.5.RELEASE/spring-boot-starter-jdbc-2.1.5.RELEASE.jar
7f280c1df000-7f280c1e1000 r--s 0000a000 08:02 4195925                    /home/balazs/.m2/repository/org/springframework/spring-aspects/5.1.7.RELEASE/spring-aspects-5.1.7.RELEASE.jar
7f280c1e1000-7f280c1e9000 r--s 00037000 08:02 4195931                    /home/balazs/.m2/repository/org/springframework/spring-tx/5.1.7.RELEASE/spring-tx-5.1.7.RELEASE.jar
7f280c1e9000-7f280c1ed000 r--s 0002d000 08:02 4195951                    /home/balazs/.m2/repository/org/springframework/spring-orm/5.1.7.RELEASE/spring-orm-5.1.7.RELEASE.jar
7f280c1ed000-7f280c205000 r--s 00107000 08:02 4195923                    /home/balazs/.m2/repository/org/springframework/data/spring-data-commons/2.1.8.RELEASE/spring-data-commons-2.1.8.RELEASE.jar
7f280c205000-7f280c20d000 r--s 0004f000 08:02 4195944                    /home/balazs/.m2/repository/org/springframework/data/spring-data-jpa/2.1.8.RELEASE/spring-data-jpa-2.1.8.RELEASE.jar
7f280c20d000-7f280c210000 r--s 00010000 08:02 4068525                    /home/balazs/.m2/repository/org/hibernate/common/hibernate-commons-annotations/5.0.4.Final/hibernate-commons-annotations-5.0.4.Final.jar
7f280c210000-7f280c215000 r--s 0004b000 08:02 4068520                    /home/balazs/.m2/repository/org/dom4j/dom4j/2.1.1/dom4j-2.1.1.jar
7f280c215000-7f280c217000 r--s 0000c000 08:02 4068530                    /home/balazs/.m2/repository/javax/activation/javax.activation-api/1.2.0/javax.activation-api-1.2.0.jar
7f280c217000-7f280c21a000 r--s 0002b000 08:02 4068529                    /home/balazs/.m2/repository/org/jboss/jandex/2.0.5.Final/jandex-2.0.5.Final.jar
7f280c21a000-7f280c21f000 r--s 00068000 08:02 4068526                    /home/balazs/.m2/repository/antlr/antlr/2.7.7/antlr-2.7.7.jar
7f280c21f000-7f280c22a000 r--s 000b2000 08:02 4195937                    /home/balazs/.m2/repository/org/javassist/javassist/3.23.2-GA/javassist-3.23.2-GA.jar
7f280c22a000-7f280c230000 r--s 00023000 08:02 4068509                    /home/balazs/.m2/repository/javax/persistence/javax.persistence-api/2.2/javax.persistence-api-2.2.jar
7f280c230000-7f280c2b2000 r--s 00627000 08:02 4195942                    /home/balazs/.m2/repository/org/hibernate/hibernate-core/5.3.10.Final/hibernate-core-5.3.10.Final.jar
7f280c2b2000-7f280c2b3000 r--s 00006000 08:02 4066045                    /home/balazs/.m2/repository/javax/transaction/javax.transaction-api/1.3/javax.transaction-api-1.3.jar
7f280c2b3000-7f280c2cc000 r--s 001da000 08:02 4195938                    /home/balazs/.m2/repository/org/aspectj/aspectjweaver/1.9.4/aspectjweaver-1.9.4.jar
7f280c2cc000-7f280c2cd000 r--s 00000000 08:02 4195918                    /home/balazs/.m2/repository/org/springframework/boot/spring-boot-starter-aop/2.1.5.RELEASE/spring-boot-starter-aop-2.1.5.RELEASE.jar
7f280c2cd000-7f280c2ce000 r--s 00000000 08:02 4195920                    /home/balazs/.m2/repository/org/springframework/boot/spring-boot-starter-data-jpa/2.1.5.RELEASE/spring-boot-starter-data-jpa-2.1.5.RELEASE.jar
7f280c2ce000-7f280c2cf000 r--s 00005000 08:02 4195962                    /home/balazs/.m2/repository/org/springframework/spring-jcl/5.1.7.RELEASE/spring-jcl-5.1.7.RELEASE.jar
7f280c2cf000-7f280c2e8000 r--s 00123000 08:02 4195963                    /home/balazs/.m2/repository/org/springframework/spring-core/5.1.7.RELEASE/spring-core-5.1.7.RELEASE.jar
7f280c2e8000-7f280c32f000 r--s 002da000 08:02 4066709                    /home/balazs/.m2/repository/net/bytebuddy/byte-buddy/1.9.12/byte-buddy-1.9.12.jar
7f280c32f000-7f280c346000 r--s 00190000 08:02 4195964                    /home/balazs/.m2/repository/org/projectlombok/lombok/1.18.8/lombok-1.18.8.jar
7f280c346000-7f280c36a000 r--s 00111000 08:02 2887380                    /home/balazs/.m2/repository/org/springframework/boot/spring-boot-autoconfigure/2.1.5.RELEASE/spring-boot-autoconfigure-2.1.5.RELEASE.jar
7f280c36a000-7f280c37f000 r--s 000d4000 08:02 4195954                    /home/balazs/.m2/repository/org/springframework/boot/spring-boot/2.1.5.RELEASE/spring-boot-2.1.5.RELEASE.jar
7f280c37f000-7f280c385000 r--s 0002e000 08:02 4195946                    /home/balazs/.m2/repository/org/springframework/boot/spring-boot-devtools/2.1.5.RELEASE/spring-boot-devtools-2.1.5.RELEASE.jar
7f280c385000-7f280c387000 r--s 00005000 08:02 3542605                    /home/balazs/.m2/repository/xpp3/xpp3_min/1.1.4c/xpp3_min-1.1.4c.jar
7f280c387000-7f280c388000 r--s 00001000 08:02 3411912                    /home/balazs/.m2/repository/xmlpull/xmlpull/1.1.3.1/xmlpull-1.1.3.1.jar
7f280c388000-7f280c396000 r--s 00082000 08:02 3016784                    /home/balazs/.m2/repository/com/thoughtworks/xstream/xstream/1.4.10/xstream-1.4.10.jar
7f280c396000-7f280c398000 r--s 00009000 08:02 536229                     /home/balazs/.m2/repository/org/slf4j/slf4j-api/1.7.26/slf4j-api-1.7.26.jar
7f280c398000-7f280c39a000 r--s 00003000 08:02 660844                     /home/balazs/.m2/repository/com/netflix/ribbon/ribbon-eureka/2.3.0/ribbon-eureka-2.3.0.jar
7f280c39a000-7f280c3b3000 r--s 00102000 08:02 660922                     /home/balazs/.m2/repository/io/reactivex/rxjava/1.3.8/rxjava-1.3.8.jar
7f280c3b3000-7f280c3b5000 r--s 00002000 08:02 660879                     /home/balazs/.m2/repository/com/netflix/netflix-commons/netflix-statistics/0.1.1/netflix-statistics-0.1.1.jar
7f280c3b5000-7f280c3b9000 r--s 00024000 08:02 660884                     /home/balazs/.m2/repository/com/netflix/ribbon/ribbon-loadbalancer/2.3.0/ribbon-loadbalancer-2.3.0.jar
7f280c3b9000-7f280c3ba000 r--s 00001000 08:02 660872                     /home/balazs/.m2/repository/com/netflix/netflix-commons/netflix-commons-util/0.1.1/netflix-commons-util-0.1.1.jar
7f280c3ba000-7f280c3c7000 r--s 00083000 08:02 660863                     /home/balazs/.m2/repository/commons-collections/commons-collections/3.2.2/commons-collections-3.2.2.jar
7f280c3c7000-7f280c3c9000 r--s 0000c000 08:02 660874                     /home/balazs/.m2/repository/com/netflix/ribbon/ribbon-httpclient/2.3.0/ribbon-httpclient-2.3.0.jar
7f280c3c9000-7f280c3cd000 r--s 00011000 08:02 660869                     /home/balazs/.m2/repository/com/netflix/ribbon/ribbon-core/2.3.0/ribbon-core-2.3.0.jar
7f280c3cd000-7f280c3d7000 r--s 00059000 08:02 660864                     /home/balazs/.m2/repository/io/reactivex/rxnetty/0.4.9/rxnetty-0.4.9.jar
7f280c3d7000-7f280c3df000 r--s 0003e000 08:02 660880                     /home/balazs/.m2/repository/com/netflix/hystrix/hystrix-core/1.4.3/hystrix-core-1.4.3.jar
7f280c3df000-7f280c3e1000 r--s 00006000 08:02 660871                     /home/balazs/.m2/repository/io/reactivex/rxnetty-servo/0.4.9/rxnetty-servo-0.4.9.jar
7f280c3e1000-7f280c3e4000 r--s 0000b000 08:02 660876                     /home/balazs/.m2/repository/io/reactivex/rxnetty-contexts/0.4.9/rxnetty-contexts-0.4.9.jar
7f280c3e4000-7f280c3e5000 r--s 00009000 08:02 660867                     /home/balazs/.m2/repository/com/netflix/ribbon/ribbon-transport/2.3.0/ribbon-transport-2.3.0.jar
7f280c3e5000-7f280c3e9000 r--s 00012000 08:02 660848                     /home/balazs/.m2/repository/com/netflix/ribbon/ribbon/2.3.0/ribbon-2.3.0.jar
7f280c3e9000-7f280c3ea000 r--s 00000000 08:02 2113284                    /home/balazs/.m2/repository/org/springframework/cloud/spring-cloud-starter-netflix-ribbon/2.1.1.RELEASE/spring-cloud-starter-netflix-ribbon-2.1.1.RELEASE.jar
7f280c3ea000-7f280c3ef000 r--s 00041000 08:02 660860                     /home/balazs/.m2/repository/commons-lang/commons-lang/2.6/commons-lang-2.6.jar
7f280c3ef000-7f280c3f6000 r--s 00050000 08:02 660866                     /home/balazs/.m2/repository/commons-configuration/commons-configuration/1.8/commons-configuration-1.8.jar
7f280c3f6000-7f280c3f7000 r--s 00003000 08:02 2099904                    /home/balazs/.m2/repository/org/springframework/cloud/spring-cloud-netflix-archaius/2.1.1.RELEASE/spring-cloud-netflix-archaius-2.1.1.RELEASE.jar
7f280c3f7000-7f280c3fb000 r--s 00017000 08:02 2099922                    /home/balazs/.m2/repository/org/springframework/cloud/spring-cloud-netflix-ribbon/2.1.1.RELEASE/spring-cloud-netflix-ribbon-2.1.1.RELEASE.jar
7f280c3fb000-7f280c3fc000 r--s 00000000 08:02 2113367                    /home/balazs/.m2/repository/org/springframework/cloud/spring-cloud-starter-netflix-archaius/2.1.1.RELEASE/spring-cloud-starter-netflix-archaius-2.1.1.RELEASE.jar
7f280c3fc000-7f280c400000 r--s 00024000 08:02 660833                     /home/balazs/.m2/repository/org/codehaus/woodstox/stax2-api/3.1.4/stax2-api-3.1.4.jar
7f280c400000-7f280c402000 r--s 00004000 08:02 3407898                    /home/balazs/.m2/repository/javax/xml/stream/stax-api/1.0-2/stax-api-1.0-2.jar
7f280c402000-7f280c408000 r--s 00071000 08:02 660852                     /home/balazs/.m2/repository/org/codehaus/woodstox/woodstox-core-asl/4.4.1/woodstox-core-asl-4.4.1.jar
7f280c408000-7f280c40d000 r--s 0003a000 08:02 660851                     /home/balazs/.m2/repository/com/netflix/eureka/eureka-core/1.9.8/eureka-core-1.9.8.jar
7f280c40d000-7f280c411000 r--s 0004c000 08:02 3280434                    /home/balazs/.m2/repository/com/fasterxml/jackson/core/jackson-core/2.9.8/jackson-core-2.9.8.jar
7f280c411000-7f280c414000 r--s 0000e000 08:02 3280433                    /home/balazs/.m2/repository/com/fasterxml/jackson/core/jackson-annotations/2.9.0/jackson-annotations-2.9.0.jar
7f280c414000-7f280c419000 r--s 00024000 08:02 660849                     /home/balazs/.m2/repository/com/github/andrewoma/dexx/dexx-collections/0.2/dexx-collections-0.2.jar
7f280c419000-7f280c41a000 r--s 00004000 08:02 660847                     /home/balazs/.m2/repository/com/github/vlsi/compactmap/compactmap/1.2.1/compactmap-1.2.1.jar
7f280c41a000-7f280c41c000 r--s 00000000 08:02 2759958                    /home/balazs/.m2/repository/aopalliance/aopalliance/1.0/aopalliance-1.0.jar
7f280c41c000-7f280c41d000 r--s 00000000 08:02 4064450                    /home/balazs/.m2/repository/javax/inject/javax.inject/1/javax.inject-1.jar
7f280c41d000-7f280c42b000 r--s 00097000 08:02 2099901                    /home/balazs/.m2/repository/com/google/inject/guice/4.1.0/guice-4.1.0.jar
7f280c42b000-7f280c432000 r--s 0004b000 08:02 3411959                    /home/balazs/.m2/repository/commons-codec/commons-codec/1.11/commons-codec-1.11.jar
7f280c432000-7f280c439000 r--s 00049000 08:02 4198014                    /home/balazs/.m2/repository/org/apache/httpcomponents/httpcore/4.4.11/httpcore-4.4.11.jar
7f280c439000-7f280c446000 r--s 000b0000 08:02 4198018                    /home/balazs/.m2/repository/org/apache/httpcomponents/httpclient/4.5.8/httpclient-4.5.8.jar
7f280c446000-7f280c448000 r--s 00003000 08:02 4729521                    /home/balazs/.m2/repository/com/sun/jersey/contribs/jersey-apache-client4/1.19.1/jersey-apache-client4-1.19.1.jar
7f280c448000-7f280c44b000 r--s 0001e000 08:02 4729519                    /home/balazs/.m2/repository/com/sun/jersey/jersey-client/1.19.1/jersey-client-1.19.1.jar
7f280c44b000-7f280c455000 r--s 00061000 08:02 4729522                    /home/balazs/.m2/repository/com/sun/jersey/jersey-core/1.19.1/jersey-core-1.19.1.jar
7f280c455000-7f280c45a000 r--s 00033000 08:02 660839                     /home/balazs/.m2/repository/com/netflix/servo/servo-core/0.12.21/servo-core-0.12.21.jar
7f280c45a000-7f280c45c000 r--s 0000a000 08:02 660858                     /home/balazs/.m2/repository/javax/ws/rs/jsr311-api/1.1.1/jsr311-api-1.1.1.jar
7f280c45c000-7f280c487000 r--s 001f5000 08:02 2099903                    /home/balazs/.m2/repository/com/google/guava/guava/16.0/guava-16.0.jar
7f280c487000-7f280c48b000 r--s 0001f000 08:02 660895                     /home/balazs/.m2/repository/com/netflix/archaius/archaius-core/0.7.6/archaius-core-0.7.6.jar
7f280c48b000-7f280c49e000 r--s 000df000 08:02 660831                     /home/balazs/.m2/repository/org/apache/commons/commons-math/2.2/commons-math-2.2.jar
7f280c49e000-7f280c4a3000 r--s 00036000 08:02 660818                     /home/balazs/.m2/repository/com/google/code/gson/gson/2.8.5/gson-2.8.5.jar
7f280c4a3000-7f280c4a6000 r--s 00022000 08:02 660832                     /home/balazs/.m2/repository/org/antlr/stringtemplate/3.2.1/stringtemplate-3.2.1.jar
7f280c4a6000-7f280c4aa000 r--s 00025000 08:02 660830                     /home/balazs/.m2/repository/org/antlr/antlr-runtime/3.4/antlr-runtime-3.4.jar
7f280c4aa000-7f280c4bb000 r--s 0008c000 08:02 660826                     /home/balazs/.m2/repository/joda-time/joda-time/2.10.2/joda-time-2.10.2.jar
7f280c4bb000-7f280c4c1000 r--s 00044000 08:02 660825                     /home/balazs/.m2/repository/commons-jxpath/commons-jxpath/1.3/commons-jxpath-1.3.jar
7f280c4c1000-7f280c4c4000 r--s 00016000 08:02 660823                     /home/balazs/.m2/repository/com/netflix/netflix-commons/netflix-infix/0.3.0/netflix-infix-0.3.0.jar
7f280c4c4000-7f280c4c6000 r--s 0000f000 08:02 660815                     /home/balazs/.m2/repository/com/netflix/netflix-commons/netflix-eventbus/0.3.0/netflix-eventbus-0.3.0.jar
7f280c4c6000-7f280c4c8000 r--s 00005000 08:02 660819                     /home/balazs/.m2/repository/stax/stax-api/1.0.1/stax-api-1.0.1.jar
7f280c4c8000-7f280c4cb000 r--s 00012000 08:02 660817                     /home/balazs/.m2/repository/org/codehaus/jettison/jettison/1.3.7/jettison-1.3.7.jar
7f280c4cb000-7f280c4d5000 r--s 00062000 08:02 660854                     /home/balazs/.m2/repository/com/netflix/eureka/eureka-client/1.9.8/eureka-client-1.9.8.jar
7f280c4d5000-7f280c4d9000 r--s 00015000 08:02 2099895                    /home/balazs/.m2/repository/org/springframework/cloud/spring-cloud-netflix-eureka-client/2.1.1.RELEASE/spring-cloud-netflix-eureka-client-2.1.1.RELEASE.jar
7f280c4d9000-7f280c4dc000 r--s 00005000 08:02 2099897                    /home/balazs/.m2/repository/org/springframework/cloud/spring-cloud-netflix-hystrix/2.1.1.RELEASE/spring-cloud-netflix-hystrix-2.1.1.RELEASE.jar
7f280c4dc000-7f280c534000 r--s 003a7000 08:02 660813                     /home/balazs/.m2/repository/org/bouncycastle/bcprov-jdk15on/1.60/bcprov-jdk15on-1.60.jar
7f280c534000-7f280c547000 r--s 000b0000 08:02 660811                     /home/balazs/.m2/repository/org/bouncycastle/bcpkix-jdk15on/1.60/bcpkix-jdk15on-1.60.jar
7f280c547000-7f280c548000 r--s 00004000 08:02 2362823                    /home/balazs/.m2/repository/org/springframework/security/spring-security-rsa/1.0.7.RELEASE/spring-security-rsa-1.0.7.RELEASE.jar
7f280c548000-7f280c54e000 r--s 0001f000 08:02 2099891                    /home/balazs/.m2/repository/org/springframework/cloud/spring-cloud-commons/2.1.1.RELEASE/spring-cloud-commons-2.1.1.RELEASE.jar
7f280c54e000-7f280c551000 r--s 00019000 08:02 2099889                    /home/balazs/.m2/repository/org/springframework/cloud/spring-cloud-context/2.1.1.RELEASE/spring-cloud-context-2.1.1.RELEASE.jar
7f280c551000-7f280c556000 r--s 00040000 08:02 4195957                    /home/balazs/.m2/repository/org/springframework/spring-expression/5.1.7.RELEASE/spring-expression-5.1.7.RELEASE.jar
7f280c556000-7f280c570000 r--s 000f4000 08:02 4195943                    /home/balazs/.m2/repository/org/springframework/spring-context/5.1.7.RELEASE/spring-context-5.1.7.RELEASE.jar
7f280c570000-7f280c57a000 r--s 00051000 08:02 4195939                    /home/balazs/.m2/repository/org/springframework/spring-aop/5.1.7.RELEASE/spring-aop-5.1.7.RELEASE.jar
7f280c57a000-7f280c57d000 ---p 00000000 00:00 0 
7f280c57d000-7f280c67b000 rw-p 00000000 00:00 0 
7f280c67b000-7f280d1cf000 r--p 00000000 08:02 789511                     /usr/lib/locale/locale-archive
7f280d1cf000-7f280d1d2000 ---p 00000000 00:00 0 
7f280d1d2000-7f280d2d0000 rw-p 00000000 00:00 0 
7f280d2d0000-7f280d2d3000 ---p 00000000 00:00 0 
7f280d2d3000-7f280d3d1000 rw-p 00000000 00:00 0 
7f280d3d1000-7f280d3d2000 ---p 00000000 00:00 0 
7f280d3d2000-7f2810000000 rw-p 00000000 00:00 0 
7f2810000000-7f2810021000 rw-p 00000000 00:00 0 
7f2810021000-7f2814000000 ---p 00000000 00:00 0 
7f2814000000-7f2814021000 rw-p 00000000 00:00 0 
7f2814021000-7f2818000000 ---p 00000000 00:00 0 
7f2818000000-7f2818021000 rw-p 00000000 00:00 0 
7f2818021000-7f281c000000 ---p 00000000 00:00 0 
7f281c000000-7f281c002000 r--s 00010000 08:02 2362826                    /home/balazs/.m2/repository/org/springframework/security/spring-security-crypto/5.1.5.RELEASE/spring-security-crypto-5.1.5.RELEASE.jar
7f281c002000-7f281c003000 r--s 00000000 08:02 2099894                    /home/balazs/.m2/repository/org/springframework/cloud/spring-cloud-starter/2.1.1.RELEASE/spring-cloud-starter-2.1.1.RELEASE.jar
7f281c003000-7f281c004000 r--s 00000000 08:02 2099885                    /home/balazs/.m2/repository/org/springframework/cloud/spring-cloud-starter-netflix-eureka-client/2.1.1.RELEASE/spring-cloud-starter-netflix-eureka-client-2.1.1.RELEASE.jar
7f281c004000-7f281c013000 r--s 000b5000 08:02 4196221                    /home/balazs/.m2/repository/org/springframework/spring-webmvc/5.1.7.RELEASE/spring-webmvc-5.1.7.RELEASE.jar
7f281c013000-7f281c01f000 r--s 00099000 08:02 4195953                    /home/balazs/.m2/repository/org/springframework/spring-beans/5.1.7.RELEASE/spring-beans-5.1.7.RELEASE.jar
7f281c01f000-7f281c03b000 r--s 00137000 08:02 3280536                    /home/balazs/.m2/repository/org/springframework/spring-web/5.1.7.RELEASE/spring-web-5.1.7.RELEASE.jar
7f281c03b000-7f281c03d000 r--s 0000f000 08:02 2117444                    /home/balazs/.m2/repository/com/fasterxml/classmate/1.4.0/classmate-1.4.0.jar
7f281c03d000-7f281c03f000 r--s 0000f000 08:02 4066689                    /home/balazs/.m2/repository/org/jboss/logging/jboss-logging/3.3.2.Final/jboss-logging-3.3.2.Final.jar
7f281c03f000-7f281c044000 r--s 00012000 08:02 927085                     /home/balazs/.m2/repository/javax/validation/validation-api/2.0.1.Final/validation-api-2.0.1.Final.jar
7f281c044000-7f281c061000 r--s 000fe000 08:02 3149546                    /home/balazs/.m2/repository/org/hibernate/validator/hibernate-validator/6.0.16.Final/hibernate-validator-6.0.16.Final.jar
7f281c061000-7f281c066000 r--s 0003c000 08:02 3937094                    /home/balazs/.m2/repository/org/apache/tomcat/embed/tomcat-embed-websocket/9.0.19/tomcat-embed-websocket-9.0.19.jar
7f281c066000-7f281c06b000 r--s 00039000 08:02 3801458                    /home/balazs/.m2/repository/org/apache/tomcat/embed/tomcat-embed-el/9.0.19/tomcat-embed-el-9.0.19.jar
7f281c06b000-7f281c096000 r--s 002fe000 08:02 3542879                    /home/balazs/.m2/repository/org/apache/tomcat/embed/tomcat-embed-core/9.0.19/tomcat-embed-core-9.0.19.jar
7f281c096000-7f281c097000 r--s 00000000 08:02 3412057                    /home/balazs/.m2/repository/org/springframework/boot/spring-boot-starter-tomcat/2.1.5.RELEASE/spring-boot-starter-tomcat-2.1.5.RELEASE.jar
7f281c097000-7f281c099000 r--s 00001000 08:02 3411952                    /home/balazs/.m2/repository/com/fasterxml/jackson/module/jackson-module-parameter-names/2.9.8/jackson-module-parameter-names-2.9.8.jar
7f281c099000-7f281c09c000 r--s 00016000 08:02 3411950                    /home/balazs/.m2/repository/com/fasterxml/jackson/datatype/jackson-datatype-jsr310/2.9.8/jackson-datatype-jsr310-2.9.8.jar
7f281c09c000-7f281c09e000 r--s 00007000 08:02 3411948                    /home/balazs/.m2/repository/com/fasterxml/jackson/datatype/jackson-datatype-jdk8/2.9.8/jackson-datatype-jdk8-2.9.8.jar
7f281c09e000-7f281c0b0000 r--s 00137000 08:02 3149548                    /home/balazs/.m2/repository/com/fasterxml/jackson/core/jackson-databind/2.9.8/jackson-databind-2.9.8.jar
7f281c0b0000-7f281c0b1000 r--s 00000000 08:02 3149679                    /home/balazs/.m2/repository/org/springframework/boot/spring-boot-starter-json/2.1.5.RELEASE/spring-boot-starter-json-2.1.5.RELEASE.jar
7f281c0b1000-7f281c0b8000 r--s 00043000 08:02 3149540                    /home/balazs/.m2/repository/org/yaml/snakeyaml/1.23/snakeyaml-1.23.jar
7f281c0b8000-7f281c0ba000 r--s 00005000 08:02 4066691                    /home/balazs/.m2/repository/javax/annotation/javax.annotation-api/1.3.2/javax.annotation-api-1.3.2.jar
7f281c0ba000-7f281c0bc000 r--s 00000000 08:02 1059544                    /home/balazs/.m2/repository/org/slf4j/jul-to-slf4j/1.7.26/jul-to-slf4j-1.7.26.jar
7f281c0bc000-7f281c0c2000 r--s 0003c000 08:02 2625954                    /home/balazs/.m2/repository/org/apache/logging/log4j/log4j-api/2.11.2/log4j-api-2.11.2.jar
7f281c0c2000-7f281c0c4000 r--s 00003000 08:02 2117442                    /home/balazs/.m2/repository/org/apache/logging/log4j/log4j-to-slf4j/2.11.2/log4j-to-slf4j-2.11.2.jar
7f281c0c4000-7f281c0cf000 r--s 00069000 08:02 3149538                    /home/balazs/.m2/repository/ch/qos/logback/logback-core/1.2.3/logback-core-1.2.3.jar
7f281c0cf000-7f281c0d5000 r--s 00041000 08:02 3018276                    /home/balazs/.m2/repository/ch/qos/logback/logback-classic/1.2.3/logback-classic-1.2.3.jar
7f281c0d5000-7f281c0d6000 r--s 00000000 08:02 3018343                    /home/balazs/.m2/repository/org/springframework/boot/spring-boot-starter-logging/2.1.5.RELEASE/spring-boot-starter-logging-2.1.5.RELEASE.jar
7f281c0d6000-7f281c0d7000 r--s 00000000 08:02 4195940                    /home/balazs/.m2/repository/org/springframework/boot/spring-boot-starter/2.1.5.RELEASE/spring-boot-starter-2.1.5.RELEASE.jar
7f281c0d7000-7f281c0db000 r--s 0001b000 08:02 3937035                    /home/balazs/.m2/repository/javax/xml/bind/jaxb-api/2.3.0/jaxb-api-2.3.0.jar
7f281c0db000-7f281c1dc000 rw-p 00000000 00:00 0 
7f281c1dc000-7f281c3b6000 r--s 03d6c000 08:02 926844                     /usr/lib/jvm/java-8-oracle/jre/lib/rt.jar
7f281c3b6000-7f281cdfe000 rw-p 00000000 00:00 0 
7f281cdfe000-7f281cdff000 ---p 00000000 00:00 0 
7f281cdff000-7f281ceff000 rw-p 00000000 00:00 0 
7f281ceff000-7f281cf00000 ---p 00000000 00:00 0 
7f281cf00000-7f281d000000 rw-p 00000000 00:00 0 
7f281d000000-7f281d4e0000 rwxp 00000000 00:00 0 
7f281d4e0000-7f282c000000 ---p 00000000 00:00 0 
7f282c000000-7f282ce94000 rw-p 00000000 00:00 0 
7f282ce94000-7f2830000000 ---p 00000000 00:00 0 
7f2830000000-7f2830001000 r--s 00000000 08:02 2495835                    /home/balazs/.m2/repository/org/springframework/boot/spring-boot-starter-web/2.1.5.RELEASE/spring-boot-starter-web-2.1.5.RELEASE.jar
7f2830001000-7f2830014000 r--s 00345000 08:02 926882                     /usr/lib/jvm/java-8-oracle/jre/lib/resources.jar
7f2830014000-7f2830027000 r--s 000d6000 08:02 926147                     /usr/lib/jvm/java-8-oracle/jre/lib/plugin.jar
7f2830027000-7f2830028000 r--s 00000000 08:02 926129                     /usr/lib/jvm/java-8-oracle/jre/lib/management-agent.jar
7f2830028000-7f283002d000 r--s 000a0000 08:02 926901                     /usr/lib/jvm/java-8-oracle/jre/lib/jsse.jar
7f283002d000-7f283002e000 ---p 00000000 00:00 0 
7f283002e000-7f283012e000 rw-p 00000000 00:00 0 
7f283012e000-7f283012f000 ---p 00000000 00:00 0 
7f283012f000-7f2830242000 rw-p 00000000 00:00 0 
7f2830242000-7f2830366000 ---p 00000000 00:00 0 
7f2830366000-7f2830379000 rw-p 00000000 00:00 0 
7f2830379000-7f283049c000 ---p 00000000 00:00 0 
7f283049c000-7f28304e2000 rw-p 00000000 00:00 0 
7f28304e2000-7f2830538000 ---p 00000000 00:00 0 
7f2830538000-7f283054d000 rw-p 00000000 00:00 0 
7f283054d000-7f28308f9000 ---p 00000000 00:00 0 
7f28308f9000-7f2830913000 r-xp 00000000 08:02 1055198                    /usr/lib/jvm/java-8-oracle/jre/lib/amd64/libzip.so
7f2830913000-7f2830b13000 ---p 0001a000 08:02 1055198                    /usr/lib/jvm/java-8-oracle/jre/lib/amd64/libzip.so
7f2830b13000-7f2830b14000 r--p 0001a000 08:02 1055198                    /usr/lib/jvm/java-8-oracle/jre/lib/amd64/libzip.so
7f2830b14000-7f2830b15000 rw-p 0001b000 08:02 1055198                    /usr/lib/jvm/java-8-oracle/jre/lib/amd64/libzip.so
7f2830b15000-7f2830b20000 r-xp 00000000 08:02 529264                     /lib/x86_64-linux-gnu/libnss_files-2.27.so
7f2830b20000-7f2830d1f000 ---p 0000b000 08:02 529264                     /lib/x86_64-linux-gnu/libnss_files-2.27.so
7f2830d1f000-7f2830d20000 r--p 0000a000 08:02 529264                     /lib/x86_64-linux-gnu/libnss_files-2.27.so
7f2830d20000-7f2830d21000 rw-p 0000b000 08:02 529264                     /lib/x86_64-linux-gnu/libnss_files-2.27.so
7f2830d21000-7f2830d27000 rw-p 00000000 00:00 0 
7f2830d27000-7f2830d3e000 r-xp 00000000 08:02 529258                     /lib/x86_64-linux-gnu/libnsl-2.27.so
7f2830d3e000-7f2830f3d000 ---p 00017000 08:02 529258                     /lib/x86_64-linux-gnu/libnsl-2.27.so
7f2830f3d000-7f2830f3e000 r--p 00016000 08:02 529258                     /lib/x86_64-linux-gnu/libnsl-2.27.so
7f2830f3e000-7f2830f3f000 rw-p 00017000 08:02 529258                     /lib/x86_64-linux-gnu/libnsl-2.27.so
7f2830f3f000-7f2830f41000 rw-p 00000000 00:00 0 
7f2830f41000-7f2830f4c000 r-xp 00000000 08:02 529275                     /lib/x86_64-linux-gnu/libnss_nis-2.27.so
7f2830f4c000-7f283114b000 ---p 0000b000 08:02 529275                     /lib/x86_64-linux-gnu/libnss_nis-2.27.so
7f283114b000-7f283114c000 r--p 0000a000 08:02 529275                     /lib/x86_64-linux-gnu/libnss_nis-2.27.so
7f283114c000-7f283114d000 rw-p 0000b000 08:02 529275                     /lib/x86_64-linux-gnu/libnss_nis-2.27.so
7f283114d000-7f2831155000 r-xp 00000000 08:02 529260                     /lib/x86_64-linux-gnu/libnss_compat-2.27.so
7f2831155000-7f2831355000 ---p 00008000 08:02 529260                     /lib/x86_64-linux-gnu/libnss_compat-2.27.so
7f2831355000-7f2831356000 r--p 00008000 08:02 529260                     /lib/x86_64-linux-gnu/libnss_compat-2.27.so
7f2831356000-7f2831357000 rw-p 00009000 08:02 529260                     /lib/x86_64-linux-gnu/libnss_compat-2.27.so
7f2831357000-7f2831361000 r-xp 00000000 08:02 1055207                    /usr/lib/jvm/java-8-oracle/jre/lib/amd64/libinstrument.so
7f2831361000-7f2831560000 ---p 0000a000 08:02 1055207                    /usr/lib/jvm/java-8-oracle/jre/lib/amd64/libinstrument.so
7f2831560000-7f2831561000 r--p 00009000 08:02 1055207                    /usr/lib/jvm/java-8-oracle/jre/lib/amd64/libinstrument.so
7f2831561000-7f2831562000 rw-p 0000a000 08:02 1055207                    /usr/lib/jvm/java-8-oracle/jre/lib/amd64/libinstrument.so
7f2831562000-7f283158f000 r-xp 00000000 08:02 1054430                    /usr/lib/jvm/java-8-oracle/jre/lib/amd64/libjava.so
7f283158f000-7f283178e000 ---p 0002d000 08:02 1054430                    /usr/lib/jvm/java-8-oracle/jre/lib/amd64/libjava.so
7f283178e000-7f283178f000 r--p 0002c000 08:02 1054430                    /usr/lib/jvm/java-8-oracle/jre/lib/amd64/libjava.so
7f283178f000-7f2831791000 rw-p 0002d000 08:02 1054430                    /usr/lib/jvm/java-8-oracle/jre/lib/amd64/libjava.so
7f2831791000-7f283179e000 r-xp 00000000 08:02 1055197                    /usr/lib/jvm/java-8-oracle/jre/lib/amd64/libverify.so
7f283179e000-7f283199d000 ---p 0000d000 08:02 1055197                    /usr/lib/jvm/java-8-oracle/jre/lib/amd64/libverify.so
7f283199d000-7f283199f000 r--p 0000c000 08:02 1055197                    /usr/lib/jvm/java-8-oracle/jre/lib/amd64/libverify.so
7f283199f000-7f28319a0000 rw-p 0000e000 08:02 1055197                    /usr/lib/jvm/java-8-oracle/jre/lib/amd64/libverify.so
7f28319a0000-7f28319a7000 r-xp 00000000 08:02 529315                     /lib/x86_64-linux-gnu/librt-2.27.so
7f28319a7000-7f2831ba6000 ---p 00007000 08:02 529315                     /lib/x86_64-linux-gnu/librt-2.27.so
7f2831ba6000-7f2831ba7000 r--p 00006000 08:02 529315                     /lib/x86_64-linux-gnu/librt-2.27.so
7f2831ba7000-7f2831ba8000 rw-p 00007000 08:02 529315                     /lib/x86_64-linux-gnu/librt-2.27.so
7f2831ba8000-7f2831d45000 r-xp 00000000 08:02 529237                     /lib/x86_64-linux-gnu/libm-2.27.so
7f2831d45000-7f2831f44000 ---p 0019d000 08:02 529237                     /lib/x86_64-linux-gnu/libm-2.27.so
7f2831f44000-7f2831f45000 r--p 0019c000 08:02 529237                     /lib/x86_64-linux-gnu/libm-2.27.so
7f2831f45000-7f2831f46000 rw-p 0019d000 08:02 529237                     /lib/x86_64-linux-gnu/libm-2.27.so
7f2831f46000-7f2832c28000 r-xp 00000000 08:02 1054293                    /usr/lib/jvm/java-8-oracle/jre/lib/amd64/server/libjvm.so
7f2832c28000-7f2832e28000 ---p 00ce2000 08:02 1054293                    /usr/lib/jvm/java-8-oracle/jre/lib/amd64/server/libjvm.so
7f2832e28000-7f2832ebe000 r--p 00ce2000 08:02 1054293                    /usr/lib/jvm/java-8-oracle/jre/lib/amd64/server/libjvm.so
7f2832ebe000-7f2832eef000 rw-p 00d78000 08:02 1054293                    /usr/lib/jvm/java-8-oracle/jre/lib/amd64/server/libjvm.so
7f2832eef000-7f2832f2a000 rw-p 00000000 00:00 0 
7f2832f2a000-7f2833111000 r-xp 00000000 08:02 529174                     /lib/x86_64-linux-gnu/libc-2.27.so
7f2833111000-7f2833311000 ---p 001e7000 08:02 529174                     /lib/x86_64-linux-gnu/libc-2.27.so
7f2833311000-7f2833315000 r--p 001e7000 08:02 529174                     /lib/x86_64-linux-gnu/libc-2.27.so
7f2833315000-7f2833317000 rw-p 001eb000 08:02 529174                     /lib/x86_64-linux-gnu/libc-2.27.so
7f2833317000-7f283331b000 rw-p 00000000 00:00 0 
7f283331b000-7f283331e000 r-xp 00000000 08:02 529197                     /lib/x86_64-linux-gnu/libdl-2.27.so
7f283331e000-7f283351d000 ---p 00003000 08:02 529197                     /lib/x86_64-linux-gnu/libdl-2.27.so
7f283351d000-7f283351e000 r--p 00002000 08:02 529197                     /lib/x86_64-linux-gnu/libdl-2.27.so
7f283351e000-7f283351f000 rw-p 00003000 08:02 529197                     /lib/x86_64-linux-gnu/libdl-2.27.so
7f283351f000-7f2833536000 r-xp 00000000 08:02 924385                     /usr/lib/jvm/java-8-oracle/lib/amd64/jli/libjli.so
7f2833536000-7f2833735000 ---p 00017000 08:02 924385                     /usr/lib/jvm/java-8-oracle/lib/amd64/jli/libjli.so
7f2833735000-7f2833736000 r--p 00016000 08:02 924385                     /usr/lib/jvm/java-8-oracle/lib/amd64/jli/libjli.so
7f2833736000-7f2833737000 rw-p 00017000 08:02 924385                     /usr/lib/jvm/java-8-oracle/lib/amd64/jli/libjli.so
7f2833737000-7f2833751000 r-xp 00000000 08:02 529307                     /lib/x86_64-linux-gnu/libpthread-2.27.so
7f2833751000-7f2833950000 ---p 0001a000 08:02 529307                     /lib/x86_64-linux-gnu/libpthread-2.27.so
7f2833950000-7f2833951000 r--p 00019000 08:02 529307                     /lib/x86_64-linux-gnu/libpthread-2.27.so
7f2833951000-7f2833952000 rw-p 0001a000 08:02 529307                     /lib/x86_64-linux-gnu/libpthread-2.27.so
7f2833952000-7f2833956000 rw-p 00000000 00:00 0 
7f2833956000-7f283397d000 r-xp 00000000 08:02 529146                     /lib/x86_64-linux-gnu/ld-2.27.so
7f283397d000-7f2833982000 r--s 00084000 08:02 926122                     /usr/lib/jvm/java-8-oracle/jre/lib/jfr.jar
7f2833982000-7f2833985000 r--s 0001a000 08:02 926926                     /usr/lib/jvm/java-8-oracle/jre/lib/jce.jar
7f2833985000-7f28339a0000 r--s 0020c000 08:02 926123                     /usr/lib/jvm/java-8-oracle/jre/lib/deploy.jar
7f28339a0000-7f2833a5d000 rw-p 00000000 00:00 0 
7f2833a5d000-7f2833a5e000 ---p 00000000 00:00 0 
7f2833a5e000-7f2833a61000 ---p 00000000 00:00 0 
7f2833a61000-7f2833b62000 rw-p 00000000 00:00 0 
7f2833b62000-7f2833b64000 r--s 00007000 08:02 926928                     /usr/lib/jvm/java-8-oracle/jre/lib/jfxswt.jar
7f2833b64000-7f2833b6e000 r--s 0006e000 08:02 926132                     /usr/lib/jvm/java-8-oracle/jre/lib/javaws.jar
7f2833b6e000-7f2833b73000 r--s 002f9000 08:02 926842                     /usr/lib/jvm/java-8-oracle/jre/lib/charsets.jar
7f2833b73000-7f2833b7b000 rw-s 00000000 08:02 4981319                    /tmp/hsperfdata_balazs/12524
7f2833b7b000-7f2833b7c000 rw-p 00000000 00:00 0 
7f2833b7c000-7f2833b7d000 ---p 00000000 00:00 0 
7f2833b7d000-7f2833b7e000 r--p 00027000 08:02 529146                     /lib/x86_64-linux-gnu/ld-2.27.so
7f2833b7e000-7f2833b7f000 rw-p 00028000 08:02 529146                     /lib/x86_64-linux-gnu/ld-2.27.so
7f2833b7f000-7f2833b80000 rw-p 00000000 00:00 0 
7ffc9e0f5000-7ffc9e11a000 rw-p 00000000 00:00 0                          [stack]
7ffc9e186000-7ffc9e189000 r--p 00000000 00:00 0                          [vvar]
7ffc9e189000-7ffc9e18b000 r-xp 00000000 00:00 0                          [vdso]
ffffffffff600000-ffffffffff601000 r-xp 00000000 00:00 0                  [vsyscall]

VM Arguments:
jvm_args: -XX:TieredStopAtLevel=1 -Xverify:none -Dspring.output.ansi.enabled=always -Dcom.sun.management.jmxremote -Dcom.sun.management.jmxremote.port=46245 -Dcom.sun.management.jmxremote.authenticate=false -Dcom.sun.management.jmxremote.ssl=false -Djava.rmi.server.hostname=localhost -Dspring.liveBeansView.mbeanDomain -Dspring.application.admin.enabled=true -javaagent:/home/balazs/Downloads/idea-IU-183.4886.37/lib/idea_rt.jar=39807:/home/balazs/Downloads/idea-IU-183.4886.37/bin -Dfile.encoding=UTF-8 
java_command: com.codecool.mainservice.MainServiceApplication
java_class_path (initial): /usr/lib/jvm/java-8-oracle/jre/lib/charsets.jar:/usr/lib/jvm/java-8-oracle/jre/lib/deploy.jar:/usr/lib/jvm/java-8-oracle/jre/lib/ext/cldrdata.jar:/usr/lib/jvm/java-8-oracle/jre/lib/ext/dnsns.jar:/usr/lib/jvm/java-8-oracle/jre/lib/ext/jaccess.jar:/usr/lib/jvm/java-8-oracle/jre/lib/ext/jfxrt.jar:/usr/lib/jvm/java-8-oracle/jre/lib/ext/localedata.jar:/usr/lib/jvm/java-8-oracle/jre/lib/ext/nashorn.jar:/usr/lib/jvm/java-8-oracle/jre/lib/ext/sunec.jar:/usr/lib/jvm/java-8-oracle/jre/lib/ext/sunjce_provider.jar:/usr/lib/jvm/java-8-oracle/jre/lib/ext/sunpkcs11.jar:/usr/lib/jvm/java-8-oracle/jre/lib/ext/zipfs.jar:/usr/lib/jvm/java-8-oracle/jre/lib/javaws.jar:/usr/lib/jvm/java-8-oracle/jre/lib/jce.jar:/usr/lib/jvm/java-8-oracle/jre/lib/jfr.jar:/usr/lib/jvm/java-8-oracle/jre/lib/jfxswt.jar:/usr/lib/jvm/java-8-oracle/jre/lib/jsse.jar:/usr/lib/jvm/java-8-oracle/jre/lib/management-agent.jar:/usr/lib/jvm/java-8-oracle/jre/lib/plugin.jar:/usr/lib/jvm/java-8-oracle/jre/lib/resources.jar:/usr/lib/jvm/java-8-oracle/jre/lib/rt.jar:/home/balazs/codecool/java/0Enterprise/gamebook/main-service/target/classes:/home/balazs/.m2/repository/javax/xml/bind/jaxb-api/2.3.0/jaxb-api-2.3.0.jar:/home/balazs/.m2/repository/org/springframework/boot/spring-boot-starter-web/2.1.5.RELEASE/spring-boot-starter-web-2.1.5.RELEASE.jar:/home/balazs/.m2/repository/org/springframework/boot/spring-boot-starter/2.1.5.RELEASE/spring-boot-starter-2.1.5.RELEASE.jar:/home/balazs/.m2/repository/org/springframework/boot/spring-boot-starter-logging/2.1.5.RELEASE/spring-boot-starter-logging-2.1.5.RELEASE.jar:/home/balazs/.m2/repository/ch/qos/logback/logback-classic/1.2.3/logback-classic-1.2.3.jar:/home/balazs/.m2/repository/ch/qos/logback/logback-core/1.2.3/logback-core-1.2.3.jar:/home/balazs/.m2/repository/org/apache/logging/log4j/log4j-to-slf4j/2.11.2/log4j-to-slf4j-2.11.2.jar:/home/balazs/.m2/repository/org/apache/logging/log4j/log4j-api/2.11.2/log4j-api-2.11.2.jar:/home/balazs/.m2/repositor
Launcher Type: SUN_STANDARD

Environment Variables:
JAVA_HOME=/usr/lib/jvm/java-8-oracle
PATH=/home/balazs/.local/bin:/usr/local/sbin:/usr/local/bin:/usr/sbin:/usr/bin:/sbin:/bin:/usr/games:/usr/local/games:/snap/bin:/usr/lib/jvm/java-8-oracle/bin:/usr/lib/jvm/java-8-oracle/db/bin:/usr/lib/jvm/java-8-oracle/jre/bin
USERNAME=balazs
SHELL=/bin/bash
DISPLAY=:0

Signal Handlers:
SIGSEGV: [libjvm.so+0xaced60], sa_mask[0]=11111111011111111101111111111110, sa_flags=SA_RESTART|SA_SIGINFO
SIGBUS: [libjvm.so+0xaced60], sa_mask[0]=11111111011111111101111111111110, sa_flags=SA_RESTART|SA_SIGINFO
SIGFPE: [libjvm.so+0x907ca0], sa_mask[0]=11111111011111111101111111111110, sa_flags=SA_RESTART|SA_SIGINFO
SIGPIPE: [libjvm.so+0x907ca0], sa_mask[0]=11111111011111111101111111111110, sa_flags=SA_RESTART|SA_SIGINFO
SIGXFSZ: [libjvm.so+0x907ca0], sa_mask[0]=11111111011111111101111111111110, sa_flags=SA_RESTART|SA_SIGINFO
SIGILL: [libjvm.so+0x907ca0], sa_mask[0]=11111111011111111101111111111110, sa_flags=SA_RESTART|SA_SIGINFO
SIGUSR1: SIG_DFL, sa_mask[0]=00000000000000000000000000000000, sa_flags=none
SIGUSR2: [libjvm.so+0x907b70], sa_mask[0]=00100000000000000000000000000000, sa_flags=SA_RESTART|SA_SIGINFO
SIGHUP: [libjvm.so+0x908190], sa_mask[0]=11111111011111111101111111111110, sa_flags=SA_RESTART|SA_SIGINFO
SIGINT: [libjvm.so+0x908190], sa_mask[0]=11111111011111111101111111111110, sa_flags=SA_RESTART|SA_SIGINFO
SIGTERM: [libjvm.so+0x908190], sa_mask[0]=11111111011111111101111111111110, sa_flags=SA_RESTART|SA_SIGINFO
SIGQUIT: [libjvm.so+0x908190], sa_mask[0]=11111111011111111101111111111110, sa_flags=SA_RESTART|SA_SIGINFO


---------------  S Y S T E M  ---------------

OS:DISTRIB_ID=Ubuntu
DISTRIB_RELEASE=18.04
DISTRIB_CODENAME=bionic
DISTRIB_DESCRIPTION="Ubuntu 18.04.1 LTS"

uname:Linux 4.15.0-50-generic #54-Ubuntu SMP Mon May 6 18:46:08 UTC 2019 x86_64
libc:glibc 2.27 NPTL 2.27 
rlimit: STACK 8192k, CORE 0k, NPROC 13868, NOFILE 1048576, AS infinity
load average:23,27 6,47 3,55

/proc/meminfo:
MemTotal:        3817088 kB
MemFree:           97116 kB
MemAvailable:          0 kB
Buffers:             420 kB
Cached:           460860 kB
SwapCached:        10596 kB
Active:          2845084 kB
Inactive:         572012 kB
Active(anon):    2842904 kB
Inactive(anon):   568624 kB
Active(file):       2180 kB
Inactive(file):     3388 kB
Unevictable:          64 kB
Mlocked:              64 kB
SwapTotal:       2097148 kB
SwapFree:              0 kB
Dirty:                32 kB
Writeback:             0 kB
AnonPages:       2950472 kB
Mapped:           224772 kB
Shmem:            455296 kB
Slab:             112248 kB
SReclaimable:      41504 kB
SUnreclaim:        70744 kB
KernelStack:       17824 kB
PageTables:        75836 kB
NFS_Unstable:          0 kB
Bounce:                0 kB
WritebackTmp:          0 kB
CommitLimit:     4005692 kB
Committed_AS:   12706940 kB
VmallocTotal:   34359738367 kB
VmallocUsed:           0 kB
VmallocChunk:          0 kB
HardwareCorrupted:     0 kB
AnonHugePages:         0 kB
ShmemHugePages:        0 kB
ShmemPmdMapped:        0 kB
CmaTotal:              0 kB
CmaFree:               0 kB
HugePages_Total:       0
HugePages_Free:        0
HugePages_Rsvd:        0
HugePages_Surp:        0
Hugepagesize:       2048 kB
DirectMap4k:      368244 kB
DirectMap2M:     3602432 kB
DirectMap1G:     1048576 kB

container (cgroup) information:
container_type: cgroupv1
cpu_cpuset_cpus: 0-3
cpu_memory_nodes: 0
active_processor_count: 4
cpu_quota: -1
cpu_period: 100000
cpu_shares: -1
memory_limit_in_bytes: -1
memory_and_swap_limit_in_bytes: -2
memory_soft_limit_in_bytes: -1
memory_usage_in_bytes: 3499315200
memory_max_usage_in_bytes: 9981952


CPU:total 4 (initial active 4) (2 cores per cpu, 2 threads per core) family 6 model 142 stepping 9, cmov, cx8, fxsr, mmx, sse, sse2, sse3, ssse3, sse4.1, sse4.2, popcnt, avx, avx2, aes, clmul, erms, 3dnowpref, lzcnt, ht, tsc, tscinvbit, bmi1, bmi2, adx

/proc/cpuinfo:
processor	: 0
vendor_id	: GenuineIntel
cpu family	: 6
model		: 142
model name	: Intel(R) Core(TM) i5-7200U CPU @ 2.50GHz
stepping	: 9
microcode	: 0xb4
cpu MHz		: 2725.763
cache size	: 3072 KB
physical id	: 0
siblings	: 4
core id		: 0
cpu cores	: 2
apicid		: 0
initial apicid	: 0
fpu		: yes
fpu_exception	: yes
cpuid level	: 22
wp		: yes
flags		: fpu vme de pse tsc msr pae mce cx8 apic sep mtrr pge mca cmov pat pse36 clflush dts acpi mmx fxsr sse sse2 ss ht tm pbe syscall nx pdpe1gb rdtscp lm constant_tsc art arch_perfmon pebs bts rep_good nopl xtopology nonstop_tsc cpuid aperfmperf tsc_known_freq pni pclmulqdq dtes64 monitor ds_cpl vmx est tm2 ssse3 sdbg fma cx16 xtpr pdcm pcid sse4_1 sse4_2 x2apic movbe popcnt tsc_deadline_timer aes xsave avx f16c rdrand lahf_lm abm 3dnowprefetch cpuid_fault invpcid_single pti ssbd ibrs ibpb stibp tpr_shadow vnmi flexpriority ept vpid fsgsbase tsc_adjust bmi1 avx2 smep bmi2 erms invpcid mpx rdseed adx smap clflushopt intel_pt xsaveopt xsavec xgetbv1 xsaves dtherm ida arat pln pts hwp hwp_notify hwp_act_window hwp_epp md_clear flush_l1d
bugs		: cpu_meltdown spectre_v1 spectre_v2 spec_store_bypass l1tf mds
bogomips	: 5424.00
clflush size	: 64
cache_alignment	: 64
address sizes	: 39 bits physical, 48 bits virtual
power management:

processor	: 1
vendor_id	: GenuineIntel
cpu family	: 6
model		: 142
model name	: Intel(R) Core(TM) i5-7200U CPU @ 2.50GHz
stepping	: 9
microcode	: 0xb4
cpu MHz		: 2376.277
cache size	: 3072 KB
physical id	: 0
siblings	: 4
core id		: 1
cpu cores	: 2
apicid		: 2
initial apicid	: 2
fpu		: yes
fpu_exception	: yes
cpuid level	: 22
wp		: yes
flags		: fpu vme de pse tsc msr pae mce cx8 apic sep mtrr pge mca cmov pat pse36 clflush dts acpi mmx fxsr sse sse2 ss ht tm pbe syscall nx pdpe1gb rdtscp lm constant_tsc art arch_perfmon pebs bts rep_good nopl xtopology nonstop_tsc cpuid aperfmperf tsc_known_freq pni pclmulqdq dtes64 monitor ds_cpl vmx est tm2 ssse3 sdbg fma cx16 xtpr pdcm pcid sse4_1 sse4_2 x2apic movbe popcnt tsc_deadline_timer aes xsave avx f16c rdrand lahf_lm abm 3dnowprefetch cpuid_fault invpcid_single pti ssbd ibrs ibpb stibp tpr_shadow vnmi flexpriority ept vpid fsgsbase tsc_adjust bmi1 avx2 smep bmi2 erms invpcid mpx rdseed adx smap clflushopt intel_pt xsaveopt xsavec xgetbv1 xsaves dtherm ida arat pln pts hwp hwp_notify hwp_act_window hwp_epp md_clear flush_l1d
bugs		: cpu_meltdown spectre_v1 spectre_v2 spec_store_bypass l1tf mds
bogomips	: 5424.00
clflush size	: 64
cache_alignment	: 64
address sizes	: 39 bits physical, 48 bits virtual
power management:

processor	: 2
vendor_id	: GenuineIntel
cpu family	: 6
model		: 142
model name	: Intel(R) Core(TM) i5-7200U CPU @ 2.50GHz
stepping	: 9
microcode	: 0xb4
cpu MHz		: 2623.011
cache size	: 3072 KB
physical id	: 0
siblings	: 4
core id		: 0
cpu cores	: 2
apicid		: 1
initial apicid	: 1
fpu		: yes
fpu_exception	: yes
cpuid level	: 22
wp		: yes
flags		: fpu vme de pse tsc msr pae mce cx8 apic sep mtrr pge mca cmov pat pse36 clflush dts acpi mmx fxsr sse sse2 ss ht tm pbe syscall nx pdpe1gb rdtscp lm constant_tsc art arch_perfmon pebs bts rep_good nopl xtopology nonstop_tsc cpuid aperfmperf tsc_known_freq pni pclmulqdq dtes64 monitor ds_cpl vmx est tm2 ssse3 sdbg fma cx16 xtpr pdcm pcid sse4_1 sse4_2 x2apic movbe popcnt tsc_deadline_timer aes xsave avx f16c rdrand lahf_lm abm 3dnowprefetch cpuid_fault invpcid_single pti ssbd ibrs ibpb stibp tpr_shadow vnmi flexpriority ept vpid fsgsbase tsc_adjust bmi1 avx2 smep bmi2 erms invpcid mpx rdseed adx smap clflushopt intel_pt xsaveopt xsavec xgetbv1 xsaves dtherm ida arat pln pts hwp hwp_notify hwp_act_window hwp_epp md_clear flush_l1d
bugs		: cpu_meltdown spectre_v1 spectre_v2 spec_store_bypass l1tf mds
bogomips	: 5424.00
clflush size	: 64
cache_alignment	: 64
address sizes	: 39 bits physical, 48 bits virtual
power management:

processor	: 3
vendor_id	: GenuineIntel
cpu family	: 6
model		: 142
model name	: Intel(R) Core(TM) i5-7200U CPU @ 2.50GHz
stepping	: 9
microcode	: 0xb4
cpu MHz		: 2482.582
cache size	: 3072 KB
physical id	: 0
siblings	: 4
core id		: 1
cpu cores	: 2
apicid		: 3
initial apicid	: 3
fpu		: yes
fpu_exception	: yes
cpuid level	: 22
wp		: yes
flags		: fpu vme de pse tsc msr pae mce cx8 apic sep mtrr pge mca cmov pat pse36 clflush dts acpi mmx fxsr sse sse2 ss ht tm pbe syscall nx pdpe1gb rdtscp lm constant_tsc art arch_perfmon pebs bts rep_good nopl xtopology nonstop_tsc cpuid aperfmperf tsc_known_freq pni pclmulqdq dtes64 monitor ds_cpl vmx est tm2 ssse3 sdbg fma cx16 xtpr pdcm pcid sse4_1 sse4_2 x2apic movbe popcnt tsc_deadline_timer aes xsave avx f16c rdrand lahf_lm abm 3dnowprefetch cpuid_fault invpcid_single pti ssbd ibrs ibpb stibp tpr_shadow vnmi flexpriority ept vpid fsgsbase tsc_adjust bmi1 avx2 smep bmi2 erms invpcid mpx rdseed adx smap clflushopt intel_pt xsaveopt xsavec xgetbv1 xsaves dtherm ida arat pln pts hwp hwp_notify hwp_act_window hwp_epp md_clear flush_l1d
bugs		: cpu_meltdown spectre_v1 spectre_v2 spec_store_bypass l1tf mds
bogomips	: 5424.00
clflush size	: 64
cache_alignment	: 64
address sizes	: 39 bits physical, 48 bits virtual
power management:



Memory: 4k page, physical 3817088k(96000k free), swap 2097148k(0k free)

vm_info: Java HotSpot(TM) 64-Bit Server VM (25.191-b12) for linux-amd64 JRE (1.8.0_191-b12), built on Oct  6 2018 05:43:09 by "java_re" with gcc 7.3.0

time: Thu Jun  6 12:49:17 2019
elapsed time: 37 seconds (0d 0h 0m 37s)

