#
# There is insufficient memory for the Java Runtime Environment to continue.
# Native memory allocation (mmap) failed to map 69206016 bytes for committing reserved memory.
# Possible reasons:
#   The system is out of physical RAM or swap space
#   In 32 bit mode, the process size limit was hit
# Possible solutions:
#   Reduce memory load on the system
#   Increase physical memory or swap space
#   Check if swap backing store is full
#   Use 64 bit Java on a 64 bit OS
#   Decrease Java heap size (-Xmx/-Xms)
#   Decrease number of Java threads
#   Decrease Java thread stack sizes (-Xss)
#   Set larger code cache with -XX:ReservedCodeCacheSize=
# This output file may be truncated or incomplete.
#
#  Out of Memory Error (os_linux.cpp:2743), pid=6065, tid=0x00007f43102f8700
#
# JRE version: Java(TM) SE Runtime Environment (8.0_191-b12) (build 1.8.0_191-b12)
# Java VM: Java HotSpot(TM) 64-Bit Server VM (25.191-b12 mixed mode linux-amd64 compressed oops)
# Failed to write core dump. Core dumps have been disabled. To enable core dumping, try "ulimit -c unlimited" before starting Java again
#

---------------  T H R E A D  ---------------

Current thread (0x00007f4324149000):  VMThread [stack: 0x00007f43101f9000,0x00007f43102f9000] [id=6081]

Stack: [0x00007f43101f9000,0x00007f43102f9000],  sp=0x00007f43102f7430,  free space=1017k
Native frames: (J=compiled Java code, j=interpreted, Vv=VM code, C=native code)
V  [libjvm.so+0xace425]  VMError::report_and_die()+0x2c5
V  [libjvm.so+0x4deb77]  report_vm_out_of_memory(char const*, int, unsigned long, VMErrorType, char const*)+0x67
V  [libjvm.so+0x90c570]  os::pd_commit_memory(char*, unsigned long, unsigned long, bool)+0x100
V  [libjvm.so+0x903eaf]  os::commit_memory(char*, unsigned long, unsigned long, bool)+0x1f
V  [libjvm.so+0x988346]  PSVirtualSpace::expand_by(unsigned long)+0x56
V  [libjvm.so+0x9895d8]  PSYoungGen::resize(unsigned long, unsigned long)+0xd8
V  [libjvm.so+0x985d66]  PSScavenge::invoke_no_policy()+0x1356
V  [libjvm.so+0x98610c]  PSScavenge::invoke()+0x4c
V  [libjvm.so+0x935fb8]  ParallelScavengeHeap::failed_mem_allocate(unsigned long)+0x68
V  [libjvm.so+0xacff53]  VM_ParallelGCFailedAllocation::doit()+0x93
V  [libjvm.so+0xad50f6]  VM_Operation::evaluate()+0x46
V  [libjvm.so+0xad347d]  VMThread::evaluate_operation(VM_Operation*) [clone .constprop.44]+0xcd
V  [libjvm.so+0xad3a3b]  VMThread::loop()+0x37b
V  [libjvm.so+0xad3de8]  VMThread::run()+0x78
V  [libjvm.so+0x909c92]  java_start(Thread*)+0x102

VM_Operation (0x00007f4309817690): ParallelGCFailedAllocation, mode: safepoint, requested by thread 0x00007f42ac003800


---------------  P R O C E S S  ---------------

Java Threads: ( => current thread )
  0x00007f42ac003800 JavaThread "restartedMain" [_thread_blocked, id=6115, stack(0x00007f430971b000,0x00007f430981c000)]
  0x00007f43242f4800 JavaThread "Thread-2" [_thread_blocked, id=6114, stack(0x00007f4309a1c000,0x00007f4309b1d000)]
  0x00007f42cc001000 JavaThread "RMI TCP Connection(2)-127.0.0.1" daemon [_thread_blocked, id=6107, stack(0x00007f4309b43000,0x00007f4309c44000)]
  0x00007f42c0008000 JavaThread "RMI Scheduler(0)" daemon [_thread_blocked, id=6106, stack(0x00007f4309c44000,0x00007f4309d45000)]
  0x00007f42d0001800 JavaThread "RMI TCP Connection(1)-127.0.0.1" daemon [_thread_blocked, id=6104, stack(0x00007f4309d45000,0x00007f4309e46000)]
  0x00007f42e4001000 JavaThread "Attach Listener" daemon [_thread_blocked, id=6103, stack(0x00007f4309e46000,0x00007f4309f47000)]
  0x00007f43248dd800 JavaThread "RMI TCP Accept-0" daemon [_thread_in_native, id=6101, stack(0x00007f430a048000,0x00007f430a149000)]
  0x00007f43248d1000 JavaThread "RMI TCP Accept-33075" daemon [_thread_in_native, id=6100, stack(0x00007f430a149000,0x00007f430a24a000)]
  0x00007f43248bc800 JavaThread "RMI TCP Accept-0" daemon [_thread_in_native, id=6099, stack(0x00007f430a24a000,0x00007f430a34b000)]
  0x00007f43247dd000 JavaThread "Service Thread" daemon [_thread_blocked, id=6098, stack(0x00007f430a983000,0x00007f430aa84000)]
  0x00007f43247d0000 JavaThread "C1 CompilerThread2" daemon [_thread_blocked, id=6097, stack(0x00007f430aa85000,0x00007f430ab85000)]
  0x00007f43247cd800 JavaThread "C2 CompilerThread1" daemon [_thread_blocked, id=6096, stack(0x00007f430ab86000,0x00007f430ac86000)]
  0x00007f43247cc000 JavaThread "C2 CompilerThread0" daemon [_thread_blocked, id=6095, stack(0x00007f430ac87000,0x00007f430ad87000)]
  0x00007f43247c9800 JavaThread "Monitor Ctrl-Break" daemon [_thread_in_native, id=6094, stack(0x00007f430ad87000,0x00007f430ae88000)]
  0x00007f4324189800 JavaThread "Signal Dispatcher" daemon [_thread_blocked, id=6093, stack(0x00007f430b2aa000,0x00007f430b3ab000)]
  0x00007f4324155000 JavaThread "Finalizer" daemon [_thread_blocked, id=6085, stack(0x00007f430beff000,0x00007f430c000000)]
  0x00007f4324152800 JavaThread "Reference Handler" daemon [_thread_blocked, id=6083, stack(0x00007f43100f7000,0x00007f43101f8000)]
  0x00007f4324014000 JavaThread "main" [_thread_blocked, id=6069, stack(0x00007f432a799000,0x00007f432a899000)]

Other Threads:
=>0x00007f4324149000 VMThread [stack: 0x00007f43101f9000,0x00007f43102f9000] [id=6081]
  0x00007f43248df800 WatcherThread [stack: 0x00007f4309f48000,0x00007f430a048000] [id=6102]

VM state:at safepoint (normal execution)

VM Mutex/Monitor currently owned by a thread:  ([mutex/lock_event])
[0x00007f4324008a00] Threads_lock - owner thread: 0x00007f4324149000
[0x00007f4324008f00] Heap_lock - owner thread: 0x00007f42ac003800

Heap:
 PSYoungGen      total 129536K, used 6649K [0x00000000ec980000, 0x00000000f4f80000, 0x0000000100000000)
  eden space 121856K, 0% used [0x00000000ec980000,0x00000000ec980000,0x00000000f4080000)
  from space 7680K, 86% used [0x00000000f4080000,0x00000000f46fe6a8,0x00000000f4800000)
  to   space 7168K, 0% used [0x00000000f4880000,0x00000000f4880000,0x00000000f4f80000)
 ParOldGen       total 30208K, used 6891K [0x00000000c5c00000, 0x00000000c7980000, 0x00000000ec980000)
  object space 30208K, 22% used [0x00000000c5c00000,0x00000000c62bacf8,0x00000000c7980000)
 Metaspace       used 24572K, capacity 25490K, committed 25600K, reserved 1071104K
  class space    used 3291K, capacity 3517K, committed 3584K, reserved 1048576K

Card table byte_map: [0x00007f431400f000,0x00007f43141e2000] byte_map_base: 0x00007f43139e1000

Marking Bits: (ParMarkBitMap*) 0x00007f4329c4cd40
 Begin Bits: [0x00007f4311db4000, 0x00007f4312c44000)
 End Bits:   [0x00007f4312c44000, 0x00007f4313ad4000)

Polling page: 0x00007f432a8b7000

CodeCache: size=245760Kb used=4962Kb max_used=4962Kb free=240797Kb
 bounds [0x00007f43145a2000, 0x00007f4314a82000, 0x00007f43235a2000]
 total_blobs=2674 nmethods=2266 adapters=321
 compilation: enabled

Compilation events (10 events):
Event: 3,140 Thread 0x00007f43247d0000 2262       1       org.springframework.asm.MethodVisitor::visitFrame (22 bytes)
Event: 3,140 Thread 0x00007f43247d0000 nmethod 2262 0x00007f4314a772d0 code [0x00007f4314a77440, 0x00007f4314a77588]
Event: 3,140 Thread 0x00007f43247d0000 2263       1       org.springframework.core.type.classreading.AnnotationMetadataReadingVisitor::getInterfaceNames (5 bytes)
Event: 3,140 Thread 0x00007f43247d0000 nmethod 2263 0x00007f4314a77610 code [0x00007f4314a77760, 0x00007f4314a77870]
Event: 3,142 Thread 0x00007f43247d0000 2264       1       org.springframework.boot.env.RandomValuePropertySource::getProperty (68 bytes)
Event: 3,142 Thread 0x00007f43247d0000 nmethod 2264 0x00007f4314a778d0 code [0x00007f4314a77ac0, 0x00007f4314a77f08]
Event: 3,146 Thread 0x00007f43247d0000 2265   !   1       org.springframework.core.type.classreading.AnnotationReadingVisitorUtils::convertClassValues (398 bytes)
Event: 3,148 Thread 0x00007f43247d0000 nmethod 2265 0x00007f4314a78290 code [0x00007f4314a78560, 0x00007f4314a79638]
Event: 3,148 Thread 0x00007f43247d0000 2266       1       org.springframework.core.annotation.AnnotationUtils::postProcessAnnotationAttributes (8 bytes)
Event: 3,148 Thread 0x00007f43247d0000 nmethod 2266 0x00007f4314a7a810 code [0x00007f4314a7a980, 0x00007f4314a7aa88]

GC Heap History (10 events):
Event: 1,463 GC heap after
Heap after GC invocations=5 (full 0):
 PSYoungGen      total 33280K, used 2546K [0x00000000ec980000, 0x00000000f1280000, 0x0000000100000000)
  eden space 30720K, 0% used [0x00000000ec980000,0x00000000ec980000,0x00000000ee780000)
  from space 2560K, 99% used [0x00000000ee780000,0x00000000ee9fcb38,0x00000000eea00000)
  to   space 6656K, 0% used [0x00000000f0c00000,0x00000000f0c00000,0x00000000f1280000)
 ParOldGen       total 40960K, used 6009K [0x00000000c5c00000, 0x00000000c8400000, 0x00000000ec980000)
  object space 40960K, 14% used [0x00000000c5c00000,0x00000000c61de578,0x00000000c8400000)
 Metaspace       used 10808K, capacity 11070K, committed 11264K, reserved 1058816K
  class space    used 1334K, capacity 1430K, committed 1536K, reserved 1048576K
}
Event: 1,706 GC heap before
{Heap before GC invocations=6 (full 0):
 PSYoungGen      total 33280K, used 33266K [0x00000000ec980000, 0x00000000f1280000, 0x0000000100000000)
  eden space 30720K, 100% used [0x00000000ec980000,0x00000000ee780000,0x00000000ee780000)
  from space 2560K, 99% used [0x00000000ee780000,0x00000000ee9fcb38,0x00000000eea00000)
  to   space 6656K, 0% used [0x00000000f0c00000,0x00000000f0c00000,0x00000000f1280000)
 ParOldGen       total 40960K, used 6009K [0x00000000c5c00000, 0x00000000c8400000, 0x00000000ec980000)
  object space 40960K, 14% used [0x00000000c5c00000,0x00000000c61de578,0x00000000c8400000)
 Metaspace       used 14032K, capacity 14426K, committed 14720K, reserved 1062912K
  class space    used 1755K, capacity 1897K, committed 1920K, reserved 1048576K
Event: 1,715 GC heap after
Heap after GC invocations=6 (full 0):
 PSYoungGen      total 67584K, used 5305K [0x00000000ec980000, 0x00000000f1380000, 0x0000000100000000)
  eden space 60928K, 0% used [0x00000000ec980000,0x00000000ec980000,0x00000000f0500000)
  from space 6656K, 79% used [0x00000000f0c00000,0x00000000f112e6f8,0x00000000f1280000)
  to   space 7168K, 0% used [0x00000000f0500000,0x00000000f0500000,0x00000000f0c00000)
 ParOldGen       total 40960K, used 6017K [0x00000000c5c00000, 0x00000000c8400000, 0x00000000ec980000)
  object space 40960K, 14% used [0x00000000c5c00000,0x00000000c61e0578,0x00000000c8400000)
 Metaspace       used 14032K, capacity 14426K, committed 14720K, reserved 1062912K
  class space    used 1755K, capacity 1897K, committed 1920K, reserved 1048576K
}
Event: 2,119 GC heap before
{Heap before GC invocations=7 (full 0):
 PSYoungGen      total 67584K, used 66233K [0x00000000ec980000, 0x00000000f1380000, 0x0000000100000000)
  eden space 60928K, 100% used [0x00000000ec980000,0x00000000f0500000,0x00000000f0500000)
  from space 6656K, 79% used [0x00000000f0c00000,0x00000000f112e6f8,0x00000000f1280000)
  to   space 7168K, 0% used [0x00000000f0500000,0x00000000f0500000,0x00000000f0c00000)
 ParOldGen       total 40960K, used 6017K [0x00000000c5c00000, 0x00000000c8400000, 0x00000000ec980000)
  object space 40960K, 14% used [0x00000000c5c00000,0x00000000c61e0578,0x00000000c8400000)
 Metaspace       used 18798K, capacity 19362K, committed 19584K, reserved 1067008K
  class space    used 2478K, capacity 2631K, committed 2688K, reserved 1048576K
Event: 2,135 GC heap after
Heap after GC invocations=7 (full 0):
 PSYoungGen      total 68096K, used 7117K [0x00000000ec980000, 0x00000000f5080000, 0x0000000100000000)
  eden space 60928K, 0% used [0x00000000ec980000,0x00000000ec980000,0x00000000f0500000)
  from space 7168K, 99% used [0x00000000f0500000,0x00000000f0bf34f8,0x00000000f0c00000)
  to   space 8192K, 0% used [0x00000000f4880000,0x00000000f4880000,0x00000000f5080000)
 ParOldGen       total 40960K, used 8084K [0x00000000c5c00000, 0x00000000c8400000, 0x00000000ec980000)
  object space 40960K, 19% used [0x00000000c5c00000,0x00000000c63e5330,0x00000000c8400000)
 Metaspace       used 18798K, capacity 19362K, committed 19584K, reserved 1067008K
  class space    used 2478K, capacity 2631K, committed 2688K, reserved 1048576K
}
Event: 2,262 GC heap before
{Heap before GC invocations=8 (full 0):
 PSYoungGen      total 68096K, used 24468K [0x00000000ec980000, 0x00000000f5080000, 0x0000000100000000)
  eden space 60928K, 28% used [0x00000000ec980000,0x00000000eda71c18,0x00000000f0500000)
  from space 7168K, 99% used [0x00000000f0500000,0x00000000f0bf34f8,0x00000000f0c00000)
  to   space 8192K, 0% used [0x00000000f4880000,0x00000000f4880000,0x00000000f5080000)
 ParOldGen       total 40960K, used 8084K [0x00000000c5c00000, 0x00000000c8400000, 0x00000000ec980000)
  object space 40960K, 19% used [0x00000000c5c00000,0x00000000c63e5330,0x00000000c8400000)
 Metaspace       used 20687K, capacity 21230K, committed 21296K, reserved 1067008K
  class space    used 2734K, capacity 2893K, committed 2944K, reserved 1048576K
Event: 2,268 GC heap after
Heap after GC invocations=8 (full 0):
 PSYoungGen      total 129024K, used 4354K [0x00000000ec980000, 0x00000000f4f80000, 0x0000000100000000)
  eden space 121856K, 0% used [0x00000000ec980000,0x00000000ec980000,0x00000000f4080000)
  from space 7168K, 60% used [0x00000000f4880000,0x00000000f4cc0978,0x00000000f4f80000)
  to   space 7680K, 0% used [0x00000000f4080000,0x00000000f4080000,0x00000000f4800000)
 ParOldGen       total 40960K, used 8235K [0x00000000c5c00000, 0x00000000c8400000, 0x00000000ec980000)
  object space 40960K, 20% used [0x00000000c5c00000,0x00000000c640aca8,0x00000000c8400000)
 Metaspace       used 20687K, capacity 21230K, committed 21296K, reserved 1067008K
  class space    used 2734K, capacity 2893K, committed 2944K, reserved 1048576K
}
Event: 2,268 GC heap before
{Heap before GC invocations=9 (full 1):
 PSYoungGen      total 129024K, used 4354K [0x00000000ec980000, 0x00000000f4f80000, 0x0000000100000000)
  eden space 121856K, 0% used [0x00000000ec980000,0x00000000ec980000,0x00000000f4080000)
  from space 7168K, 60% used [0x00000000f4880000,0x00000000f4cc0978,0x00000000f4f80000)
  to   space 7680K, 0% used [0x00000000f4080000,0x00000000f4080000,0x00000000f4800000)
 ParOldGen       total 40960K, used 8235K [0x00000000c5c00000, 0x00000000c8400000, 0x00000000ec980000)
  object space 40960K, 20% used [0x00000000c5c00000,0x00000000c640aca8,0x00000000c8400000)
 Metaspace       used 20687K, capacity 21230K, committed 21296K, reserved 1067008K
  class space    used 2734K, capacity 2893K, committed 2944K, reserved 1048576K
Event: 2,339 GC heap after
Heap after GC invocations=9 (full 1):
 PSYoungGen      total 129024K, used 0K [0x00000000ec980000, 0x00000000f4f80000, 0x0000000100000000)
  eden space 121856K, 0% used [0x00000000ec980000,0x00000000ec980000,0x00000000f4080000)
  from space 7168K, 0% used [0x00000000f4880000,0x00000000f4880000,0x00000000f4f80000)
  to   space 7680K, 0% used [0x00000000f4080000,0x00000000f4080000,0x00000000f4800000)
 ParOldGen       total 30208K, used 6819K [0x00000000c5c00000, 0x00000000c7980000, 0x00000000ec980000)
  object space 30208K, 22% used [0x00000000c5c00000,0x00000000c62a8ce8,0x00000000c7980000)
 Metaspace       used 20686K, capacity 21224K, committed 21296K, reserved 1067008K
  class space    used 2734K, capacity 2892K, committed 2944K, reserved 1048576K
}
Event: 3,195 GC heap before
{Heap before GC invocations=10 (full 1):
 PSYoungGen      total 129024K, used 121853K [0x00000000ec980000, 0x00000000f4f80000, 0x0000000100000000)
  eden space 121856K, 99% used [0x00000000ec980000,0x00000000f407f790,0x00000000f4080000)
  from space 7168K, 0% used [0x00000000f4880000,0x00000000f4880000,0x00000000f4f80000)
  to   space 7680K, 0% used [0x00000000f4080000,0x00000000f4080000,0x00000000f4800000)
 ParOldGen       total 30208K, used 6819K [0x00000000c5c00000, 0x00000000c7980000, 0x00000000ec980000)
  object space 30208K, 22% used [0x00000000c5c00000,0x00000000c62a8ce8,0x00000000c7980000)
 Metaspace       used 24572K, capacity 25490K, committed 25600K, reserved 1071104K
  class space    used 3291K, capacity 3517K, committed 3584K, reserved 1048576K

Deoptimization events (0 events):
No events

Classes redefined (0 events):
No events

Internal exceptions (10 events):
Event: 2,668 Thread 0x00007f42ac003800 Exception <a 'java/lang/ArrayIndexOutOfBoundsException'> (0x00000000eeae00b0) thrown at [/HUDSON/workspace/8-2-build-linux-amd64/jdk8u191/11894/hotspot/src/share/vm/runtime/sharedRuntime.cpp, line 605]
Event: 2,668 Thread 0x00007f42ac003800 Exception <a 'java/lang/ArrayIndexOutOfBoundsException'> (0x00000000eeae1070) thrown at [/HUDSON/workspace/8-2-build-linux-amd64/jdk8u191/11894/hotspot/src/share/vm/runtime/sharedRuntime.cpp, line 605]
Event: 2,668 Thread 0x00007f42ac003800 Exception <a 'java/lang/ArrayIndexOutOfBoundsException'> (0x00000000eeae3720) thrown at [/HUDSON/workspace/8-2-build-linux-amd64/jdk8u191/11894/hotspot/src/share/vm/runtime/sharedRuntime.cpp, line 605]
Event: 2,673 Thread 0x00007f42cc001000 Exception <a 'java/lang/reflect/InvocationTargetException'> (0x00000000eebd0460) thrown at [/HUDSON/workspace/8-2-build-linux-amd64/jdk8u191/11894/hotspot/src/share/vm/runtime/reflection.cpp, line 1092]
Event: 2,762 Thread 0x00007f42ac003800 Exception <a 'java/lang/ArrayIndexOutOfBoundsException'> (0x00000000ef4707c8) thrown at [/HUDSON/workspace/8-2-build-linux-amd64/jdk8u191/11894/hotspot/src/share/vm/runtime/sharedRuntime.cpp, line 605]
Event: 2,763 Thread 0x00007f42ac003800 Exception <a 'java/lang/ArrayIndexOutOfBoundsException'> (0x00000000ef48eeb8) thrown at [/HUDSON/workspace/8-2-build-linux-amd64/jdk8u191/11894/hotspot/src/share/vm/runtime/sharedRuntime.cpp, line 605]
Event: 2,764 Thread 0x00007f42ac003800 Exception <a 'java/lang/ArrayIndexOutOfBoundsException'> (0x00000000ef49bbf0) thrown at [/HUDSON/workspace/8-2-build-linux-amd64/jdk8u191/11894/hotspot/src/share/vm/runtime/sharedRuntime.cpp, line 605]
Event: 2,764 Thread 0x00007f42ac003800 Exception <a 'java/lang/ArrayIndexOutOfBoundsException'> (0x00000000ef49daa0) thrown at [/HUDSON/workspace/8-2-build-linux-amd64/jdk8u191/11894/hotspot/src/share/vm/runtime/sharedRuntime.cpp, line 605]
Event: 2,796 Thread 0x00007f42ac003800 Exception <a 'java/lang/NoSuchMethodError': java.lang.Object.lambda$comparing$77a9974f$1(Ljava/util/function/Function;Ljava/lang/Object;Ljava/lang/Object;)I> (0x00000000ef7abde0) thrown at [/HUDSON/workspace/8-2-build-linux-amd64/jdk8u191/11894/hotspot/sr
Event: 2,923 Thread 0x00007f42ac003800 Exception <a 'java/lang/IncompatibleClassChangeError': Found class java.lang.Object, but interface was expected> (0x00000000f0760658) thrown at [/HUDSON/workspace/8-2-build-linux-amd64/jdk8u191/11894/hotspot/src/share/vm/interpreter/linkResolver.cpp, line

Events (10 events):
Event: 3,137 loading class org/apache/commons/dbcp2/BasicDataSource done
Event: 3,138 loading class org/apache/tomcat/jdbc/pool/DataSource
Event: 3,138 loading class org/apache/tomcat/jdbc/pool/DataSource done
Event: 3,140 loading class org/springframework/boot/autoconfigure/jdbc/DataSourceInitializationConfiguration$Registrar
Event: 3,140 loading class org/springframework/boot/autoconfigure/jdbc/DataSourceInitializationConfiguration$Registrar done
Event: 3,146 loading class org/springframework/boot/autoconfigure/orm/jpa/HibernateJpaAutoConfiguration$HibernateEntityManagerCondition
Event: 3,146 loading class org/springframework/boot/autoconfigure/orm/jpa/HibernateJpaAutoConfiguration$HibernateEntityManagerCondition done
Event: 3,147 loading class org/hibernate/ejb/HibernateEntityManager
Event: 3,147 loading class org/hibernate/ejb/HibernateEntityManager done
Event: 3,175 Executing VM operation: ParallelGCFailedAllocation


Dynamic libraries:
00400000-00401000 r-xp 00000000 08:02 787244                             /usr/lib/jvm/java-8-oracle/bin/java
00600000-00601000 r--p 00000000 08:02 787244                             /usr/lib/jvm/java-8-oracle/bin/java
00601000-00602000 rw-p 00001000 08:02 787244                             /usr/lib/jvm/java-8-oracle/bin/java
01c19000-01c3a000 rw-p 00000000 00:00 0                                  [heap]
c5c00000-c7980000 rw-p 00000000 00:00 0 
c7980000-ec980000 ---p 00000000 00:00 0 
ec980000-f4f80000 rw-p 00000000 00:00 0 
f9180000-100000000 ---p 00000000 00:00 0 
100000000-100380000 rw-p 00000000 00:00 0 
100380000-140000000 ---p 00000000 00:00 0 
7f42a4000000-7f42a437e000 rw-p 00000000 00:00 0 
7f42a437e000-7f42a8000000 ---p 00000000 00:00 0 
7f42a8000000-7f42a8021000 rw-p 00000000 00:00 0 
7f42a8021000-7f42ac000000 ---p 00000000 00:00 0 
7f42ac000000-7f42ac021000 rw-p 00000000 00:00 0 
7f42ac021000-7f42b0000000 ---p 00000000 00:00 0 
7f42b0000000-7f42b0417000 rw-p 00000000 00:00 0 
7f42b0417000-7f42b4000000 ---p 00000000 00:00 0 
7f42b4000000-7f42b4021000 rw-p 00000000 00:00 0 
7f42b4021000-7f42b8000000 ---p 00000000 00:00 0 
7f42b8000000-7f42b8021000 rw-p 00000000 00:00 0 
7f42b8021000-7f42bc000000 ---p 00000000 00:00 0 
7f42bc000000-7f42bc021000 rw-p 00000000 00:00 0 
7f42bc021000-7f42c0000000 ---p 00000000 00:00 0 
7f42c0000000-7f42c0021000 rw-p 00000000 00:00 0 
7f42c0021000-7f42c4000000 ---p 00000000 00:00 0 
7f42c4000000-7f42c4021000 rw-p 00000000 00:00 0 
7f42c4021000-7f42c8000000 ---p 00000000 00:00 0 
7f42c8000000-7f42c8021000 rw-p 00000000 00:00 0 
7f42c8021000-7f42cc000000 ---p 00000000 00:00 0 
7f42cc000000-7f42cc021000 rw-p 00000000 00:00 0 
7f42cc021000-7f42d0000000 ---p 00000000 00:00 0 
7f42d0000000-7f42d0021000 rw-p 00000000 00:00 0 
7f42d0021000-7f42d4000000 ---p 00000000 00:00 0 
7f42d4000000-7f42d4659000 rw-p 00000000 00:00 0 
7f42d4659000-7f42d8000000 ---p 00000000 00:00 0 
7f42d8000000-7f42d8021000 rw-p 00000000 00:00 0 
7f42d8021000-7f42dc000000 ---p 00000000 00:00 0 
7f42dc000000-7f42dc036000 rw-p 00000000 00:00 0 
7f42dc036000-7f42e0000000 ---p 00000000 00:00 0 
7f42e0000000-7f42e0021000 rw-p 00000000 00:00 0 
7f42e0021000-7f42e4000000 ---p 00000000 00:00 0 
7f42e4000000-7f42e4021000 rw-p 00000000 00:00 0 
7f42e4021000-7f42e8000000 ---p 00000000 00:00 0 
7f42e8000000-7f42e8021000 rw-p 00000000 00:00 0 
7f42e8021000-7f42ec000000 ---p 00000000 00:00 0 
7f42ec000000-7f42ec021000 rw-p 00000000 00:00 0 
7f42ec021000-7f42f0000000 ---p 00000000 00:00 0 
7f42f0000000-7f42f0021000 rw-p 00000000 00:00 0 
7f42f0021000-7f42f4000000 ---p 00000000 00:00 0 
7f42f4000000-7f42f4021000 rw-p 00000000 00:00 0 
7f42f4021000-7f42f8000000 ---p 00000000 00:00 0 
7f42f8000000-7f42f829b000 rw-p 00000000 00:00 0 
7f42f829b000-7f42fc000000 ---p 00000000 00:00 0 
7f42fc000000-7f42fc021000 rw-p 00000000 00:00 0 
7f42fc021000-7f4300000000 ---p 00000000 00:00 0 
7f4300fff000-7f4304000000 rw-p 00000000 00:00 0 
7f4304000000-7f4304021000 rw-p 00000000 00:00 0 
7f4304021000-7f4308000000 ---p 00000000 00:00 0 
7f4308243000-7f43083c3000 rw-p 00000000 00:00 0 
7f43083c3000-7f4308443000 ---p 00000000 00:00 0 
7f4308443000-7f4308643000 rw-p 00000000 00:00 0 
7f4308643000-7f4308843000 rw-p 00000000 00:00 0 
7f4308843000-7f4308a43000 rw-p 00000000 00:00 0 
7f4308a43000-7f4308c43000 rw-p 00000000 00:00 0 
7f4308c43000-7f4308c5a000 r-xp 00000000 08:02 529313                     /lib/x86_64-linux-gnu/libresolv-2.27.so
7f4308c5a000-7f4308e5a000 ---p 00017000 08:02 529313                     /lib/x86_64-linux-gnu/libresolv-2.27.so
7f4308e5a000-7f4308e5b000 r--p 00017000 08:02 529313                     /lib/x86_64-linux-gnu/libresolv-2.27.so
7f4308e5b000-7f4308e5c000 rw-p 00018000 08:02 529313                     /lib/x86_64-linux-gnu/libresolv-2.27.so
7f4308e5c000-7f4308e5e000 rw-p 00000000 00:00 0 
7f4308e5e000-7f4308e63000 r-xp 00000000 08:02 529262                     /lib/x86_64-linux-gnu/libnss_dns-2.27.so
7f4308e63000-7f4309063000 ---p 00005000 08:02 529262                     /lib/x86_64-linux-gnu/libnss_dns-2.27.so
7f4309063000-7f4309064000 r--p 00005000 08:02 529262                     /lib/x86_64-linux-gnu/libnss_dns-2.27.so
7f4309064000-7f4309065000 rw-p 00006000 08:02 529262                     /lib/x86_64-linux-gnu/libnss_dns-2.27.so
7f4309065000-7f4309067000 r-xp 00000000 08:02 529270                     /lib/x86_64-linux-gnu/libnss_mdns4_minimal.so.2
7f4309067000-7f4309266000 ---p 00002000 08:02 529270                     /lib/x86_64-linux-gnu/libnss_mdns4_minimal.so.2
7f4309266000-7f4309267000 r--p 00001000 08:02 529270                     /lib/x86_64-linux-gnu/libnss_mdns4_minimal.so.2
7f4309267000-7f4309268000 rw-p 00002000 08:02 529270                     /lib/x86_64-linux-gnu/libnss_mdns4_minimal.so.2
7f4309283000-7f4309319000 r--s 0110e000 08:02 926906                     /usr/lib/jvm/java-8-oracle/jre/lib/ext/jfxrt.jar
7f4309319000-7f430931c000 ---p 00000000 00:00 0 
7f430931c000-7f430961a000 rw-p 00000000 00:00 0 
7f430961a000-7f430961d000 ---p 00000000 00:00 0 
7f430961d000-7f430971b000 rw-p 00000000 00:00 0 
7f430971b000-7f430971e000 ---p 00000000 00:00 0 
7f430971e000-7f4309a1c000 rw-p 00000000 00:00 0 
7f4309a1c000-7f4309a1f000 ---p 00000000 00:00 0 
7f4309a1f000-7f4309b1d000 rw-p 00000000 00:00 0 
7f4309b1d000-7f4309b27000 r--s 00116000 08:02 926912                     /usr/lib/jvm/java-8-oracle/jre/lib/ext/localedata.jar
7f4309b27000-7f4309b43000 r--s 00393000 08:02 926905                     /usr/lib/jvm/java-8-oracle/jre/lib/ext/cldrdata.jar
7f4309b43000-7f4309b46000 ---p 00000000 00:00 0 
7f4309b46000-7f4309c44000 rw-p 00000000 00:00 0 
7f4309c44000-7f4309c47000 ---p 00000000 00:00 0 
7f4309c47000-7f4309d45000 rw-p 00000000 00:00 0 
7f4309d45000-7f4309d48000 ---p 00000000 00:00 0 
7f4309d48000-7f4309e46000 rw-p 00000000 00:00 0 
7f4309e46000-7f4309e49000 ---p 00000000 00:00 0 
7f4309e49000-7f4309f47000 rw-p 00000000 00:00 0 
7f4309f47000-7f4309f48000 ---p 00000000 00:00 0 
7f4309f48000-7f430a048000 rw-p 00000000 00:00 0 
7f430a048000-7f430a04b000 ---p 00000000 00:00 0 
7f430a04b000-7f430a149000 rw-p 00000000 00:00 0 
7f430a149000-7f430a14c000 ---p 00000000 00:00 0 
7f430a14c000-7f430a24a000 rw-p 00000000 00:00 0 
7f430a24a000-7f430a24d000 ---p 00000000 00:00 0 
7f430a24d000-7f430a34b000 rw-p 00000000 00:00 0 
7f430a34b000-7f430a350000 r--s 000a0000 08:02 926901                     /usr/lib/jvm/java-8-oracle/jre/lib/jsse.jar
7f430a350000-7f430a361000 r-xp 00000000 08:02 1055205                    /usr/lib/jvm/java-8-oracle/jre/lib/amd64/libnio.so
7f430a361000-7f430a560000 ---p 00011000 08:02 1055205                    /usr/lib/jvm/java-8-oracle/jre/lib/amd64/libnio.so
7f430a560000-7f430a561000 r--p 00010000 08:02 1055205                    /usr/lib/jvm/java-8-oracle/jre/lib/amd64/libnio.so
7f430a561000-7f430a562000 rw-p 00011000 08:02 1055205                    /usr/lib/jvm/java-8-oracle/jre/lib/amd64/libnio.so
7f430a562000-7f430a56a000 r-xp 00000000 08:02 1055210                    /usr/lib/jvm/java-8-oracle/jre/lib/amd64/libmanagement.so
7f430a56a000-7f430a76a000 ---p 00008000 08:02 1055210                    /usr/lib/jvm/java-8-oracle/jre/lib/amd64/libmanagement.so
7f430a76a000-7f430a76b000 r--p 00008000 08:02 1055210                    /usr/lib/jvm/java-8-oracle/jre/lib/amd64/libmanagement.so
7f430a76b000-7f430a76c000 rw-p 00009000 08:02 1055210                    /usr/lib/jvm/java-8-oracle/jre/lib/amd64/libmanagement.so
7f430a76c000-7f430a782000 r-xp 00000000 08:02 1055202                    /usr/lib/jvm/java-8-oracle/jre/lib/amd64/libnet.so
7f430a782000-7f430a981000 ---p 00016000 08:02 1055202                    /usr/lib/jvm/java-8-oracle/jre/lib/amd64/libnet.so
7f430a981000-7f430a982000 r--p 00015000 08:02 1055202                    /usr/lib/jvm/java-8-oracle/jre/lib/amd64/libnet.so
7f430a982000-7f430a983000 rw-p 00016000 08:02 1055202                    /usr/lib/jvm/java-8-oracle/jre/lib/amd64/libnet.so
7f430a983000-7f430a986000 ---p 00000000 00:00 0 
7f430a986000-7f430aa84000 rw-p 00000000 00:00 0 
7f430aa84000-7f430aa85000 ---p 00000000 00:00 0 
7f430aa85000-7f430aa88000 ---p 00000000 00:00 0 
7f430aa88000-7f430ab85000 rw-p 00000000 00:00 0 
7f430ab85000-7f430ab86000 ---p 00000000 00:00 0 
7f430ab86000-7f430ab89000 ---p 00000000 00:00 0 
7f430ab89000-7f430ac86000 rw-p 00000000 00:00 0 
7f430ac86000-7f430ac87000 ---p 00000000 00:00 0 
7f430ac87000-7f430ac8a000 ---p 00000000 00:00 0 
7f430ac8a000-7f430ad87000 rw-p 00000000 00:00 0 
7f430ad87000-7f430ad8a000 ---p 00000000 00:00 0 
7f430ad8a000-7f430ae88000 rw-p 00000000 00:00 0 
7f430ae88000-7f430ae8a000 r--s 0001a000 08:02 6304479                    /home/balazs/Downloads/idea-IU-183.4886.37/lib/idea_rt.jar
7f430ae8a000-7f430ae91000 r--s 0004b000 08:02 3411959                    /home/balazs/.m2/repository/commons-codec/commons-codec/1.11/commons-codec-1.11.jar
7f430ae91000-7f430ae98000 r--s 00049000 08:02 4198014                    /home/balazs/.m2/repository/org/apache/httpcomponents/httpcore/4.4.11/httpcore-4.4.11.jar
7f430ae98000-7f430aea5000 r--s 000b0000 08:02 4198018                    /home/balazs/.m2/repository/org/apache/httpcomponents/httpclient/4.5.8/httpclient-4.5.8.jar
7f430aea5000-7f430af00000 r--s 0038b000 08:02 4066702                    /home/balazs/.m2/repository/org/assertj/assertj-core/3.11.1/assertj-core-3.11.1.jar
7f430af00000-7f430af01000 r--s 00009000 08:02 4592513                    /home/balazs/.m2/repository/org/thymeleaf/extras/thymeleaf-extras-java8time/3.0.4.RELEASE/thymeleaf-extras-java8time-3.0.4.RELEASE.jar
7f430af01000-7f430af04000 r--s 00028000 08:02 4067511                    /home/balazs/.m2/repository/org/unbescape/unbescape/1.1.6.RELEASE/unbescape-1.1.6.RELEASE.jar
7f430af04000-7f430af09000 r--s 00037000 08:02 4067507                    /home/balazs/.m2/repository/org/attoparser/attoparser/2.0.5.RELEASE/attoparser-2.0.5.RELEASE.jar
7f430af09000-7f430af19000 r--s 000c5000 08:02 4067509                    /home/balazs/.m2/repository/org/thymeleaf/thymeleaf/3.0.11.RELEASE/thymeleaf-3.0.11.RELEASE.jar
7f430af19000-7f430af1e000 r--s 00027000 08:02 4067505                    /home/balazs/.m2/repository/org/thymeleaf/thymeleaf-spring5/3.0.11.RELEASE/thymeleaf-spring5-3.0.11.RELEASE.jar
7f430af1e000-7f430af1f000 r--s 00000000 08:02 1970821                    /home/balazs/.m2/repository/org/springframework/boot/spring-boot-starter-thymeleaf/2.1.5.RELEASE/spring-boot-starter-thymeleaf-2.1.5.RELEASE.jar
7f430af1f000-7f430af27000 r--s 000b0000 08:02 3801410                    /home/balazs/.m2/repository/org/postgresql/postgresql/42.2.5.jre7/postgresql-42.2.5.jre7.jar
7f430af27000-7f430af30000 r--s 0005a000 08:02 4195950                    /home/balazs/.m2/repository/org/springframework/spring-jdbc/5.1.7.RELEASE/spring-jdbc-5.1.7.RELEASE.jar
7f430af30000-7f430af34000 r--s 00020000 08:02 4068512                    /home/balazs/.m2/repository/com/zaxxer/HikariCP/3.2.0/HikariCP-3.2.0.jar
7f430af34000-7f430af35000 r--s 00000000 08:02 4195932                    /home/balazs/.m2/repository/org/springframework/boot/spring-boot-starter-jdbc/2.1.5.RELEASE/spring-boot-starter-jdbc-2.1.5.RELEASE.jar
7f430af35000-7f430af37000 r--s 0000a000 08:02 4195925                    /home/balazs/.m2/repository/org/springframework/spring-aspects/5.1.7.RELEASE/spring-aspects-5.1.7.RELEASE.jar
7f430af37000-7f430af3f000 r--s 00037000 08:02 4195931                    /home/balazs/.m2/repository/org/springframework/spring-tx/5.1.7.RELEASE/spring-tx-5.1.7.RELEASE.jar
7f430af3f000-7f430af43000 r--s 0002d000 08:02 4195951                    /home/balazs/.m2/repository/org/springframework/spring-orm/5.1.7.RELEASE/spring-orm-5.1.7.RELEASE.jar
7f430af43000-7f430af5b000 r--s 00107000 08:02 4195923                    /home/balazs/.m2/repository/org/springframework/data/spring-data-commons/2.1.8.RELEASE/spring-data-commons-2.1.8.RELEASE.jar
7f430af5b000-7f430af63000 r--s 0004f000 08:02 4195944                    /home/balazs/.m2/repository/org/springframework/data/spring-data-jpa/2.1.8.RELEASE/spring-data-jpa-2.1.8.RELEASE.jar
7f430af63000-7f430af66000 r--s 00010000 08:02 4068525                    /home/balazs/.m2/repository/org/hibernate/common/hibernate-commons-annotations/5.0.4.Final/hibernate-commons-annotations-5.0.4.Final.jar
7f430af66000-7f430af6b000 r--s 0004b000 08:02 4068520                    /home/balazs/.m2/repository/org/dom4j/dom4j/2.1.1/dom4j-2.1.1.jar
7f430af6b000-7f430af6d000 r--s 0000c000 08:02 4068530                    /home/balazs/.m2/repository/javax/activation/javax.activation-api/1.2.0/javax.activation-api-1.2.0.jar
7f430af6d000-7f430af70000 r--s 0002b000 08:02 4068529                    /home/balazs/.m2/repository/org/jboss/jandex/2.0.5.Final/jandex-2.0.5.Final.jar
7f430af70000-7f430af75000 r--s 00068000 08:02 4068526                    /home/balazs/.m2/repository/antlr/antlr/2.7.7/antlr-2.7.7.jar
7f430af75000-7f430af80000 r--s 000b2000 08:02 4195937                    /home/balazs/.m2/repository/org/javassist/javassist/3.23.2-GA/javassist-3.23.2-GA.jar
7f430af80000-7f430af86000 r--s 00023000 08:02 4068509                    /home/balazs/.m2/repository/javax/persistence/javax.persistence-api/2.2/javax.persistence-api-2.2.jar
7f430af86000-7f430b008000 r--s 00627000 08:02 4195942                    /home/balazs/.m2/repository/org/hibernate/hibernate-core/5.3.10.Final/hibernate-core-5.3.10.Final.jar
7f430b008000-7f430b009000 r--s 00006000 08:02 4066045                    /home/balazs/.m2/repository/javax/transaction/javax.transaction-api/1.3/javax.transaction-api-1.3.jar
7f430b009000-7f430b022000 r--s 001da000 08:02 4195938                    /home/balazs/.m2/repository/org/aspectj/aspectjweaver/1.9.4/aspectjweaver-1.9.4.jar
7f430b022000-7f430b023000 r--s 00000000 08:02 4195918                    /home/balazs/.m2/repository/org/springframework/boot/spring-boot-starter-aop/2.1.5.RELEASE/spring-boot-starter-aop-2.1.5.RELEASE.jar
7f430b023000-7f430b024000 r--s 00000000 08:02 4195920                    /home/balazs/.m2/repository/org/springframework/boot/spring-boot-starter-data-jpa/2.1.5.RELEASE/spring-boot-starter-data-jpa-2.1.5.RELEASE.jar
7f430b024000-7f430b025000 r--s 00005000 08:02 4195962                    /home/balazs/.m2/repository/org/springframework/spring-jcl/5.1.7.RELEASE/spring-jcl-5.1.7.RELEASE.jar
7f430b025000-7f430b03e000 r--s 00123000 08:02 4195963                    /home/balazs/.m2/repository/org/springframework/spring-core/5.1.7.RELEASE/spring-core-5.1.7.RELEASE.jar
7f430b03e000-7f430b085000 r--s 002da000 08:02 4066709                    /home/balazs/.m2/repository/net/bytebuddy/byte-buddy/1.9.12/byte-buddy-1.9.12.jar
7f430b085000-7f430b09c000 r--s 00190000 08:02 4195964                    /home/balazs/.m2/repository/org/projectlombok/lombok/1.18.8/lombok-1.18.8.jar
7f430b09c000-7f430b0c0000 r--s 00111000 08:02 2887380                    /home/balazs/.m2/repository/org/springframework/boot/spring-boot-autoconfigure/2.1.5.RELEASE/spring-boot-autoconfigure-2.1.5.RELEASE.jar
7f430b0c0000-7f430b0d5000 r--s 000d4000 08:02 4195954                    /home/balazs/.m2/repository/org/springframework/boot/spring-boot/2.1.5.RELEASE/spring-boot-2.1.5.RELEASE.jar
7f430b0d5000-7f430b0db000 r--s 0002e000 08:02 4195946                    /home/balazs/.m2/repository/org/springframework/boot/spring-boot-devtools/2.1.5.RELEASE/spring-boot-devtools-2.1.5.RELEASE.jar
7f430b0db000-7f430b0dd000 r--s 00005000 08:02 3542605                    /home/balazs/.m2/repository/xpp3/xpp3_min/1.1.4c/xpp3_min-1.1.4c.jar
7f430b0dd000-7f430b0de000 r--s 00001000 08:02 3411912                    /home/balazs/.m2/repository/xmlpull/xmlpull/1.1.3.1/xmlpull-1.1.3.1.jar
7f430b0de000-7f430b0ec000 r--s 00082000 08:02 3016784                    /home/balazs/.m2/repository/com/thoughtworks/xstream/xstream/1.4.10/xstream-1.4.10.jar
7f430b0ec000-7f430b0ee000 r--s 00009000 08:02 536229                     /home/balazs/.m2/repository/org/slf4j/slf4j-api/1.7.26/slf4j-api-1.7.26.jar
7f430b0ee000-7f430b0f0000 r--s 00003000 08:02 660844                     /home/balazs/.m2/repository/com/netflix/ribbon/ribbon-eureka/2.3.0/ribbon-eureka-2.3.0.jar
7f430b0f0000-7f430b109000 r--s 00102000 08:02 660922                     /home/balazs/.m2/repository/io/reactivex/rxjava/1.3.8/rxjava-1.3.8.jar
7f430b109000-7f430b10b000 r--s 00002000 08:02 660879                     /home/balazs/.m2/repository/com/netflix/netflix-commons/netflix-statistics/0.1.1/netflix-statistics-0.1.1.jar
7f430b10b000-7f430b10f000 r--s 00024000 08:02 660884                     /home/balazs/.m2/repository/com/netflix/ribbon/ribbon-loadbalancer/2.3.0/ribbon-loadbalancer-2.3.0.jar
7f430b10f000-7f430b110000 r--s 00001000 08:02 660872                     /home/balazs/.m2/repository/com/netflix/netflix-commons/netflix-commons-util/0.1.1/netflix-commons-util-0.1.1.jar
7f430b110000-7f430b11d000 r--s 00083000 08:02 660863                     /home/balazs/.m2/repository/commons-collections/commons-collections/3.2.2/commons-collections-3.2.2.jar
7f430b11d000-7f430b11f000 r--s 0000c000 08:02 660874                     /home/balazs/.m2/repository/com/netflix/ribbon/ribbon-httpclient/2.3.0/ribbon-httpclient-2.3.0.jar
7f430b11f000-7f430b123000 r--s 00011000 08:02 660869                     /home/balazs/.m2/repository/com/netflix/ribbon/ribbon-core/2.3.0/ribbon-core-2.3.0.jar
7f430b123000-7f430b12d000 r--s 00059000 08:02 660864                     /home/balazs/.m2/repository/io/reactivex/rxnetty/0.4.9/rxnetty-0.4.9.jar
7f430b12d000-7f430b135000 r--s 0003e000 08:02 660880                     /home/balazs/.m2/repository/com/netflix/hystrix/hystrix-core/1.4.3/hystrix-core-1.4.3.jar
7f430b135000-7f430b137000 r--s 00006000 08:02 660871                     /home/balazs/.m2/repository/io/reactivex/rxnetty-servo/0.4.9/rxnetty-servo-0.4.9.jar
7f430b137000-7f430b13a000 r--s 0000b000 08:02 660876                     /home/balazs/.m2/repository/io/reactivex/rxnetty-contexts/0.4.9/rxnetty-contexts-0.4.9.jar
7f430b13a000-7f430b13b000 r--s 00009000 08:02 660867                     /home/balazs/.m2/repository/com/netflix/ribbon/ribbon-transport/2.3.0/ribbon-transport-2.3.0.jar
7f430b13b000-7f430b13f000 r--s 00012000 08:02 660848                     /home/balazs/.m2/repository/com/netflix/ribbon/ribbon/2.3.0/ribbon-2.3.0.jar
7f430b13f000-7f430b140000 r--s 00000000 08:02 2113284                    /home/balazs/.m2/repository/org/springframework/cloud/spring-cloud-starter-netflix-ribbon/2.1.1.RELEASE/spring-cloud-starter-netflix-ribbon-2.1.1.RELEASE.jar
7f430b140000-7f430b145000 r--s 00041000 08:02 660860                     /home/balazs/.m2/repository/commons-lang/commons-lang/2.6/commons-lang-2.6.jar
7f430b145000-7f430b14c000 r--s 00050000 08:02 660866                     /home/balazs/.m2/repository/commons-configuration/commons-configuration/1.8/commons-configuration-1.8.jar
7f430b14c000-7f430b14d000 r--s 00003000 08:02 2099904                    /home/balazs/.m2/repository/org/springframework/cloud/spring-cloud-netflix-archaius/2.1.1.RELEASE/spring-cloud-netflix-archaius-2.1.1.RELEASE.jar
7f430b14d000-7f430b151000 r--s 00017000 08:02 2099922                    /home/balazs/.m2/repository/org/springframework/cloud/spring-cloud-netflix-ribbon/2.1.1.RELEASE/spring-cloud-netflix-ribbon-2.1.1.RELEASE.jar
7f430b151000-7f430b152000 r--s 00000000 08:02 2113367                    /home/balazs/.m2/repository/org/springframework/cloud/spring-cloud-starter-netflix-archaius/2.1.1.RELEASE/spring-cloud-starter-netflix-archaius-2.1.1.RELEASE.jar
7f430b152000-7f430b156000 r--s 00024000 08:02 660833                     /home/balazs/.m2/repository/org/codehaus/woodstox/stax2-api/3.1.4/stax2-api-3.1.4.jar
7f430b156000-7f430b158000 r--s 00004000 08:02 3407898                    /home/balazs/.m2/repository/javax/xml/stream/stax-api/1.0-2/stax-api-1.0-2.jar
7f430b158000-7f430b15e000 r--s 00071000 08:02 660852                     /home/balazs/.m2/repository/org/codehaus/woodstox/woodstox-core-asl/4.4.1/woodstox-core-asl-4.4.1.jar
7f430b15e000-7f430b163000 r--s 0003a000 08:02 660851                     /home/balazs/.m2/repository/com/netflix/eureka/eureka-core/1.9.8/eureka-core-1.9.8.jar
7f430b163000-7f430b167000 r--s 0004c000 08:02 3280434                    /home/balazs/.m2/repository/com/fasterxml/jackson/core/jackson-core/2.9.8/jackson-core-2.9.8.jar
7f430b167000-7f430b16a000 r--s 0000e000 08:02 3280433                    /home/balazs/.m2/repository/com/fasterxml/jackson/core/jackson-annotations/2.9.0/jackson-annotations-2.9.0.jar
7f430b16a000-7f430b16f000 r--s 00024000 08:02 660849                     /home/balazs/.m2/repository/com/github/andrewoma/dexx/dexx-collections/0.2/dexx-collections-0.2.jar
7f430b16f000-7f430b170000 r--s 00004000 08:02 660847                     /home/balazs/.m2/repository/com/github/vlsi/compactmap/compactmap/1.2.1/compactmap-1.2.1.jar
7f430b170000-7f430b172000 r--s 00000000 08:02 2759958                    /home/balazs/.m2/repository/aopalliance/aopalliance/1.0/aopalliance-1.0.jar
7f430b172000-7f430b173000 r--s 00000000 08:02 4064450                    /home/balazs/.m2/repository/javax/inject/javax.inject/1/javax.inject-1.jar
7f430b173000-7f430b181000 r--s 00097000 08:02 2099901                    /home/balazs/.m2/repository/com/google/inject/guice/4.1.0/guice-4.1.0.jar
7f430b181000-7f430b183000 r--s 00003000 08:02 4729521                    /home/balazs/.m2/repository/com/sun/jersey/contribs/jersey-apache-client4/1.19.1/jersey-apache-client4-1.19.1.jar
7f430b183000-7f430b186000 r--s 0001e000 08:02 4729519                    /home/balazs/.m2/repository/com/sun/jersey/jersey-client/1.19.1/jersey-client-1.19.1.jar
7f430b186000-7f430b190000 r--s 00061000 08:02 4729522                    /home/balazs/.m2/repository/com/sun/jersey/jersey-core/1.19.1/jersey-core-1.19.1.jar
7f430b190000-7f430b195000 r--s 00033000 08:02 660839                     /home/balazs/.m2/repository/com/netflix/servo/servo-core/0.12.21/servo-core-0.12.21.jar
7f430b195000-7f430b197000 r--s 0000a000 08:02 660858                     /home/balazs/.m2/repository/javax/ws/rs/jsr311-api/1.1.1/jsr311-api-1.1.1.jar
7f430b197000-7f430b1c2000 r--s 001f5000 08:02 2099903                    /home/balazs/.m2/repository/com/google/guava/guava/16.0/guava-16.0.jar
7f430b1c2000-7f430b1c6000 r--s 0001f000 08:02 660895                     /home/balazs/.m2/repository/com/netflix/archaius/archaius-core/0.7.6/archaius-core-0.7.6.jar
7f430b1c6000-7f430b1d9000 r--s 000df000 08:02 660831                     /home/balazs/.m2/repository/org/apache/commons/commons-math/2.2/commons-math-2.2.jar
7f430b1d9000-7f430b1de000 r--s 00036000 08:02 660818                     /home/balazs/.m2/repository/com/google/code/gson/gson/2.8.5/gson-2.8.5.jar
7f430b1de000-7f430b1e1000 r--s 00022000 08:02 660832                     /home/balazs/.m2/repository/org/antlr/stringtemplate/3.2.1/stringtemplate-3.2.1.jar
7f430b1e1000-7f430b1e5000 r--s 00025000 08:02 660830                     /home/balazs/.m2/repository/org/antlr/antlr-runtime/3.4/antlr-runtime-3.4.jar
7f430b1e5000-7f430b1f6000 r--s 0008c000 08:02 660826                     /home/balazs/.m2/repository/joda-time/joda-time/2.10.2/joda-time-2.10.2.jar
7f430b1f6000-7f430b1fc000 r--s 00044000 08:02 660825                     /home/balazs/.m2/repository/commons-jxpath/commons-jxpath/1.3/commons-jxpath-1.3.jar
7f430b1fc000-7f430b1ff000 r--s 00016000 08:02 660823                     /home/balazs/.m2/repository/com/netflix/netflix-commons/netflix-infix/0.3.0/netflix-infix-0.3.0.jar
7f430b1ff000-7f430b201000 r--s 0000f000 08:02 660815                     /home/balazs/.m2/repository/com/netflix/netflix-commons/netflix-eventbus/0.3.0/netflix-eventbus-0.3.0.jar
7f430b201000-7f430b203000 r--s 00005000 08:02 660819                     /home/balazs/.m2/repository/stax/stax-api/1.0.1/stax-api-1.0.1.jar
7f430b203000-7f430b206000 r--s 00012000 08:02 660817                     /home/balazs/.m2/repository/org/codehaus/jettison/jettison/1.3.7/jettison-1.3.7.jar
7f430b206000-7f430b210000 r--s 00062000 08:02 660854                     /home/balazs/.m2/repository/com/netflix/eureka/eureka-client/1.9.8/eureka-client-1.9.8.jar
7f430b210000-7f430b214000 r--s 00015000 08:02 2099895                    /home/balazs/.m2/repository/org/springframework/cloud/spring-cloud-netflix-eureka-client/2.1.1.RELEASE/spring-cloud-netflix-eureka-client-2.1.1.RELEASE.jar
7f430b214000-7f430b217000 r--s 00005000 08:02 2099897                    /home/balazs/.m2/repository/org/springframework/cloud/spring-cloud-netflix-hystrix/2.1.1.RELEASE/spring-cloud-netflix-hystrix-2.1.1.RELEASE.jar
7f430b217000-7f430b26f000 r--s 003a7000 08:02 660813                     /home/balazs/.m2/repository/org/bouncycastle/bcprov-jdk15on/1.60/bcprov-jdk15on-1.60.jar
7f430b26f000-7f430b282000 r--s 000b0000 08:02 660811                     /home/balazs/.m2/repository/org/bouncycastle/bcpkix-jdk15on/1.60/bcpkix-jdk15on-1.60.jar
7f430b282000-7f430b283000 r--s 00004000 08:02 2362823                    /home/balazs/.m2/repository/org/springframework/security/spring-security-rsa/1.0.7.RELEASE/spring-security-rsa-1.0.7.RELEASE.jar
7f430b283000-7f430b289000 r--s 0001f000 08:02 2099891                    /home/balazs/.m2/repository/org/springframework/cloud/spring-cloud-commons/2.1.1.RELEASE/spring-cloud-commons-2.1.1.RELEASE.jar
7f430b289000-7f430b28b000 r--s 00010000 08:02 2362826                    /home/balazs/.m2/repository/org/springframework/security/spring-security-crypto/5.1.5.RELEASE/spring-security-crypto-5.1.5.RELEASE.jar
7f430b28b000-7f430b28e000 r--s 00019000 08:02 2099889                    /home/balazs/.m2/repository/org/springframework/cloud/spring-cloud-context/2.1.1.RELEASE/spring-cloud-context-2.1.1.RELEASE.jar
7f430b28e000-7f430b28f000 r--s 00000000 08:02 2099894                    /home/balazs/.m2/repository/org/springframework/cloud/spring-cloud-starter/2.1.1.RELEASE/spring-cloud-starter-2.1.1.RELEASE.jar
7f430b28f000-7f430b290000 r--s 00000000 08:02 2099885                    /home/balazs/.m2/repository/org/springframework/cloud/spring-cloud-starter-netflix-eureka-client/2.1.1.RELEASE/spring-cloud-starter-netflix-eureka-client-2.1.1.RELEASE.jar
7f430b290000-7f430b2aa000 r--s 000f4000 08:02 4195943                    /home/balazs/.m2/repository/org/springframework/spring-context/5.1.7.RELEASE/spring-context-5.1.7.RELEASE.jar
7f430b2aa000-7f430b2ad000 ---p 00000000 00:00 0 
7f430b2ad000-7f430b3ab000 rw-p 00000000 00:00 0 
7f430b3ab000-7f430beff000 r--p 00000000 08:02 789511                     /usr/lib/locale/locale-archive
7f430beff000-7f430bf02000 ---p 00000000 00:00 0 
7f430bf02000-7f430c000000 rw-p 00000000 00:00 0 
7f430c000000-7f430c021000 rw-p 00000000 00:00 0 
7f430c021000-7f4310000000 ---p 00000000 00:00 0 
7f4310000000-7f4310005000 r--s 00040000 08:02 4195957                    /home/balazs/.m2/repository/org/springframework/spring-expression/5.1.7.RELEASE/spring-expression-5.1.7.RELEASE.jar
7f4310005000-7f431000f000 r--s 00051000 08:02 4195939                    /home/balazs/.m2/repository/org/springframework/spring-aop/5.1.7.RELEASE/spring-aop-5.1.7.RELEASE.jar
7f431000f000-7f431001e000 r--s 000b5000 08:02 4196221                    /home/balazs/.m2/repository/org/springframework/spring-webmvc/5.1.7.RELEASE/spring-webmvc-5.1.7.RELEASE.jar
7f431001e000-7f431002a000 r--s 00099000 08:02 4195953                    /home/balazs/.m2/repository/org/springframework/spring-beans/5.1.7.RELEASE/spring-beans-5.1.7.RELEASE.jar
7f431002a000-7f4310046000 r--s 00137000 08:02 3280536                    /home/balazs/.m2/repository/org/springframework/spring-web/5.1.7.RELEASE/spring-web-5.1.7.RELEASE.jar
7f4310046000-7f4310048000 r--s 0000f000 08:02 2117444                    /home/balazs/.m2/repository/com/fasterxml/classmate/1.4.0/classmate-1.4.0.jar
7f4310048000-7f431004a000 r--s 0000f000 08:02 4066689                    /home/balazs/.m2/repository/org/jboss/logging/jboss-logging/3.3.2.Final/jboss-logging-3.3.2.Final.jar
7f431004a000-7f431004f000 r--s 00012000 08:02 927085                     /home/balazs/.m2/repository/javax/validation/validation-api/2.0.1.Final/validation-api-2.0.1.Final.jar
7f431004f000-7f431006c000 r--s 000fe000 08:02 3149546                    /home/balazs/.m2/repository/org/hibernate/validator/hibernate-validator/6.0.16.Final/hibernate-validator-6.0.16.Final.jar
7f431006c000-7f4310071000 r--s 0003c000 08:02 3937094                    /home/balazs/.m2/repository/org/apache/tomcat/embed/tomcat-embed-websocket/9.0.19/tomcat-embed-websocket-9.0.19.jar
7f4310071000-7f4310076000 r--s 00039000 08:02 3801458                    /home/balazs/.m2/repository/org/apache/tomcat/embed/tomcat-embed-el/9.0.19/tomcat-embed-el-9.0.19.jar
7f4310076000-7f43100a1000 r--s 002fe000 08:02 3542879                    /home/balazs/.m2/repository/org/apache/tomcat/embed/tomcat-embed-core/9.0.19/tomcat-embed-core-9.0.19.jar
7f43100a1000-7f43100a2000 r--s 00000000 08:02 3412057                    /home/balazs/.m2/repository/org/springframework/boot/spring-boot-starter-tomcat/2.1.5.RELEASE/spring-boot-starter-tomcat-2.1.5.RELEASE.jar
7f43100a2000-7f43100a4000 r--s 00001000 08:02 3411952                    /home/balazs/.m2/repository/com/fasterxml/jackson/module/jackson-module-parameter-names/2.9.8/jackson-module-parameter-names-2.9.8.jar
7f43100a4000-7f43100a7000 r--s 00016000 08:02 3411950                    /home/balazs/.m2/repository/com/fasterxml/jackson/datatype/jackson-datatype-jsr310/2.9.8/jackson-datatype-jsr310-2.9.8.jar
7f43100a7000-7f43100a9000 r--s 00007000 08:02 3411948                    /home/balazs/.m2/repository/com/fasterxml/jackson/datatype/jackson-datatype-jdk8/2.9.8/jackson-datatype-jdk8-2.9.8.jar
7f43100a9000-7f43100bb000 r--s 00137000 08:02 3149548                    /home/balazs/.m2/repository/com/fasterxml/jackson/core/jackson-databind/2.9.8/jackson-databind-2.9.8.jar
7f43100bb000-7f43100bc000 r--s 00000000 08:02 3149679                    /home/balazs/.m2/repository/org/springframework/boot/spring-boot-starter-json/2.1.5.RELEASE/spring-boot-starter-json-2.1.5.RELEASE.jar
7f43100bc000-7f43100c3000 r--s 00043000 08:02 3149540                    /home/balazs/.m2/repository/org/yaml/snakeyaml/1.23/snakeyaml-1.23.jar
7f43100c3000-7f43100c5000 r--s 00005000 08:02 4066691                    /home/balazs/.m2/repository/javax/annotation/javax.annotation-api/1.3.2/javax.annotation-api-1.3.2.jar
7f43100c5000-7f43100c7000 r--s 00000000 08:02 1059544                    /home/balazs/.m2/repository/org/slf4j/jul-to-slf4j/1.7.26/jul-to-slf4j-1.7.26.jar
7f43100c7000-7f43100cd000 r--s 0003c000 08:02 2625954                    /home/balazs/.m2/repository/org/apache/logging/log4j/log4j-api/2.11.2/log4j-api-2.11.2.jar
7f43100cd000-7f43100cf000 r--s 00003000 08:02 2117442                    /home/balazs/.m2/repository/org/apache/logging/log4j/log4j-to-slf4j/2.11.2/log4j-to-slf4j-2.11.2.jar
7f43100cf000-7f43100da000 r--s 00069000 08:02 3149538                    /home/balazs/.m2/repository/ch/qos/logback/logback-core/1.2.3/logback-core-1.2.3.jar
7f43100da000-7f43100e0000 r--s 00041000 08:02 3018276                    /home/balazs/.m2/repository/ch/qos/logback/logback-classic/1.2.3/logback-classic-1.2.3.jar
7f43100e0000-7f43100e4000 r--s 0001b000 08:02 3937035                    /home/balazs/.m2/repository/javax/xml/bind/jaxb-api/2.3.0/jaxb-api-2.3.0.jar
7f43100e4000-7f43100f7000 r--s 00345000 08:02 926882                     /usr/lib/jvm/java-8-oracle/jre/lib/resources.jar
7f43100f7000-7f43100fa000 ---p 00000000 00:00 0 
7f43100fa000-7f43101f8000 rw-p 00000000 00:00 0 
7f43101f8000-7f43101f9000 ---p 00000000 00:00 0 
7f43101f9000-7f4311208000 rw-p 00000000 00:00 0 
7f4311208000-7f43113e2000 r--s 03d6c000 08:02 926844                     /usr/lib/jvm/java-8-oracle/jre/lib/rt.jar
7f43113e2000-7f4313ad4000 rw-p 00000000 00:00 0 
7f4313ad4000-7f4313ad5000 ---p 00000000 00:00 0 
7f4313ad5000-7f4313bd5000 rw-p 00000000 00:00 0 
7f4313bd5000-7f4313bd6000 ---p 00000000 00:00 0 
7f4313bd6000-7f4313cd6000 rw-p 00000000 00:00 0 
7f4313cd6000-7f4313cd7000 ---p 00000000 00:00 0 
7f4313cd7000-7f4313dd7000 rw-p 00000000 00:00 0 
7f4313dd7000-7f4313dd8000 ---p 00000000 00:00 0 
7f4313dd8000-7f4313ee7000 rw-p 00000000 00:00 0 
7f4313ee7000-7f431400f000 ---p 00000000 00:00 0 
7f431400f000-7f431401e000 rw-p 00000000 00:00 0 
7f431401e000-7f4314145000 ---p 00000000 00:00 0 
7f4314145000-7f4314189000 rw-p 00000000 00:00 0 
7f4314189000-7f43141e1000 ---p 00000000 00:00 0 
7f43141e1000-7f43141f6000 rw-p 00000000 00:00 0 
7f43141f6000-7f43145a2000 ---p 00000000 00:00 0 
7f43145a2000-7f4314a82000 rwxp 00000000 00:00 0 
7f4314a82000-7f43235a2000 ---p 00000000 00:00 0 
7f43235a2000-7f43235bc000 r-xp 00000000 08:02 1055198                    /usr/lib/jvm/java-8-oracle/jre/lib/amd64/libzip.so
7f43235bc000-7f43237bc000 ---p 0001a000 08:02 1055198                    /usr/lib/jvm/java-8-oracle/jre/lib/amd64/libzip.so
7f43237bc000-7f43237bd000 r--p 0001a000 08:02 1055198                    /usr/lib/jvm/java-8-oracle/jre/lib/amd64/libzip.so
7f43237bd000-7f43237be000 rw-p 0001b000 08:02 1055198                    /usr/lib/jvm/java-8-oracle/jre/lib/amd64/libzip.so
7f43237be000-7f43237c9000 r-xp 00000000 08:02 529264                     /lib/x86_64-linux-gnu/libnss_files-2.27.so
7f43237c9000-7f43239c8000 ---p 0000b000 08:02 529264                     /lib/x86_64-linux-gnu/libnss_files-2.27.so
7f43239c8000-7f43239c9000 r--p 0000a000 08:02 529264                     /lib/x86_64-linux-gnu/libnss_files-2.27.so
7f43239c9000-7f43239ca000 rw-p 0000b000 08:02 529264                     /lib/x86_64-linux-gnu/libnss_files-2.27.so
7f43239ca000-7f43239d0000 rw-p 00000000 00:00 0 
7f43239d0000-7f43239e7000 r-xp 00000000 08:02 529258                     /lib/x86_64-linux-gnu/libnsl-2.27.so
7f43239e7000-7f4323be6000 ---p 00017000 08:02 529258                     /lib/x86_64-linux-gnu/libnsl-2.27.so
7f4323be6000-7f4323be7000 r--p 00016000 08:02 529258                     /lib/x86_64-linux-gnu/libnsl-2.27.so
7f4323be7000-7f4323be8000 rw-p 00017000 08:02 529258                     /lib/x86_64-linux-gnu/libnsl-2.27.so
7f4323be8000-7f4323bea000 rw-p 00000000 00:00 0 
7f4323bea000-7f4323bf5000 r-xp 00000000 08:02 529275                     /lib/x86_64-linux-gnu/libnss_nis-2.27.so
7f4323bf5000-7f4323df4000 ---p 0000b000 08:02 529275                     /lib/x86_64-linux-gnu/libnss_nis-2.27.so
7f4323df4000-7f4323df5000 r--p 0000a000 08:02 529275                     /lib/x86_64-linux-gnu/libnss_nis-2.27.so
7f4323df5000-7f4323df6000 rw-p 0000b000 08:02 529275                     /lib/x86_64-linux-gnu/libnss_nis-2.27.so
7f4323df6000-7f4323dfe000 r-xp 00000000 08:02 529260                     /lib/x86_64-linux-gnu/libnss_compat-2.27.so
7f4323dfe000-7f4323ffe000 ---p 00008000 08:02 529260                     /lib/x86_64-linux-gnu/libnss_compat-2.27.so
7f4323ffe000-7f4323fff000 r--p 00008000 08:02 529260                     /lib/x86_64-linux-gnu/libnss_compat-2.27.so
7f4323fff000-7f4324000000 rw-p 00009000 08:02 529260                     /lib/x86_64-linux-gnu/libnss_compat-2.27.so
7f4324000000-7f4324eb1000 rw-p 00000000 00:00 0 
7f4324eb1000-7f4328000000 ---p 00000000 00:00 0 
7f4328000000-7f4328001000 r--s 00000000 08:02 3018343                    /home/balazs/.m2/repository/org/springframework/boot/spring-boot-starter-logging/2.1.5.RELEASE/spring-boot-starter-logging-2.1.5.RELEASE.jar
7f4328001000-7f4328002000 r--s 00000000 08:02 4195940                    /home/balazs/.m2/repository/org/springframework/boot/spring-boot-starter/2.1.5.RELEASE/spring-boot-starter-2.1.5.RELEASE.jar
7f4328002000-7f4328003000 r--s 00000000 08:02 2495835                    /home/balazs/.m2/repository/org/springframework/boot/spring-boot-starter-web/2.1.5.RELEASE/spring-boot-starter-web-2.1.5.RELEASE.jar
7f4328003000-7f4328016000 r--s 000d6000 08:02 926147                     /usr/lib/jvm/java-8-oracle/jre/lib/plugin.jar
7f4328016000-7f4328017000 r--s 00000000 08:02 926129                     /usr/lib/jvm/java-8-oracle/jre/lib/management-agent.jar
7f4328017000-7f432801c000 r--s 000a0000 08:02 926901                     /usr/lib/jvm/java-8-oracle/jre/lib/jsse.jar
7f432801c000-7f4328021000 r--s 00084000 08:02 926122                     /usr/lib/jvm/java-8-oracle/jre/lib/jfr.jar
7f4328021000-7f4328097000 rw-p 00000000 00:00 0 
7f4328097000-7f43280a1000 r-xp 00000000 08:02 1055207                    /usr/lib/jvm/java-8-oracle/jre/lib/amd64/libinstrument.so
7f43280a1000-7f43282a0000 ---p 0000a000 08:02 1055207                    /usr/lib/jvm/java-8-oracle/jre/lib/amd64/libinstrument.so
7f43282a0000-7f43282a1000 r--p 00009000 08:02 1055207                    /usr/lib/jvm/java-8-oracle/jre/lib/amd64/libinstrument.so
7f43282a1000-7f43282a2000 rw-p 0000a000 08:02 1055207                    /usr/lib/jvm/java-8-oracle/jre/lib/amd64/libinstrument.so
7f43282a2000-7f43282cf000 r-xp 00000000 08:02 1054430                    /usr/lib/jvm/java-8-oracle/jre/lib/amd64/libjava.so
7f43282cf000-7f43284ce000 ---p 0002d000 08:02 1054430                    /usr/lib/jvm/java-8-oracle/jre/lib/amd64/libjava.so
7f43284ce000-7f43284cf000 r--p 0002c000 08:02 1054430                    /usr/lib/jvm/java-8-oracle/jre/lib/amd64/libjava.so
7f43284cf000-7f43284d1000 rw-p 0002d000 08:02 1054430                    /usr/lib/jvm/java-8-oracle/jre/lib/amd64/libjava.so
7f43284d1000-7f43284de000 r-xp 00000000 08:02 1055197                    /usr/lib/jvm/java-8-oracle/jre/lib/amd64/libverify.so
7f43284de000-7f43286dd000 ---p 0000d000 08:02 1055197                    /usr/lib/jvm/java-8-oracle/jre/lib/amd64/libverify.so
7f43286dd000-7f43286df000 r--p 0000c000 08:02 1055197                    /usr/lib/jvm/java-8-oracle/jre/lib/amd64/libverify.so
7f43286df000-7f43286e0000 rw-p 0000e000 08:02 1055197                    /usr/lib/jvm/java-8-oracle/jre/lib/amd64/libverify.so
7f43286e0000-7f43286e7000 r-xp 00000000 08:02 529315                     /lib/x86_64-linux-gnu/librt-2.27.so
7f43286e7000-7f43288e6000 ---p 00007000 08:02 529315                     /lib/x86_64-linux-gnu/librt-2.27.so
7f43288e6000-7f43288e7000 r--p 00006000 08:02 529315                     /lib/x86_64-linux-gnu/librt-2.27.so
7f43288e7000-7f43288e8000 rw-p 00007000 08:02 529315                     /lib/x86_64-linux-gnu/librt-2.27.so
7f43288e8000-7f4328a85000 r-xp 00000000 08:02 529237                     /lib/x86_64-linux-gnu/libm-2.27.so
7f4328a85000-7f4328c84000 ---p 0019d000 08:02 529237                     /lib/x86_64-linux-gnu/libm-2.27.so
7f4328c84000-7f4328c85000 r--p 0019c000 08:02 529237                     /lib/x86_64-linux-gnu/libm-2.27.so
7f4328c85000-7f4328c86000 rw-p 0019d000 08:02 529237                     /lib/x86_64-linux-gnu/libm-2.27.so
7f4328c86000-7f4329968000 r-xp 00000000 08:02 1054293                    /usr/lib/jvm/java-8-oracle/jre/lib/amd64/server/libjvm.so
7f4329968000-7f4329b68000 ---p 00ce2000 08:02 1054293                    /usr/lib/jvm/java-8-oracle/jre/lib/amd64/server/libjvm.so
7f4329b68000-7f4329bfe000 r--p 00ce2000 08:02 1054293                    /usr/lib/jvm/java-8-oracle/jre/lib/amd64/server/libjvm.so
7f4329bfe000-7f4329c2f000 rw-p 00d78000 08:02 1054293                    /usr/lib/jvm/java-8-oracle/jre/lib/amd64/server/libjvm.so
7f4329c2f000-7f4329c6a000 rw-p 00000000 00:00 0 
7f4329c6a000-7f4329e51000 r-xp 00000000 08:02 529174                     /lib/x86_64-linux-gnu/libc-2.27.so
7f4329e51000-7f432a051000 ---p 001e7000 08:02 529174                     /lib/x86_64-linux-gnu/libc-2.27.so
7f432a051000-7f432a055000 r--p 001e7000 08:02 529174                     /lib/x86_64-linux-gnu/libc-2.27.so
7f432a055000-7f432a057000 rw-p 001eb000 08:02 529174                     /lib/x86_64-linux-gnu/libc-2.27.so
7f432a057000-7f432a05b000 rw-p 00000000 00:00 0 
7f432a05b000-7f432a05e000 r-xp 00000000 08:02 529197                     /lib/x86_64-linux-gnu/libdl-2.27.so
7f432a05e000-7f432a25d000 ---p 00003000 08:02 529197                     /lib/x86_64-linux-gnu/libdl-2.27.so
7f432a25d000-7f432a25e000 r--p 00002000 08:02 529197                     /lib/x86_64-linux-gnu/libdl-2.27.so
7f432a25e000-7f432a25f000 rw-p 00003000 08:02 529197                     /lib/x86_64-linux-gnu/libdl-2.27.so
7f432a25f000-7f432a276000 r-xp 00000000 08:02 924385                     /usr/lib/jvm/java-8-oracle/lib/amd64/jli/libjli.so
7f432a276000-7f432a475000 ---p 00017000 08:02 924385                     /usr/lib/jvm/java-8-oracle/lib/amd64/jli/libjli.so
7f432a475000-7f432a476000 r--p 00016000 08:02 924385                     /usr/lib/jvm/java-8-oracle/lib/amd64/jli/libjli.so
7f432a476000-7f432a477000 rw-p 00017000 08:02 924385                     /usr/lib/jvm/java-8-oracle/lib/amd64/jli/libjli.so
7f432a477000-7f432a491000 r-xp 00000000 08:02 529307                     /lib/x86_64-linux-gnu/libpthread-2.27.so
7f432a491000-7f432a690000 ---p 0001a000 08:02 529307                     /lib/x86_64-linux-gnu/libpthread-2.27.so
7f432a690000-7f432a691000 r--p 00019000 08:02 529307                     /lib/x86_64-linux-gnu/libpthread-2.27.so
7f432a691000-7f432a692000 rw-p 0001a000 08:02 529307                     /lib/x86_64-linux-gnu/libpthread-2.27.so
7f432a692000-7f432a696000 rw-p 00000000 00:00 0 
7f432a696000-7f432a6bd000 r-xp 00000000 08:02 529146                     /lib/x86_64-linux-gnu/ld-2.27.so
7f432a6bd000-7f432a6c0000 r--s 0001a000 08:02 926926                     /usr/lib/jvm/java-8-oracle/jre/lib/jce.jar
7f432a6c0000-7f432a6db000 r--s 0020c000 08:02 926123                     /usr/lib/jvm/java-8-oracle/jre/lib/deploy.jar
7f432a6db000-7f432a798000 rw-p 00000000 00:00 0 
7f432a798000-7f432a799000 ---p 00000000 00:00 0 
7f432a799000-7f432a79c000 ---p 00000000 00:00 0 
7f432a79c000-7f432a89d000 rw-p 00000000 00:00 0 
7f432a89d000-7f432a89f000 r--s 00007000 08:02 926928                     /usr/lib/jvm/java-8-oracle/jre/lib/jfxswt.jar
7f432a89f000-7f432a8a9000 r--s 0006e000 08:02 926132                     /usr/lib/jvm/java-8-oracle/jre/lib/javaws.jar
7f432a8a9000-7f432a8ae000 r--s 002f9000 08:02 926842                     /usr/lib/jvm/java-8-oracle/jre/lib/charsets.jar
7f432a8ae000-7f432a8b6000 rw-s 00000000 08:02 4981043                    /tmp/hsperfdata_balazs/6065
7f432a8b6000-7f432a8b7000 rw-p 00000000 00:00 0 
7f432a8b7000-7f432a8b8000 ---p 00000000 00:00 0 
7f432a8b8000-7f432a8bb000 r--p 00000000 00:00 0                          [vvar]
7f432a8bb000-7f432a8bd000 r-xp 00000000 00:00 0                          [vdso]
7f432a8bd000-7f432a8be000 r--p 00027000 08:02 529146                     /lib/x86_64-linux-gnu/ld-2.27.so
7f432a8be000-7f432a8bf000 rw-p 00028000 08:02 529146                     /lib/x86_64-linux-gnu/ld-2.27.so
7f432a8bf000-7f432a8c0000 rw-p 00000000 00:00 0 
7ffda5d90000-7ffda5db5000 rw-p 00000000 00:00 0                          [stack]
ffffffffff600000-ffffffffff601000 r-xp 00000000 00:00 0                  [vsyscall]

VM Arguments:
jvm_args: -XX:TieredStopAtLevel=1 -Xverify:none -Dspring.output.ansi.enabled=always -Dcom.sun.management.jmxremote -Dcom.sun.management.jmxremote.port=33075 -Dcom.sun.management.jmxremote.authenticate=false -Dcom.sun.management.jmxremote.ssl=false -Djava.rmi.server.hostname=localhost -Dspring.liveBeansView.mbeanDomain -Dspring.application.admin.enabled=true -javaagent:/home/balazs/Downloads/idea-IU-183.4886.37/lib/idea_rt.jar=44665:/home/balazs/Downloads/idea-IU-183.4886.37/bin -Dfile.encoding=UTF-8 
java_command: com.codecool.mainservice.MainServiceApplication
java_class_path (initial): /usr/lib/jvm/java-8-oracle/jre/lib/charsets.jar:/usr/lib/jvm/java-8-oracle/jre/lib/deploy.jar:/usr/lib/jvm/java-8-oracle/jre/lib/ext/cldrdata.jar:/usr/lib/jvm/java-8-oracle/jre/lib/ext/dnsns.jar:/usr/lib/jvm/java-8-oracle/jre/lib/ext/jaccess.jar:/usr/lib/jvm/java-8-oracle/jre/lib/ext/jfxrt.jar:/usr/lib/jvm/java-8-oracle/jre/lib/ext/localedata.jar:/usr/lib/jvm/java-8-oracle/jre/lib/ext/nashorn.jar:/usr/lib/jvm/java-8-oracle/jre/lib/ext/sunec.jar:/usr/lib/jvm/java-8-oracle/jre/lib/ext/sunjce_provider.jar:/usr/lib/jvm/java-8-oracle/jre/lib/ext/sunpkcs11.jar:/usr/lib/jvm/java-8-oracle/jre/lib/ext/zipfs.jar:/usr/lib/jvm/java-8-oracle/jre/lib/javaws.jar:/usr/lib/jvm/java-8-oracle/jre/lib/jce.jar:/usr/lib/jvm/java-8-oracle/jre/lib/jfr.jar:/usr/lib/jvm/java-8-oracle/jre/lib/jfxswt.jar:/usr/lib/jvm/java-8-oracle/jre/lib/jsse.jar:/usr/lib/jvm/java-8-oracle/jre/lib/management-agent.jar:/usr/lib/jvm/java-8-oracle/jre/lib/plugin.jar:/usr/lib/jvm/java-8-oracle/jre/lib/resources.jar:/usr/lib/jvm/java-8-oracle/jre/lib/rt.jar:/home/balazs/codecool/java/0Enterprise/gamebook/main-service/target/classes:/home/balazs/.m2/repository/javax/xml/bind/jaxb-api/2.3.0/jaxb-api-2.3.0.jar:/home/balazs/.m2/repository/org/springframework/boot/spring-boot-starter-web/2.1.5.RELEASE/spring-boot-starter-web-2.1.5.RELEASE.jar:/home/balazs/.m2/repository/org/springframework/boot/spring-boot-starter/2.1.5.RELEASE/spring-boot-starter-2.1.5.RELEASE.jar:/home/balazs/.m2/repository/org/springframework/boot/spring-boot-starter-logging/2.1.5.RELEASE/spring-boot-starter-logging-2.1.5.RELEASE.jar:/home/balazs/.m2/repository/ch/qos/logback/logback-classic/1.2.3/logback-classic-1.2.3.jar:/home/balazs/.m2/repository/ch/qos/logback/logback-core/1.2.3/logback-core-1.2.3.jar:/home/balazs/.m2/repository/org/apache/logging/log4j/log4j-to-slf4j/2.11.2/log4j-to-slf4j-2.11.2.jar:/home/balazs/.m2/repository/org/apache/logging/log4j/log4j-api/2.11.2/log4j-api-2.11.2.jar:/home/balazs/.m2/repositor
Launcher Type: SUN_STANDARD

Environment Variables:
JAVA_HOME=/usr/lib/jvm/java-8-oracle
PATH=/home/balazs/.local/bin:/usr/local/sbin:/usr/local/bin:/usr/sbin:/usr/bin:/sbin:/bin:/usr/games:/usr/local/games:/snap/bin:/usr/lib/jvm/java-8-oracle/bin:/usr/lib/jvm/java-8-oracle/db/bin:/usr/lib/jvm/java-8-oracle/jre/bin
USERNAME=balazs
SHELL=/bin/bash
DISPLAY=:0

Signal Handlers:
SIGSEGV: [libjvm.so+0xaced60], sa_mask[0]=11111111011111111101111111111110, sa_flags=SA_RESTART|SA_SIGINFO
SIGBUS: [libjvm.so+0xaced60], sa_mask[0]=11111111011111111101111111111110, sa_flags=SA_RESTART|SA_SIGINFO
SIGFPE: [libjvm.so+0x907ca0], sa_mask[0]=11111111011111111101111111111110, sa_flags=SA_RESTART|SA_SIGINFO
SIGPIPE: [libjvm.so+0x907ca0], sa_mask[0]=11111111011111111101111111111110, sa_flags=SA_RESTART|SA_SIGINFO
SIGXFSZ: [libjvm.so+0x907ca0], sa_mask[0]=11111111011111111101111111111110, sa_flags=SA_RESTART|SA_SIGINFO
SIGILL: [libjvm.so+0x907ca0], sa_mask[0]=11111111011111111101111111111110, sa_flags=SA_RESTART|SA_SIGINFO
SIGUSR1: SIG_DFL, sa_mask[0]=00000000000000000000000000000000, sa_flags=none
SIGUSR2: [libjvm.so+0x907b70], sa_mask[0]=00100000000000000000000000000000, sa_flags=SA_RESTART|SA_SIGINFO
SIGHUP: [libjvm.so+0x908190], sa_mask[0]=11111111011111111101111111111110, sa_flags=SA_RESTART|SA_SIGINFO
SIGINT: [libjvm.so+0x908190], sa_mask[0]=11111111011111111101111111111110, sa_flags=SA_RESTART|SA_SIGINFO
SIGTERM: [libjvm.so+0x908190], sa_mask[0]=11111111011111111101111111111110, sa_flags=SA_RESTART|SA_SIGINFO
SIGQUIT: [libjvm.so+0x908190], sa_mask[0]=11111111011111111101111111111110, sa_flags=SA_RESTART|SA_SIGINFO


---------------  S Y S T E M  ---------------

OS:DISTRIB_ID=Ubuntu
DISTRIB_RELEASE=18.04
DISTRIB_CODENAME=bionic
DISTRIB_DESCRIPTION="Ubuntu 18.04.1 LTS"

uname:Linux 4.15.0-50-generic #54-Ubuntu SMP Mon May 6 18:46:08 UTC 2019 x86_64
libc:glibc 2.27 NPTL 2.27 
rlimit: STACK 8192k, CORE 0k, NPROC 13868, NOFILE 1048576, AS infinity
load average:45,01 20,98 15,34

/proc/meminfo:
MemTotal:        3817088 kB
MemFree:           92216 kB
MemAvailable:       7340 kB
Buffers:             948 kB
Cached:           336932 kB
SwapCached:          288 kB
Active:          2846644 kB
Inactive:         597264 kB
Active(anon):    2837864 kB
Inactive(anon):   567668 kB
Active(file):       8780 kB
Inactive(file):    29596 kB
Unevictable:          64 kB
Mlocked:              64 kB
SwapTotal:       2097148 kB
SwapFree:              0 kB
Dirty:               252 kB
Writeback:           848 kB
AnonPages:       3106396 kB
Mapped:            24968 kB
Shmem:            298916 kB
Slab:             108668 kB
SReclaimable:      39980 kB
SUnreclaim:        68688 kB
KernelStack:       16544 kB
PageTables:        68000 kB
NFS_Unstable:          0 kB
Bounce:                0 kB
WritebackTmp:          0 kB
CommitLimit:     4005692 kB
Committed_AS:   11414684 kB
VmallocTotal:   34359738367 kB
VmallocUsed:           0 kB
VmallocChunk:          0 kB
HardwareCorrupted:     0 kB
AnonHugePages:         0 kB
ShmemHugePages:        0 kB
ShmemPmdMapped:        0 kB
CmaTotal:              0 kB
CmaFree:               0 kB
HugePages_Total:       0
HugePages_Free:        0
HugePages_Rsvd:        0
HugePages_Surp:        0
Hugepagesize:       2048 kB
DirectMap4k:      247412 kB
DirectMap2M:     3723264 kB
DirectMap1G:     1048576 kB

container (cgroup) information:
container_type: cgroupv1
cpu_cpuset_cpus: 0-3
cpu_memory_nodes: 0
active_processor_count: 4
cpu_quota: -1
cpu_period: 100000
cpu_shares: -1
memory_limit_in_bytes: -1
memory_and_swap_limit_in_bytes: -2
memory_soft_limit_in_bytes: -1
memory_usage_in_bytes: 3508994048
memory_max_usage_in_bytes: 1994752


CPU:total 4 (initial active 4) (2 cores per cpu, 2 threads per core) family 6 model 142 stepping 9, cmov, cx8, fxsr, mmx, sse, sse2, sse3, ssse3, sse4.1, sse4.2, popcnt, avx, avx2, aes, clmul, erms, 3dnowpref, lzcnt, ht, tsc, tscinvbit, bmi1, bmi2, adx

/proc/cpuinfo:
processor	: 0
vendor_id	: GenuineIntel
cpu family	: 6
model		: 142
model name	: Intel(R) Core(TM) i5-7200U CPU @ 2.50GHz
stepping	: 9
microcode	: 0xb4
cpu MHz		: 3099.996
cache size	: 3072 KB
physical id	: 0
siblings	: 4
core id		: 0
cpu cores	: 2
apicid		: 0
initial apicid	: 0
fpu		: yes
fpu_exception	: yes
cpuid level	: 22
wp		: yes
flags		: fpu vme de pse tsc msr pae mce cx8 apic sep mtrr pge mca cmov pat pse36 clflush dts acpi mmx fxsr sse sse2 ss ht tm pbe syscall nx pdpe1gb rdtscp lm constant_tsc art arch_perfmon pebs bts rep_good nopl xtopology nonstop_tsc cpuid aperfmperf tsc_known_freq pni pclmulqdq dtes64 monitor ds_cpl vmx est tm2 ssse3 sdbg fma cx16 xtpr pdcm pcid sse4_1 sse4_2 x2apic movbe popcnt tsc_deadline_timer aes xsave avx f16c rdrand lahf_lm abm 3dnowprefetch cpuid_fault invpcid_single pti ssbd ibrs ibpb stibp tpr_shadow vnmi flexpriority ept vpid fsgsbase tsc_adjust bmi1 avx2 smep bmi2 erms invpcid mpx rdseed adx smap clflushopt intel_pt xsaveopt xsavec xgetbv1 xsaves dtherm ida arat pln pts hwp hwp_notify hwp_act_window hwp_epp md_clear flush_l1d
bugs		: cpu_meltdown spectre_v1 spectre_v2 spec_store_bypass l1tf mds
bogomips	: 5424.00
clflush size	: 64
cache_alignment	: 64
address sizes	: 39 bits physical, 48 bits virtual
power management:

processor	: 1
vendor_id	: GenuineIntel
cpu family	: 6
model		: 142
model name	: Intel(R) Core(TM) i5-7200U CPU @ 2.50GHz
stepping	: 9
microcode	: 0xb4
cpu MHz		: 3099.974
cache size	: 3072 KB
physical id	: 0
siblings	: 4
core id		: 1
cpu cores	: 2
apicid		: 2
initial apicid	: 2
fpu		: yes
fpu_exception	: yes
cpuid level	: 22
wp		: yes
flags		: fpu vme de pse tsc msr pae mce cx8 apic sep mtrr pge mca cmov pat pse36 clflush dts acpi mmx fxsr sse sse2 ss ht tm pbe syscall nx pdpe1gb rdtscp lm constant_tsc art arch_perfmon pebs bts rep_good nopl xtopology nonstop_tsc cpuid aperfmperf tsc_known_freq pni pclmulqdq dtes64 monitor ds_cpl vmx est tm2 ssse3 sdbg fma cx16 xtpr pdcm pcid sse4_1 sse4_2 x2apic movbe popcnt tsc_deadline_timer aes xsave avx f16c rdrand lahf_lm abm 3dnowprefetch cpuid_fault invpcid_single pti ssbd ibrs ibpb stibp tpr_shadow vnmi flexpriority ept vpid fsgsbase tsc_adjust bmi1 avx2 smep bmi2 erms invpcid mpx rdseed adx smap clflushopt intel_pt xsaveopt xsavec xgetbv1 xsaves dtherm ida arat pln pts hwp hwp_notify hwp_act_window hwp_epp md_clear flush_l1d
bugs		: cpu_meltdown spectre_v1 spectre_v2 spec_store_bypass l1tf mds
bogomips	: 5424.00
clflush size	: 64
cache_alignment	: 64
address sizes	: 39 bits physical, 48 bits virtual
power management:

processor	: 2
vendor_id	: GenuineIntel
cpu family	: 6
model		: 142
model name	: Intel(R) Core(TM) i5-7200U CPU @ 2.50GHz
stepping	: 9
microcode	: 0xb4
cpu MHz		: 3099.975
cache size	: 3072 KB
physical id	: 0
siblings	: 4
core id		: 0
cpu cores	: 2
apicid		: 1
initial apicid	: 1
fpu		: yes
fpu_exception	: yes
cpuid level	: 22
wp		: yes
flags		: fpu vme de pse tsc msr pae mce cx8 apic sep mtrr pge mca cmov pat pse36 clflush dts acpi mmx fxsr sse sse2 ss ht tm pbe syscall nx pdpe1gb rdtscp lm constant_tsc art arch_perfmon pebs bts rep_good nopl xtopology nonstop_tsc cpuid aperfmperf tsc_known_freq pni pclmulqdq dtes64 monitor ds_cpl vmx est tm2 ssse3 sdbg fma cx16 xtpr pdcm pcid sse4_1 sse4_2 x2apic movbe popcnt tsc_deadline_timer aes xsave avx f16c rdrand lahf_lm abm 3dnowprefetch cpuid_fault invpcid_single pti ssbd ibrs ibpb stibp tpr_shadow vnmi flexpriority ept vpid fsgsbase tsc_adjust bmi1 avx2 smep bmi2 erms invpcid mpx rdseed adx smap clflushopt intel_pt xsaveopt xsavec xgetbv1 xsaves dtherm ida arat pln pts hwp hwp_notify hwp_act_window hwp_epp md_clear flush_l1d
bugs		: cpu_meltdown spectre_v1 spectre_v2 spec_store_bypass l1tf mds
bogomips	: 5424.00
clflush size	: 64
cache_alignment	: 64
address sizes	: 39 bits physical, 48 bits virtual
power management:

processor	: 3
vendor_id	: GenuineIntel
cpu family	: 6
model		: 142
model name	: Intel(R) Core(TM) i5-7200U CPU @ 2.50GHz
stepping	: 9
microcode	: 0xb4
cpu MHz		: 3100.210
cache size	: 3072 KB
physical id	: 0
siblings	: 4
core id		: 1
cpu cores	: 2
apicid		: 3
initial apicid	: 3
fpu		: yes
fpu_exception	: yes
cpuid level	: 22
wp		: yes
flags		: fpu vme de pse tsc msr pae mce cx8 apic sep mtrr pge mca cmov pat pse36 clflush dts acpi mmx fxsr sse sse2 ss ht tm pbe syscall nx pdpe1gb rdtscp lm constant_tsc art arch_perfmon pebs bts rep_good nopl xtopology nonstop_tsc cpuid aperfmperf tsc_known_freq pni pclmulqdq dtes64 monitor ds_cpl vmx est tm2 ssse3 sdbg fma cx16 xtpr pdcm pcid sse4_1 sse4_2 x2apic movbe popcnt tsc_deadline_timer aes xsave avx f16c rdrand lahf_lm abm 3dnowprefetch cpuid_fault invpcid_single pti ssbd ibrs ibpb stibp tpr_shadow vnmi flexpriority ept vpid fsgsbase tsc_adjust bmi1 avx2 smep bmi2 erms invpcid mpx rdseed adx smap clflushopt intel_pt xsaveopt xsavec xgetbv1 xsaves dtherm ida arat pln pts hwp hwp_notify hwp_act_window hwp_epp md_clear flush_l1d
bugs		: cpu_meltdown spectre_v1 spectre_v2 spec_store_bypass l1tf mds
bogomips	: 5424.00
clflush size	: 64
cache_alignment	: 64
address sizes	: 39 bits physical, 48 bits virtual
power management:



Memory: 4k page, physical 3817088k(108624k free), swap 2097148k(4k free)

vm_info: Java HotSpot(TM) 64-Bit Server VM (25.191-b12) for linux-amd64 JRE (1.8.0_191-b12), built on Oct  6 2018 05:43:09 by "java_re" with gcc 7.3.0

time: Wed Jun  5 20:23:51 2019
elapsed time: 46 seconds (0d 0h 0m 46s)

